#
# There is insufficient memory for the Java Runtime Environment to continue.
# Native memory allocation (mmap) failed to map 126877696 bytes for G1 virtual space
# Possible reasons:
#   The system is out of physical RAM or swap space
#   The process is running with CompressedOops enabled, and the Java Heap may be blocking the growth of the native heap
# Possible solutions:
#   Reduce memory load on the system
#   Increase physical memory or swap space
#   Check if swap backing store is full
#   Decrease Java heap size (-Xmx/-Xms)
#   Decrease number of Java threads
#   Decrease Java thread stack sizes (-Xss)
#   Set larger code cache with -XX:ReservedCodeCacheSize=
#   JVM is running with Unscaled Compressed Oops mode in which the Java heap is
#     placed in the first 4GB address space. The Java Heap base address is the
#     maximum limit for the native heap growth. Please use -XX:HeapBaseMinAddress
#     to set the Java Heap base and to place the Java Heap above 4GB virtual address.
# This output file may be truncated or incomplete.
#
#  Out of Memory Error (os_windows.cpp:3769), pid=11008, tid=9572
#
# JRE version: OpenJDK Runtime Environment (17.0.6) (build 17.0.6+0-b2043.56-10027231)
# Java VM: OpenJDK 64-Bit Server VM (17.0.6+0-b2043.56-10027231, mixed mode, tiered, compressed oops, compressed class ptrs, g1 gc, windows-amd64)
# No core dump will be written. Minidumps are not enabled by default on client versions of Windows
#

---------------  S U M M A R Y ------------

Command Line: --add-opens=java.base/java.util=ALL-UNNAMED --add-opens=java.base/java.lang=ALL-UNNAMED --add-opens=java.base/java.lang.invoke=ALL-UNNAMED --add-opens=java.prefs/java.util.prefs=ALL-UNNAMED --add-opens=java.base/java.nio.charset=ALL-UNNAMED --add-opens=java.base/java.net=ALL-UNNAMED --add-opens=java.base/java.util.concurrent.atomic=ALL-UNNAMED -Xmx2048m -Dfile.encoding=UTF-8 -Duser.country=US -Duser.language=en -Duser.variant org.gradle.launcher.daemon.bootstrap.GradleDaemon 8.0

Host: Intel(R) Core(TM) i5-8265U CPU @ 1.60GHz, 8 cores, 7G,  Windows 10 , 64 bit Build 19041 (10.0.19041.3636)
Time: Mon Apr  1 19:47:10 2024 SE Asia Standard Time elapsed time: 22.837670 seconds (0d 0h 0m 22s)

---------------  T H R E A D  ---------------

Current thread (0x00000299d6c1f410):  VMThread "VM Thread" [stack: 0x000000d0ef900000,0x000000d0efa00000] [id=9572]

Stack: [0x000000d0ef900000,0x000000d0efa00000]
Native frames: (J=compiled Java code, j=interpreted, Vv=VM code, C=native code)
V  [jvm.dll+0x683c9a]
V  [jvm.dll+0x8427a4]
V  [jvm.dll+0x843f9e]
V  [jvm.dll+0x844603]
V  [jvm.dll+0x249b75]
V  [jvm.dll+0x680b69]
V  [jvm.dll+0x67505a]
V  [jvm.dll+0x309acb]
V  [jvm.dll+0x310f86]
V  [jvm.dll+0x3608ee]
V  [jvm.dll+0x360b1f]
V  [jvm.dll+0x2dfbf8]
V  [jvm.dll+0x2ddec4]
V  [jvm.dll+0x2dd4cc]
V  [jvm.dll+0x321f3b]
V  [jvm.dll+0x848ccb]
V  [jvm.dll+0x849a04]
V  [jvm.dll+0x849f1d]
V  [jvm.dll+0x84a2f4]
V  [jvm.dll+0x84a3c0]
V  [jvm.dll+0x7f274a]
V  [jvm.dll+0x682ad5]
C  [ucrtbase.dll+0x21bb2]
C  [KERNEL32.DLL+0x17344]
C  [ntdll.dll+0x526b1]

VM_Operation (0x000000d0f8bf88c0): G1CollectForAllocation, mode: safepoint, requested by thread 0x00000299e421e9f0


---------------  P R O C E S S  ---------------

Threads class SMR info:
_java_thread_list=0x00000299dd2bc100, length=146, elements={
0x00000299ba530d60, 0x00000299d63640d0, 0x00000299d6364e50, 0x00000299d636e630,
0x00000299d6c51140, 0x00000299d6c53e10, 0x00000299d6c546d0, 0x00000299d6c552c0,
0x00000299d6c590c0, 0x00000299d6c639e0, 0x00000299d6ddad40, 0x00000299d6dddcb0,
0x00000299da0b3a50, 0x00000299d9d89ab0, 0x00000299d8230e00, 0x00000299d8791030,
0x00000299d7fed4e0, 0x00000299d7e16a40, 0x00000299da201f70, 0x00000299d9f8a030,
0x00000299d9f879b0, 0x00000299d9f89b60, 0x00000299d9f89690, 0x00000299d9f87010,
0x00000299d9f88350, 0x00000299d9f88820, 0x00000299d9f8a9d0, 0x00000299d9f874e0,
0x00000299d9f87e80, 0x00000299d9f891c0, 0x00000299d9f8a500, 0x00000299db92a600,
0x00000299db92e490, 0x00000299db92daf0, 0x00000299db92c7b0, 0x00000299db92ee30,
0x00000299db92d620, 0x00000299db92fca0, 0x00000299db92afa0, 0x00000299db92e960,
0x00000299db92b470, 0x00000299db92c2e0, 0x00000299db92cc80, 0x00000299db92d150,
0x00000299db92dfc0, 0x00000299db929790, 0x00000299d7e76510, 0x00000299d7e7a870,
0x00000299d7e781f0, 0x00000299d7e79060, 0x00000299d7e786c0, 0x00000299d7e7ad40,
0x00000299d7e7b6e0, 0x00000299d7e7b210, 0x00000299d7e769e0, 0x00000299d7e7ca20,
0x00000299d7e7bbb0, 0x00000299d7e7c080, 0x00000299d7e7c550, 0x00000299d7e751d0,
0x00000299d7e79530, 0x00000299d7e756a0, 0x00000299d7e75b70, 0x00000299d7e76040,
0x00000299d7e76eb0, 0x00000299d7e77380, 0x00000299d7e77850, 0x00000299d7e79a00,
0x00000299d7e77d20, 0x00000299d7e78b90, 0x00000299d7e79ed0, 0x00000299d7e7a3a0,
0x00000299d7a81850, 0x00000299d7a85bb0, 0x00000299d7a86550, 0x00000299d7a86080,
0x00000299d7a84d40, 0x00000299d7a80510, 0x00000299d7a83530, 0x00000299d7a84870,
0x00000299d7a873c0, 0x00000299d7a85210, 0x00000299d7a826c0, 0x00000299d7a843a0,
0x00000299d7a83060, 0x00000299d7a82b90, 0x00000299d7a856e0, 0x00000299d7a809e0,
0x00000299d7a80eb0, 0x00000299d7a86a20, 0x00000299d7a86ef0, 0x00000299d7a81380,
0x00000299d7a81d20, 0x00000299d7a87890, 0x00000299d7a80040, 0x00000299d7a821f0,
0x00000299d7a83a00, 0x00000299d7a83ed0, 0x00000299d8880e90, 0x00000299d8882b70,
0x00000299d8881360, 0x00000299d8880020, 0x00000299d887f680, 0x00000299d88821d0,
0x00000299d88826a0, 0x00000299d8881830, 0x00000299d8881d00, 0x00000299d88804f0,
0x00000299d88809c0, 0x00000299d8883040, 0x00000299d887fb50, 0x00000299dbe1de80,
0x00000299dbe1f1c0, 0x00000299dbe1e350, 0x00000299dbe19b20, 0x00000299dbe1c670,
0x00000299dbe17970, 0x00000299dbe19ff0, 0x00000299dbe19180, 0x00000299dbe1a4c0,
0x00000299dbe1a990, 0x00000299dbe17e40, 0x00000299dbe1ae60, 0x00000299dbe18cb0,
0x00000299dbe1d9b0, 0x00000299dbe1b330, 0x00000299dbe1ecf0, 0x00000299dbe1d4e0,
0x00000299dbe19650, 0x00000299dbe1e820, 0x00000299e421d1e0, 0x00000299e421e520,
0x00000299e421eec0, 0x00000299e421e9f0, 0x00000299e421f390, 0x00000299dbf2d7f0,
0x00000299dbf2d320, 0x00000299e421d6b0, 0x00000299e421b030, 0x00000299e421c840,
0x00000299e421a690, 0x00000299e421a1c0, 0x00000299e421b9d0, 0x00000299e42184e0,
0x00000299da2baab0, 0x00000299da2b9160
}

Java Threads: ( => current thread )
  0x00000299ba530d60 JavaThread "main" [_thread_blocked, id=2316, stack(0x000000d0ef300000,0x000000d0ef400000)]
  0x00000299d63640d0 JavaThread "Reference Handler" daemon [_thread_blocked, id=10624, stack(0x000000d0efa00000,0x000000d0efb00000)]
  0x00000299d6364e50 JavaThread "Finalizer" daemon [_thread_blocked, id=12552, stack(0x000000d0efb00000,0x000000d0efc00000)]
  0x00000299d636e630 JavaThread "Signal Dispatcher" daemon [_thread_blocked, id=9104, stack(0x000000d0efc00000,0x000000d0efd00000)]
  0x00000299d6c51140 JavaThread "Attach Listener" daemon [_thread_blocked, id=8128, stack(0x000000d0efd00000,0x000000d0efe00000)]
  0x00000299d6c53e10 JavaThread "Service Thread" daemon [_thread_blocked, id=6608, stack(0x000000d0efe00000,0x000000d0eff00000)]
  0x00000299d6c546d0 JavaThread "Monitor Deflation Thread" daemon [_thread_blocked, id=12016, stack(0x000000d0eff00000,0x000000d0f0000000)]
  0x00000299d6c552c0 JavaThread "C2 CompilerThread0" daemon [_thread_in_native, id=5148, stack(0x000000d0f0000000,0x000000d0f0100000)]
  0x00000299d6c590c0 JavaThread "C1 CompilerThread0" daemon [_thread_blocked, id=6868, stack(0x000000d0f0100000,0x000000d0f0200000)]
  0x00000299d6c639e0 JavaThread "Sweeper thread" daemon [_thread_blocked, id=9560, stack(0x000000d0f0200000,0x000000d0f0300000)]
  0x00000299d6ddad40 JavaThread "Common-Cleaner" daemon [_thread_blocked, id=8952, stack(0x000000d0f0300000,0x000000d0f0400000)]
  0x00000299d6dddcb0 JavaThread "Notification Thread" daemon [_thread_blocked, id=12948, stack(0x000000d0f0400000,0x000000d0f0500000)]
  0x00000299da0b3a50 JavaThread "Daemon health stats" [_thread_blocked, id=11724, stack(0x000000d0f0c00000,0x000000d0f0d00000)]
  0x00000299d9d89ab0 JavaThread "Incoming local TCP Connector on port 51066" [_thread_in_native, id=10272, stack(0x000000d0f0d00000,0x000000d0f0e00000)]
  0x00000299d8230e00 JavaThread "Daemon periodic checks" [_thread_blocked, id=13160, stack(0x000000d0f0e00000,0x000000d0f0f00000)]
  0x00000299d8791030 JavaThread "Daemon" [_thread_blocked, id=3632, stack(0x000000d0f0f00000,0x000000d0f1000000)]
  0x00000299d7fed4e0 JavaThread "Handler for socket connection from /127.0.0.1:51066 to /127.0.0.1:51067" [_thread_in_native, id=12404, stack(0x000000d0f1000000,0x000000d0f1100000)]
  0x00000299d7e16a40 JavaThread "Cancel handler" [_thread_blocked, id=11720, stack(0x000000d0f1100000,0x000000d0f1200000)]
  0x00000299da201f70 JavaThread "Daemon worker" [_thread_blocked, id=11888, stack(0x000000d0f1200000,0x000000d0f1300000)]
  0x00000299d9f8a030 JavaThread "Asynchronous log dispatcher for DefaultDaemonConnection: socket connection from /127.0.0.1:51066 to /127.0.0.1:51067" [_thread_blocked, id=13068, stack(0x000000d0f1300000,0x000000d0f1400000)]
  0x00000299d9f879b0 JavaThread "Stdin handler" [_thread_blocked, id=6168, stack(0x000000d0f1400000,0x000000d0f1500000)]
  0x00000299d9f89b60 JavaThread "Daemon client event forwarder" [_thread_blocked, id=3596, stack(0x000000d0f1500000,0x000000d0f1600000)]
  0x00000299d9f89690 JavaThread "Cache worker for journal cache (C:\Users\nguye\.gradle\caches\journal-1)" [_thread_blocked, id=9552, stack(0x000000d0f1900000,0x000000d0f1a00000)]
  0x00000299d9f87010 JavaThread "File lock request listener" [_thread_in_native, id=1336, stack(0x000000d0f1a00000,0x000000d0f1b00000)]
  0x00000299d9f88350 JavaThread "Cache worker for file hash cache (C:\Users\nguye\.gradle\caches\8.0\fileHashes)" [_thread_blocked, id=5164, stack(0x000000d0f1b00000,0x000000d0f1c00000)]
  0x00000299d9f88820 JavaThread "File watcher server" daemon [_thread_blocked, id=3380, stack(0x000000d0f1d00000,0x000000d0f1e00000)]
  0x00000299d9f8a9d0 JavaThread "File watcher consumer" daemon [_thread_blocked, id=2556, stack(0x000000d0f1e00000,0x000000d0f1f00000)]
  0x00000299d9f874e0 JavaThread "Cache worker for checksums cache (D:\huy\DA1\.gradle\8.0\checksums)" [_thread_blocked, id=13168, stack(0x000000d0f1f00000,0x000000d0f2000000)]
  0x00000299d9f87e80 JavaThread "Cache worker for cache directory md-rule (C:\Users\nguye\.gradle\caches\8.0\md-rule)" [_thread_blocked, id=6804, stack(0x000000d0f2000000,0x000000d0f2100000)]
  0x00000299d9f891c0 JavaThread "Cache worker for file content cache (C:\Users\nguye\.gradle\caches\8.0\fileContent)" [_thread_blocked, id=12684, stack(0x000000d0f2100000,0x000000d0f2200000)]
  0x00000299d9f8a500 JavaThread "Cache worker for file hash cache (D:\huy\DA1\.gradle\8.0\fileHashes)" [_thread_blocked, id=13180, stack(0x000000d0f2200000,0x000000d0f2300000)]
  0x00000299db92a600 JavaThread "Cache worker for cache directory md-supplier (C:\Users\nguye\.gradle\caches\8.0\md-supplier)" [_thread_blocked, id=11116, stack(0x000000d0f2300000,0x000000d0f2400000)]
  0x00000299db92e490 JavaThread "Cache worker for execution history cache (C:\Users\nguye\.gradle\caches\8.0\executionHistory)" [_thread_blocked, id=9456, stack(0x000000d0f1c00000,0x000000d0f1d00000)]
  0x00000299db92daf0 JavaThread "jar transforms" [_thread_blocked, id=6828, stack(0x000000d0f2400000,0x000000d0f2500000)]
  0x00000299db92c7b0 JavaThread "jar transforms Thread 2" [_thread_blocked, id=7988, stack(0x000000d0f2500000,0x000000d0f2600000)]
  0x00000299db92ee30 JavaThread "Cache worker for kotlin-dsl (C:\Users\nguye\.gradle\caches\8.0\kotlin-dsl)" [_thread_blocked, id=4352, stack(0x000000d0f2700000,0x000000d0f2800000)]
  0x00000299db92d620 JavaThread "jar transforms Thread 3" [_thread_blocked, id=10712, stack(0x000000d0f2900000,0x000000d0f2a00000)]
  0x00000299db92fca0 JavaThread "jar transforms Thread 4" [_thread_blocked, id=7960, stack(0x000000d0f2a00000,0x000000d0f2b00000)]
  0x00000299db92afa0 JavaThread "Cache worker for dependencies-accessors (D:\huy\DA1\.gradle\8.0\dependencies-accessors)" [_thread_blocked, id=3032, stack(0x000000d0f2600000,0x000000d0f2700000)]
  0x00000299db92e960 JavaThread "Cache worker for Build Output Cleanup Cache (D:\huy\DA1\.gradle\buildOutputCleanup)" [_thread_blocked, id=10212, stack(0x000000d0f2b00000,0x000000d0f2c00000)]
  0x00000299db92b470 JavaThread "jar transforms Thread 5" [_thread_blocked, id=8432, stack(0x000000d0f2c00000,0x000000d0f2d00000)]
  0x00000299db92c2e0 JavaThread "Unconstrained build operations" [_thread_blocked, id=8392, stack(0x000000d0f2d00000,0x000000d0f2e00000)]
  0x00000299db92cc80 JavaThread "Unconstrained build operations Thread 2" [_thread_blocked, id=9672, stack(0x000000d0f2f00000,0x000000d0f3000000)]
  0x00000299db92d150 JavaThread "Unconstrained build operations Thread 3" [_thread_blocked, id=12904, stack(0x000000d0f3000000,0x000000d0f3100000)]
  0x00000299db92dfc0 JavaThread "Unconstrained build operations Thread 4" [_thread_blocked, id=10236, stack(0x000000d0f3100000,0x000000d0f3200000)]
  0x00000299db929790 JavaThread "Unconstrained build operations Thread 5" [_thread_blocked, id=8884, stack(0x000000d0f3200000,0x000000d0f3300000)]
  0x00000299d7e76510 JavaThread "Unconstrained build operations Thread 6" [_thread_blocked, id=8672, stack(0x000000d0f3300000,0x000000d0f3400000)]
  0x00000299d7e7a870 JavaThread "Unconstrained build operations Thread 7" [_thread_blocked, id=7296, stack(0x000000d0f3400000,0x000000d0f3500000)]
  0x00000299d7e781f0 JavaThread "Unconstrained build operations Thread 8" [_thread_blocked, id=10880, stack(0x000000d0f3500000,0x000000d0f3600000)]
  0x00000299d7e79060 JavaThread "Unconstrained build operations Thread 9" [_thread_blocked, id=5796, stack(0x000000d0f3600000,0x000000d0f3700000)]
  0x00000299d7e786c0 JavaThread "Unconstrained build operations Thread 10" [_thread_blocked, id=4224, stack(0x000000d0f3700000,0x000000d0f3800000)]
  0x00000299d7e7ad40 JavaThread "Unconstrained build operations Thread 11" [_thread_blocked, id=1196, stack(0x000000d0f3800000,0x000000d0f3900000)]
  0x00000299d7e7b6e0 JavaThread "Unconstrained build operations Thread 12" [_thread_blocked, id=9008, stack(0x000000d0f3900000,0x000000d0f3a00000)]
  0x00000299d7e7b210 JavaThread "Unconstrained build operations Thread 13" [_thread_blocked, id=13072, stack(0x000000d0f3a00000,0x000000d0f3b00000)]
  0x00000299d7e769e0 JavaThread "Unconstrained build operations Thread 14" [_thread_blocked, id=2976, stack(0x000000d0f3b00000,0x000000d0f3c00000)]
  0x00000299d7e7ca20 JavaThread "Unconstrained build operations Thread 15" [_thread_blocked, id=5392, stack(0x000000d0f3c00000,0x000000d0f3d00000)]
  0x00000299d7e7bbb0 JavaThread "Unconstrained build operations Thread 16" [_thread_blocked, id=8784, stack(0x000000d0f3d00000,0x000000d0f3e00000)]
  0x00000299d7e7c080 JavaThread "Unconstrained build operations Thread 17" [_thread_blocked, id=3900, stack(0x000000d0f3e00000,0x000000d0f3f00000)]
  0x00000299d7e7c550 JavaThread "Unconstrained build operations Thread 18" [_thread_blocked, id=9828, stack(0x000000d0f3f00000,0x000000d0f4000000)]
  0x00000299d7e751d0 JavaThread "Unconstrained build operations Thread 19" [_thread_blocked, id=4008, stack(0x000000d0f4000000,0x000000d0f4100000)]
  0x00000299d7e79530 JavaThread "Unconstrained build operations Thread 20" [_thread_blocked, id=2116, stack(0x000000d0f4100000,0x000000d0f4200000)]
  0x00000299d7e756a0 JavaThread "Unconstrained build operations Thread 21" [_thread_blocked, id=1676, stack(0x000000d0f4200000,0x000000d0f4300000)]
  0x00000299d7e75b70 JavaThread "Unconstrained build operations Thread 22" [_thread_blocked, id=5956, stack(0x000000d0f4300000,0x000000d0f4400000)]
  0x00000299d7e76040 JavaThread "Unconstrained build operations Thread 23" [_thread_blocked, id=11516, stack(0x000000d0f4400000,0x000000d0f4500000)]
  0x00000299d7e76eb0 JavaThread "Unconstrained build operations Thread 24" [_thread_blocked, id=7640, stack(0x000000d0f4500000,0x000000d0f4600000)]
  0x00000299d7e77380 JavaThread "Unconstrained build operations Thread 25" [_thread_blocked, id=9060, stack(0x000000d0f4600000,0x000000d0f4700000)]
  0x00000299d7e77850 JavaThread "Unconstrained build operations Thread 26" [_thread_blocked, id=10176, stack(0x000000d0f4700000,0x000000d0f4800000)]
  0x00000299d7e79a00 JavaThread "Unconstrained build operations Thread 27" [_thread_blocked, id=10396, stack(0x000000d0f4800000,0x000000d0f4900000)]
  0x00000299d7e77d20 JavaThread "Unconstrained build operations Thread 28" [_thread_blocked, id=11680, stack(0x000000d0f4900000,0x000000d0f4a00000)]
  0x00000299d7e78b90 JavaThread "Unconstrained build operations Thread 29" [_thread_blocked, id=1248, stack(0x000000d0f4a00000,0x000000d0f4b00000)]
  0x00000299d7e79ed0 JavaThread "Unconstrained build operations Thread 30" [_thread_blocked, id=12588, stack(0x000000d0f4b00000,0x000000d0f4c00000)]
  0x00000299d7e7a3a0 JavaThread "Unconstrained build operations Thread 31" [_thread_blocked, id=11420, stack(0x000000d0f4c00000,0x000000d0f4d00000)]
  0x00000299d7a81850 JavaThread "Unconstrained build operations Thread 32" [_thread_blocked, id=7924, stack(0x000000d0f4d00000,0x000000d0f4e00000)]
  0x00000299d7a85bb0 JavaThread "Unconstrained build operations Thread 33" [_thread_blocked, id=2412, stack(0x000000d0f4e00000,0x000000d0f4f00000)]
  0x00000299d7a86550 JavaThread "Unconstrained build operations Thread 34" [_thread_blocked, id=9336, stack(0x000000d0f4f00000,0x000000d0f5000000)]
  0x00000299d7a86080 JavaThread "Unconstrained build operations Thread 35" [_thread_blocked, id=7424, stack(0x000000d0f5000000,0x000000d0f5100000)]
  0x00000299d7a84d40 JavaThread "Unconstrained build operations Thread 36" [_thread_blocked, id=2064, stack(0x000000d0f5100000,0x000000d0f5200000)]
  0x00000299d7a80510 JavaThread "Unconstrained build operations Thread 37" [_thread_blocked, id=8412, stack(0x000000d0f5200000,0x000000d0f5300000)]
  0x00000299d7a83530 JavaThread "Unconstrained build operations Thread 38" [_thread_blocked, id=9760, stack(0x000000d0f5300000,0x000000d0f5400000)]
  0x00000299d7a84870 JavaThread "Unconstrained build operations Thread 39" [_thread_blocked, id=10216, stack(0x000000d0f5400000,0x000000d0f5500000)]
  0x00000299d7a873c0 JavaThread "Unconstrained build operations Thread 40" [_thread_blocked, id=12544, stack(0x000000d0f5500000,0x000000d0f5600000)]
  0x00000299d7a85210 JavaThread "Unconstrained build operations Thread 41" [_thread_blocked, id=12452, stack(0x000000d0f5600000,0x000000d0f5700000)]
  0x00000299d7a826c0 JavaThread "Unconstrained build operations Thread 42" [_thread_blocked, id=9140, stack(0x000000d0f5700000,0x000000d0f5800000)]
  0x00000299d7a843a0 JavaThread "Unconstrained build operations Thread 43" [_thread_blocked, id=3140, stack(0x000000d0f5800000,0x000000d0f5900000)]
  0x00000299d7a83060 JavaThread "Unconstrained build operations Thread 44" [_thread_blocked, id=2368, stack(0x000000d0f5900000,0x000000d0f5a00000)]
  0x00000299d7a82b90 JavaThread "Unconstrained build operations Thread 45" [_thread_blocked, id=5812, stack(0x000000d0f5a00000,0x000000d0f5b00000)]
  0x00000299d7a856e0 JavaThread "Unconstrained build operations Thread 46" [_thread_blocked, id=9468, stack(0x000000d0f5b00000,0x000000d0f5c00000)]
  0x00000299d7a809e0 JavaThread "Unconstrained build operations Thread 47" [_thread_blocked, id=5384, stack(0x000000d0f5c00000,0x000000d0f5d00000)]
  0x00000299d7a80eb0 JavaThread "Unconstrained build operations Thread 48" [_thread_blocked, id=1508, stack(0x000000d0f5d00000,0x000000d0f5e00000)]
  0x00000299d7a86a20 JavaThread "Unconstrained build operations Thread 49" [_thread_blocked, id=8492, stack(0x000000d0f5e00000,0x000000d0f5f00000)]
  0x00000299d7a86ef0 JavaThread "Unconstrained build operations Thread 50" [_thread_blocked, id=12748, stack(0x000000d0f5f00000,0x000000d0f6000000)]
  0x00000299d7a81380 JavaThread "Unconstrained build operations Thread 51" [_thread_blocked, id=1748, stack(0x000000d0f6000000,0x000000d0f6100000)]
  0x00000299d7a81d20 JavaThread "Unconstrained build operations Thread 52" [_thread_blocked, id=7848, stack(0x000000d0f6100000,0x000000d0f6200000)]
  0x00000299d7a87890 JavaThread "Unconstrained build operations Thread 53" [_thread_blocked, id=8236, stack(0x000000d0f6200000,0x000000d0f6300000)]
  0x00000299d7a80040 JavaThread "Unconstrained build operations Thread 54" [_thread_blocked, id=1008, stack(0x000000d0f6300000,0x000000d0f6400000)]
  0x00000299d7a821f0 JavaThread "Unconstrained build operations Thread 55" [_thread_blocked, id=7452, stack(0x000000d0f6400000,0x000000d0f6500000)]
  0x00000299d7a83a00 JavaThread "Unconstrained build operations Thread 56" [_thread_blocked, id=8116, stack(0x000000d0f6500000,0x000000d0f6600000)]
  0x00000299d7a83ed0 JavaThread "Unconstrained build operations Thread 57" [_thread_blocked, id=3856, stack(0x000000d0f6600000,0x000000d0f6700000)]
  0x00000299d8880e90 JavaThread "Unconstrained build operations Thread 58" [_thread_blocked, id=9536, stack(0x000000d0f6700000,0x000000d0f6800000)]
  0x00000299d8882b70 JavaThread "Unconstrained build operations Thread 59" [_thread_blocked, id=10260, stack(0x000000d0f6800000,0x000000d0f6900000)]
  0x00000299d8881360 JavaThread "Unconstrained build operations Thread 60" [_thread_blocked, id=13116, stack(0x000000d0f6900000,0x000000d0f6a00000)]
  0x00000299d8880020 JavaThread "Unconstrained build operations Thread 61" [_thread_blocked, id=2688, stack(0x000000d0f6a00000,0x000000d0f6b00000)]
  0x00000299d887f680 JavaThread "Unconstrained build operations Thread 62" [_thread_blocked, id=10556, stack(0x000000d0f6b00000,0x000000d0f6c00000)]
  0x00000299d88821d0 JavaThread "Unconstrained build operations Thread 63" [_thread_blocked, id=9372, stack(0x000000d0f6c00000,0x000000d0f6d00000)]
  0x00000299d88826a0 JavaThread "Unconstrained build operations Thread 64" [_thread_blocked, id=7392, stack(0x000000d0f6d00000,0x000000d0f6e00000)]
  0x00000299d8881830 JavaThread "Unconstrained build operations Thread 65" [_thread_blocked, id=11624, stack(0x000000d0f6e00000,0x000000d0f6f00000)]
  0x00000299d8881d00 JavaThread "Unconstrained build operations Thread 66" [_thread_blocked, id=12780, stack(0x000000d0f6f00000,0x000000d0f7000000)]
  0x00000299d88804f0 JavaThread "Unconstrained build operations Thread 67" [_thread_blocked, id=6332, stack(0x000000d0f7000000,0x000000d0f7100000)]
  0x00000299d88809c0 JavaThread "Unconstrained build operations Thread 68" [_thread_blocked, id=7264, stack(0x000000d0f7100000,0x000000d0f7200000)]
  0x00000299d8883040 JavaThread "Unconstrained build operations Thread 69" [_thread_blocked, id=8428, stack(0x000000d0f7200000,0x000000d0f7300000)]
  0x00000299d887fb50 JavaThread "Unconstrained build operations Thread 70" [_thread_blocked, id=6244, stack(0x000000d0f7300000,0x000000d0f7400000)]
  0x00000299dbe1de80 JavaThread "Unconstrained build operations Thread 71" [_thread_blocked, id=10976, stack(0x000000d0f7400000,0x000000d0f7500000)]
  0x00000299dbe1f1c0 JavaThread "Unconstrained build operations Thread 72" [_thread_blocked, id=392, stack(0x000000d0f7500000,0x000000d0f7600000)]
  0x00000299dbe1e350 JavaThread "Unconstrained build operations Thread 73" [_thread_blocked, id=2284, stack(0x000000d0f7600000,0x000000d0f7700000)]
  0x00000299dbe19b20 JavaThread "Unconstrained build operations Thread 74" [_thread_blocked, id=12192, stack(0x000000d0f7700000,0x000000d0f7800000)]
  0x00000299dbe1c670 JavaThread "Unconstrained build operations Thread 75" [_thread_blocked, id=1392, stack(0x000000d0f7800000,0x000000d0f7900000)]
  0x00000299dbe17970 JavaThread "Unconstrained build operations Thread 76" [_thread_blocked, id=1776, stack(0x000000d0f7900000,0x000000d0f7a00000)]
  0x00000299dbe19ff0 JavaThread "Unconstrained build operations Thread 77" [_thread_blocked, id=4776, stack(0x000000d0f7a00000,0x000000d0f7b00000)]
  0x00000299dbe19180 JavaThread "Unconstrained build operations Thread 78" [_thread_blocked, id=8332, stack(0x000000d0f7b00000,0x000000d0f7c00000)]
  0x00000299dbe1a4c0 JavaThread "Unconstrained build operations Thread 79" [_thread_blocked, id=11180, stack(0x000000d0f7c00000,0x000000d0f7d00000)]
  0x00000299dbe1a990 JavaThread "Unconstrained build operations Thread 80" [_thread_blocked, id=4296, stack(0x000000d0f7d00000,0x000000d0f7e00000)]
  0x00000299dbe17e40 JavaThread "jar transforms Thread 6" [_thread_blocked, id=12900, stack(0x000000d0f7f00000,0x000000d0f8000000)]
  0x00000299dbe1ae60 JavaThread "jar transforms Thread 7" [_thread_blocked, id=10956, stack(0x000000d0f8000000,0x000000d0f8100000)]
  0x00000299dbe18cb0 JavaThread "jar transforms Thread 8" [_thread_blocked, id=6392, stack(0x000000d0f8100000,0x000000d0f8200000)]
  0x00000299dbe1d9b0 JavaThread "build event listener" [_thread_blocked, id=712, stack(0x000000d0f0600000,0x000000d0f0700000)]
  0x00000299dbe1b330 JavaThread "Memory manager" [_thread_blocked, id=7716, stack(0x000000d0f8300000,0x000000d0f8400000)]
  0x00000299dbe1ecf0 JavaThread "included builds" [_thread_blocked, id=9248, stack(0x000000d0f8400000,0x000000d0f8500000)]
  0x00000299dbe1d4e0 JavaThread "Execution worker" [_thread_blocked, id=8272, stack(0x000000d0f8500000,0x000000d0f8600000)]
  0x00000299dbe19650 JavaThread "Execution worker Thread 2" [_thread_blocked, id=8724, stack(0x000000d0f8600000,0x000000d0f8700000)]
  0x00000299dbe1e820 JavaThread "Execution worker Thread 3" [_thread_blocked, id=6864, stack(0x000000d0f8700000,0x000000d0f8800000)]
  0x00000299e421d1e0 JavaThread "Execution worker Thread 4" [_thread_blocked, id=6060, stack(0x000000d0f8800000,0x000000d0f8900000)]
  0x00000299e421e520 JavaThread "Execution worker Thread 5" [_thread_blocked, id=6884, stack(0x000000d0f8900000,0x000000d0f8a00000)]
  0x00000299e421eec0 JavaThread "Execution worker Thread 6" [_thread_blocked, id=3340, stack(0x000000d0f8a00000,0x000000d0f8b00000)]
  0x00000299e421e9f0 JavaThread "Execution worker Thread 7" [_thread_blocked, id=9668, stack(0x000000d0f8b00000,0x000000d0f8c00000)]
  0x00000299e421f390 JavaThread "Cache worker for execution history cache (D:\huy\DA1\.gradle\8.0\executionHistory)" [_thread_blocked, id=8124, stack(0x000000d0f8c00000,0x000000d0f8d00000)]
  0x00000299dbf2d7f0 JavaThread "Cache worker for Java compile cache (C:\Users\nguye\.gradle\caches\8.0\javaCompile)" [_thread_blocked, id=1928, stack(0x000000d0f8d00000,0x000000d0f8e00000)]
  0x00000299dbf2d320 JavaThread "Build operations" [_thread_blocked, id=8252, stack(0x000000d0f8e00000,0x000000d0f8f00000)]
  0x00000299e421d6b0 JavaThread "Build operations Thread 2" [_thread_blocked, id=6156, stack(0x000000d0f8f00000,0x000000d0f9000000)]
  0x00000299e421b030 JavaThread "Build operations Thread 3" [_thread_blocked, id=1832, stack(0x000000d0f9000000,0x000000d0f9100000)]
  0x00000299e421c840 JavaThread "Build operations Thread 4" [_thread_blocked, id=6340, stack(0x000000d0f9100000,0x000000d0f9200000)]
  0x00000299e421a690 JavaThread "Build operations Thread 5" [_thread_blocked, id=10768, stack(0x000000d0f9200000,0x000000d0f9300000)]
  0x00000299e421a1c0 JavaThread "Build operations Thread 6" [_thread_blocked, id=12388, stack(0x000000d0f9300000,0x000000d0f9400000)]
  0x00000299e421b9d0 JavaThread "Build operations Thread 7" [_thread_blocked, id=2264, stack(0x000000d0f9400000,0x000000d0f9500000)]
  0x00000299e42184e0 JavaThread "Build operations Thread 8" [_thread_blocked, id=6928, stack(0x000000d0f9500000,0x000000d0f9600000)]
  0x00000299da2baab0 JavaThread "C2 CompilerThread1" daemon [_thread_blocked, id=11772, stack(0x000000d0f7e00000,0x000000d0f7f00000)]
  0x00000299da2b9160 JavaThread "C2 CompilerThread2" daemon [_thread_blocked, id=11860, stack(0x000000d0f8200000,0x000000d0f8300000)]

Other Threads:
=>0x00000299d6c1f410 VMThread "VM Thread" [stack: 0x000000d0ef900000,0x000000d0efa00000] [id=9572]
  0x00000299d6dde180 WatcherThread [stack: 0x000000d0f0500000,0x000000d0f0600000] [id=6892]
  0x00000299ba58e780 GCTaskThread "GC Thread#0" [stack: 0x000000d0ef400000,0x000000d0ef500000] [id=4624]
  0x00000299d7ff2460 GCTaskThread "GC Thread#1" [stack: 0x000000d0f0700000,0x000000d0f0800000] [id=8476]
  0x00000299d7a90ca0 GCTaskThread "GC Thread#2" [stack: 0x000000d0f0800000,0x000000d0f0900000] [id=9568]
  0x00000299d78fec70 GCTaskThread "GC Thread#3" [stack: 0x000000d0f0900000,0x000000d0f0a00000] [id=12824]
  0x00000299d87be7f0 GCTaskThread "GC Thread#4" [stack: 0x000000d0f0a00000,0x000000d0f0b00000] [id=12196]
  0x00000299d83bf3d0 GCTaskThread "GC Thread#5" [stack: 0x000000d0f0b00000,0x000000d0f0c00000] [id=5280]
  0x00000299d9b42300 GCTaskThread "GC Thread#6" [stack: 0x000000d0f1600000,0x000000d0f1700000] [id=5144]
  0x00000299d832f130 GCTaskThread "GC Thread#7" [stack: 0x000000d0f1700000,0x000000d0f1800000] [id=11584]
  0x00000299ba59f5d0 ConcurrentGCThread "G1 Main Marker" [stack: 0x000000d0ef500000,0x000000d0ef600000] [id=3028]
  0x00000299ba5a0690 ConcurrentGCThread "G1 Conc#0" [stack: 0x000000d0ef600000,0x000000d0ef700000] [id=12992]
  0x00000299d8141440 ConcurrentGCThread "G1 Conc#1" [stack: 0x000000d0f1800000,0x000000d0f1900000] [id=2324]
  0x00000299d61c9160 ConcurrentGCThread "G1 Refine#0" [stack: 0x000000d0ef700000,0x000000d0ef800000] [id=10988]
  0x00000299da3a7670 ConcurrentGCThread "G1 Refine#1" [stack: 0x000000d0f2800000,0x000000d0f2900000] [id=9344]
  0x00000299e2fc7ac0 ConcurrentGCThread "G1 Refine#2" [stack: 0x000000d0f9600000,0x000000d0f9700000] [id=6396]
  0x00000299e2fc8920 ConcurrentGCThread "G1 Refine#3" [stack: 0x000000d0f9700000,0x000000d0f9800000] [id=10708]
  0x00000299d61c9990 ConcurrentGCThread "G1 Service" [stack: 0x000000d0ef800000,0x000000d0ef900000] [id=12568]

Threads with active compile tasks:
C2 CompilerThread0    22855 12957       4       com.sun.org.apache.xerces.internal.dom.ElementImpl::getNodeName (16 bytes)
C2 CompilerThread1    22855 12954       4       com.sun.org.apache.xerces.internal.dom.DeferredElementImpl::synchronizeData (96 bytes)
C2 CompilerThread2    22855 12969 %     4       android.databinding.tool.reflection.SdkUtil$ApiChecker::buildFullLookup @ 124 (252 bytes)

VM state: at safepoint (normal execution)

VM Mutex/Monitor currently owned by a thread:  ([mutex/lock_event])
[0x00000299ba52a810] Threads_lock - owner thread: 0x00000299d6c1f410
[0x00000299ba52b2c0] Heap_lock - owner thread: 0x00000299e421e9f0

Heap address: 0x0000000080000000, size: 2048 MB, Compressed Oops mode: 32-bit

CDS archive(s) not mapped
Compressed class space mapped at: 0x0000000100000000-0x0000000140000000, reserved size: 1073741824
Narrow klass base: 0x0000000000000000, Narrow klass shift: 3, Narrow klass range: 0x140000000

GC Precious Log:
 CPUs: 8 total, 8 available
 Memory: 8040M
 Large Page Support: Disabled
 NUMA Support: Disabled
 Compressed Oops: Enabled (32-bit)
 Heap Region Size: 1M
 Heap Min Capacity: 8M
 Heap Initial Capacity: 126M
 Heap Max Capacity: 2G
 Pre-touch: Disabled
 Parallel Workers: 8
 Concurrent Workers: 2
 Concurrent Refinement Workers: 8
 Periodic GC: Disabled

Heap:
 garbage-first heap   total 187392K, used 164252K [0x0000000080000000, 0x0000000100000000)
  region size 1024K, 2 young (2048K), 2 survivors (2048K)
 Metaspace       used 109853K, committed 110592K, reserved 1146880K
  class space    used 14673K, committed 15040K, reserved 1048576K

Heap Regions: E=young(eden), S=young(survivor), O=old, HS=humongous(starts), HC=humongous(continues), CS=collection set, F=free, OA=open archive, CA=closed archive, TAMS=top-at-mark-start (previous, next)
|   0|0x0000000080000000, 0x0000000080100000, 0x0000000080100000|100%|HS|  |TAMS 0x0000000080100000, 0x0000000080100000| Complete 
|   1|0x0000000080100000, 0x0000000080200000, 0x0000000080200000|100%|HC|  |TAMS 0x0000000080200000, 0x0000000080200000| Complete 
|   2|0x0000000080200000, 0x0000000080300000, 0x0000000080300000|100%|HC|  |TAMS 0x0000000080300000, 0x0000000080300000| Complete 
|   3|0x0000000080300000, 0x0000000080400000, 0x0000000080400000|100%|HC|  |TAMS 0x0000000080400000, 0x0000000080400000| Complete 
|   4|0x0000000080400000, 0x0000000080500000, 0x0000000080500000|100%| O|  |TAMS 0x0000000080500000, 0x0000000080500000| Untracked 
|   5|0x0000000080500000, 0x0000000080600000, 0x0000000080600000|100%| O|  |TAMS 0x0000000080600000, 0x0000000080600000| Untracked 
|   6|0x0000000080600000, 0x0000000080700000, 0x0000000080700000|100%| O|  |TAMS 0x0000000080700000, 0x0000000080700000| Untracked 
|   7|0x0000000080700000, 0x0000000080800000, 0x0000000080800000|100%| O|  |TAMS 0x0000000080800000, 0x0000000080800000| Untracked 
|   8|0x0000000080800000, 0x0000000080900000, 0x0000000080900000|100%| O|  |TAMS 0x0000000080900000, 0x0000000080900000| Untracked 
|   9|0x0000000080900000, 0x0000000080a00000, 0x0000000080a00000|100%| O|  |TAMS 0x0000000080a00000, 0x0000000080a00000| Untracked 
|  10|0x0000000080a00000, 0x0000000080b00000, 0x0000000080b00000|100%| O|  |TAMS 0x0000000080b00000, 0x0000000080b00000| Untracked 
|  11|0x0000000080b00000, 0x0000000080c00000, 0x0000000080c00000|100%| O|  |TAMS 0x0000000080c00000, 0x0000000080c00000| Untracked 
|  12|0x0000000080c00000, 0x0000000080d00000, 0x0000000080d00000|100%| O|  |TAMS 0x0000000080d00000, 0x0000000080d00000| Untracked 
|  13|0x0000000080d00000, 0x0000000080e00000, 0x0000000080e00000|100%| O|  |TAMS 0x0000000080e00000, 0x0000000080e00000| Untracked 
|  14|0x0000000080e00000, 0x0000000080f00000, 0x0000000080f00000|100%| O|  |TAMS 0x0000000080f00000, 0x0000000080f00000| Untracked 
|  15|0x0000000080f00000, 0x0000000081000000, 0x0000000081000000|100%| O|  |TAMS 0x0000000081000000, 0x0000000081000000| Untracked 
|  16|0x0000000081000000, 0x0000000081100000, 0x0000000081100000|100%| O|  |TAMS 0x0000000081100000, 0x0000000081100000| Untracked 
|  17|0x0000000081100000, 0x0000000081200000, 0x0000000081200000|100%| O|  |TAMS 0x0000000081200000, 0x0000000081200000| Untracked 
|  18|0x0000000081200000, 0x0000000081300000, 0x0000000081300000|100%| O|  |TAMS 0x0000000081300000, 0x0000000081300000| Untracked 
|  19|0x0000000081300000, 0x0000000081400000, 0x0000000081400000|100%| O|  |TAMS 0x0000000081400000, 0x0000000081400000| Untracked 
|  20|0x0000000081400000, 0x0000000081500000, 0x0000000081500000|100%| O|  |TAMS 0x0000000081500000, 0x0000000081500000| Untracked 
|  21|0x0000000081500000, 0x0000000081600000, 0x0000000081600000|100%| O|  |TAMS 0x0000000081600000, 0x0000000081600000| Untracked 
|  22|0x0000000081600000, 0x0000000081700000, 0x0000000081700000|100%| O|  |TAMS 0x0000000081700000, 0x0000000081700000| Untracked 
|  23|0x0000000081700000, 0x0000000081800000, 0x0000000081800000|100%| O|  |TAMS 0x0000000081800000, 0x0000000081800000| Untracked 
|  24|0x0000000081800000, 0x0000000081900000, 0x0000000081900000|100%| O|  |TAMS 0x0000000081900000, 0x0000000081900000| Untracked 
|  25|0x0000000081900000, 0x0000000081a00000, 0x0000000081a00000|100%| O|  |TAMS 0x0000000081a00000, 0x0000000081a00000| Untracked 
|  26|0x0000000081a00000, 0x0000000081b00000, 0x0000000081b00000|100%| O|  |TAMS 0x0000000081b00000, 0x0000000081b00000| Untracked 
|  27|0x0000000081b00000, 0x0000000081c00000, 0x0000000081c00000|100%| O|  |TAMS 0x0000000081c00000, 0x0000000081c00000| Untracked 
|  28|0x0000000081c00000, 0x0000000081d00000, 0x0000000081d00000|100%| O|  |TAMS 0x0000000081d00000, 0x0000000081d00000| Untracked 
|  29|0x0000000081d00000, 0x0000000081e00000, 0x0000000081e00000|100%| O|  |TAMS 0x0000000081e00000, 0x0000000081e00000| Untracked 
|  30|0x0000000081e00000, 0x0000000081f00000, 0x0000000081f00000|100%| O|  |TAMS 0x0000000081f00000, 0x0000000081f00000| Untracked 
|  31|0x0000000081f00000, 0x0000000082000000, 0x0000000082000000|100%|HS|  |TAMS 0x0000000082000000, 0x0000000082000000| Complete 
|  32|0x0000000082000000, 0x0000000082100000, 0x0000000082100000|100%|HS|  |TAMS 0x0000000082100000, 0x0000000082100000| Complete 
|  33|0x0000000082100000, 0x0000000082200000, 0x0000000082200000|100%|HS|  |TAMS 0x0000000082200000, 0x0000000082200000| Complete 
|  34|0x0000000082200000, 0x0000000082300000, 0x0000000082300000|100%| O|  |TAMS 0x0000000082300000, 0x0000000082300000| Untracked 
|  35|0x0000000082300000, 0x0000000082400000, 0x0000000082400000|100%| O|  |TAMS 0x0000000082400000, 0x0000000082400000| Untracked 
|  36|0x0000000082400000, 0x0000000082500000, 0x0000000082500000|100%| O|  |TAMS 0x0000000082500000, 0x0000000082500000| Untracked 
|  37|0x0000000082500000, 0x0000000082600000, 0x0000000082600000|100%| O|  |TAMS 0x0000000082600000, 0x0000000082600000| Untracked 
|  38|0x0000000082600000, 0x0000000082700000, 0x0000000082700000|100%| O|  |TAMS 0x0000000082700000, 0x0000000082700000| Untracked 
|  39|0x0000000082700000, 0x0000000082800000, 0x0000000082800000|100%| O|  |TAMS 0x0000000082800000, 0x0000000082800000| Untracked 
|  40|0x0000000082800000, 0x0000000082900000, 0x0000000082900000|100%| O|  |TAMS 0x0000000082900000, 0x0000000082900000| Untracked 
|  41|0x0000000082900000, 0x0000000082a00000, 0x0000000082a00000|100%| O|  |TAMS 0x0000000082a00000, 0x0000000082a00000| Untracked 
|  42|0x0000000082a00000, 0x0000000082b00000, 0x0000000082b00000|100%| O|  |TAMS 0x0000000082b00000, 0x0000000082b00000| Untracked 
|  43|0x0000000082b00000, 0x0000000082c00000, 0x0000000082c00000|100%| O|  |TAMS 0x0000000082c00000, 0x0000000082c00000| Untracked 
|  44|0x0000000082c00000, 0x0000000082d00000, 0x0000000082d00000|100%| O|  |TAMS 0x0000000082d00000, 0x0000000082d00000| Untracked 
|  45|0x0000000082d00000, 0x0000000082e00000, 0x0000000082e00000|100%| O|  |TAMS 0x0000000082d00000, 0x0000000082e00000| Untracked 
|  46|0x0000000082e00000, 0x0000000082f00000, 0x0000000082f00000|100%| O|  |TAMS 0x0000000082f00000, 0x0000000082f00000| Untracked 
|  47|0x0000000082f00000, 0x0000000083000000, 0x0000000083000000|100%| O|  |TAMS 0x0000000083000000, 0x0000000083000000| Untracked 
|  48|0x0000000083000000, 0x0000000083100000, 0x0000000083100000|100%| O|  |TAMS 0x0000000083100000, 0x0000000083100000| Untracked 
|  49|0x0000000083100000, 0x0000000083200000, 0x0000000083200000|100%| O|  |TAMS 0x0000000083200000, 0x0000000083200000| Untracked 
|  50|0x0000000083200000, 0x0000000083300000, 0x0000000083300000|100%| O|  |TAMS 0x0000000083300000, 0x0000000083300000| Untracked 
|  51|0x0000000083300000, 0x0000000083400000, 0x0000000083400000|100%| O|  |TAMS 0x0000000083400000, 0x0000000083400000| Untracked 
|  52|0x0000000083400000, 0x0000000083500000, 0x0000000083500000|100%| O|  |TAMS 0x0000000083449e00, 0x0000000083500000| Untracked 
|  53|0x0000000083500000, 0x0000000083600000, 0x0000000083600000|100%| O|  |TAMS 0x0000000083500000, 0x0000000083600000| Untracked 
|  54|0x0000000083600000, 0x0000000083700000, 0x0000000083700000|100%| O|  |TAMS 0x0000000083600000, 0x0000000083700000| Untracked 
|  55|0x0000000083700000, 0x0000000083800000, 0x0000000083800000|100%| O|  |TAMS 0x0000000083800000, 0x0000000083800000| Untracked 
|  56|0x0000000083800000, 0x0000000083900000, 0x0000000083900000|100%| O|  |TAMS 0x0000000083900000, 0x0000000083900000| Untracked 
|  57|0x0000000083900000, 0x0000000083a00000, 0x0000000083a00000|100%| O|  |TAMS 0x0000000083900000, 0x0000000083a00000| Untracked 
|  58|0x0000000083a00000, 0x0000000083b00000, 0x0000000083b00000|100%| O|  |TAMS 0x0000000083a00000, 0x0000000083b00000| Untracked 
|  59|0x0000000083b00000, 0x0000000083c00000, 0x0000000083c00000|100%| O|  |TAMS 0x0000000083b00000, 0x0000000083c00000| Untracked 
|  60|0x0000000083c00000, 0x0000000083d00000, 0x0000000083d00000|100%| O|  |TAMS 0x0000000083c00000, 0x0000000083d00000| Untracked 
|  61|0x0000000083d00000, 0x0000000083e00000, 0x0000000083e00000|100%| O|  |TAMS 0x0000000083d00000, 0x0000000083e00000| Untracked 
|  62|0x0000000083e00000, 0x0000000083f00000, 0x0000000083f00000|100%| O|  |TAMS 0x0000000083e00000, 0x0000000083f00000| Untracked 
|  63|0x0000000083f00000, 0x0000000084000000, 0x0000000084000000|100%| O|  |TAMS 0x0000000083f00000, 0x0000000084000000| Untracked 
|  64|0x0000000084000000, 0x0000000084100000, 0x0000000084100000|100%| O|  |TAMS 0x0000000084000000, 0x0000000084100000| Untracked 
|  65|0x0000000084100000, 0x0000000084200000, 0x0000000084200000|100%| O|  |TAMS 0x0000000084100000, 0x0000000084200000| Untracked 
|  66|0x0000000084200000, 0x0000000084300000, 0x0000000084300000|100%| O|  |TAMS 0x0000000084200000, 0x0000000084300000| Untracked 
|  67|0x0000000084300000, 0x0000000084400000, 0x0000000084400000|100%| O|  |TAMS 0x0000000084300000, 0x0000000084400000| Untracked 
|  68|0x0000000084400000, 0x0000000084500000, 0x0000000084500000|100%| O|  |TAMS 0x0000000084400000, 0x0000000084500000| Untracked 
|  69|0x0000000084500000, 0x0000000084600000, 0x0000000084600000|100%| O|  |TAMS 0x0000000084500000, 0x0000000084600000| Untracked 
|  70|0x0000000084600000, 0x0000000084700000, 0x0000000084700000|100%| O|  |TAMS 0x0000000084600000, 0x0000000084700000| Untracked 
|  71|0x0000000084700000, 0x0000000084800000, 0x0000000084800000|100%| O|  |TAMS 0x0000000084700000, 0x0000000084800000| Untracked 
|  72|0x0000000084800000, 0x0000000084900000, 0x0000000084900000|100%| O|  |TAMS 0x0000000084800000, 0x0000000084900000| Untracked 
|  73|0x0000000084900000, 0x0000000084a00000, 0x0000000084a00000|100%| O|  |TAMS 0x0000000084900000, 0x0000000084a00000| Untracked 
|  74|0x0000000084a00000, 0x0000000084b00000, 0x0000000084b00000|100%| O|  |TAMS 0x0000000084a00000, 0x0000000084b00000| Untracked 
|  75|0x0000000084b00000, 0x0000000084c00000, 0x0000000084c00000|100%| O|  |TAMS 0x0000000084b00000, 0x0000000084c00000| Untracked 
|  76|0x0000000084c00000, 0x0000000084d00000, 0x0000000084d00000|100%| O|  |TAMS 0x0000000084c00000, 0x0000000084d00000| Untracked 
|  77|0x0000000084d00000, 0x0000000084e00000, 0x0000000084e00000|100%| O|  |TAMS 0x0000000084d00000, 0x0000000084e00000| Untracked 
|  78|0x0000000084e00000, 0x0000000084f00000, 0x0000000084f00000|100%| O|  |TAMS 0x0000000084e00000, 0x0000000084f00000| Untracked 
|  79|0x0000000084f00000, 0x0000000085000000, 0x0000000085000000|100%| O|  |TAMS 0x0000000084f00000, 0x0000000085000000| Untracked 
|  80|0x0000000085000000, 0x0000000085100000, 0x0000000085100000|100%| O|  |TAMS 0x0000000085000000, 0x0000000085100000| Untracked 
|  81|0x0000000085100000, 0x0000000085200000, 0x0000000085200000|100%| O|  |TAMS 0x0000000085100000, 0x0000000085200000| Untracked 
|  82|0x0000000085200000, 0x0000000085300000, 0x0000000085300000|100%| O|  |TAMS 0x0000000085200000, 0x0000000085300000| Untracked 
|  83|0x0000000085300000, 0x0000000085400000, 0x0000000085400000|100%| O|  |TAMS 0x0000000085300000, 0x0000000085400000| Untracked 
|  84|0x0000000085400000, 0x0000000085500000, 0x0000000085500000|100%| O|  |TAMS 0x0000000085400000, 0x0000000085500000| Untracked 
|  85|0x0000000085500000, 0x0000000085600000, 0x0000000085600000|100%| O|  |TAMS 0x0000000085500000, 0x0000000085600000| Untracked 
|  86|0x0000000085600000, 0x0000000085700000, 0x0000000085700000|100%| O|  |TAMS 0x0000000085600000, 0x0000000085700000| Untracked 
|  87|0x0000000085700000, 0x0000000085800000, 0x0000000085800000|100%| O|  |TAMS 0x0000000085700000, 0x0000000085800000| Untracked 
|  88|0x0000000085800000, 0x0000000085900000, 0x0000000085900000|100%| O|  |TAMS 0x0000000085800000, 0x0000000085900000| Untracked 
|  89|0x0000000085900000, 0x0000000085a00000, 0x0000000085a00000|100%| O|  |TAMS 0x0000000085900000, 0x0000000085a00000| Untracked 
|  90|0x0000000085a00000, 0x0000000085b00000, 0x0000000085b00000|100%| O|  |TAMS 0x0000000085a00000, 0x0000000085b00000| Untracked 
|  91|0x0000000085b00000, 0x0000000085c00000, 0x0000000085c00000|100%| O|  |TAMS 0x0000000085b00000, 0x0000000085c00000| Untracked 
|  92|0x0000000085c00000, 0x0000000085d00000, 0x0000000085d00000|100%| O|  |TAMS 0x0000000085c00000, 0x0000000085d00000| Untracked 
|  93|0x0000000085d00000, 0x0000000085e00000, 0x0000000085e00000|100%| O|  |TAMS 0x0000000085d00000, 0x0000000085e00000| Untracked 
|  94|0x0000000085e00000, 0x0000000085f00000, 0x0000000085f00000|100%| O|  |TAMS 0x0000000085e00000, 0x0000000085f00000| Untracked 
|  95|0x0000000085f00000, 0x0000000086000000, 0x0000000086000000|100%|HS|  |TAMS 0x0000000085f00000, 0x0000000086000000| Complete 
|  96|0x0000000086000000, 0x0000000086100000, 0x0000000086100000|100%|HC|  |TAMS 0x0000000086000000, 0x0000000086100000| Complete 
|  97|0x0000000086100000, 0x0000000086200000, 0x0000000086200000|100%| O|  |TAMS 0x0000000086100000, 0x0000000086200000| Untracked 
|  98|0x0000000086200000, 0x0000000086300000, 0x0000000086300000|100%| O|  |TAMS 0x0000000086200000, 0x0000000086300000| Untracked 
|  99|0x0000000086300000, 0x0000000086400000, 0x0000000086400000|100%| O|  |TAMS 0x0000000086300000, 0x0000000086400000| Untracked 
| 100|0x0000000086400000, 0x0000000086500000, 0x0000000086500000|100%| O|  |TAMS 0x0000000086400000, 0x0000000086500000| Untracked 
| 101|0x0000000086500000, 0x0000000086600000, 0x0000000086600000|100%| O|  |TAMS 0x0000000086500000, 0x0000000086600000| Untracked 
| 102|0x0000000086600000, 0x0000000086700000, 0x0000000086700000|100%| O|  |TAMS 0x0000000086600000, 0x0000000086700000| Untracked 
| 103|0x0000000086700000, 0x0000000086800000, 0x0000000086800000|100%| O|  |TAMS 0x0000000086700000, 0x0000000086800000| Untracked 
| 104|0x0000000086800000, 0x0000000086900000, 0x0000000086900000|100%| O|  |TAMS 0x0000000086800000, 0x0000000086900000| Untracked 
| 105|0x0000000086900000, 0x0000000086a00000, 0x0000000086a00000|100%| O|  |TAMS 0x0000000086900000, 0x0000000086a00000| Untracked 
| 106|0x0000000086a00000, 0x0000000086b00000, 0x0000000086b00000|100%| O|  |TAMS 0x0000000086a00000, 0x0000000086b00000| Untracked 
| 107|0x0000000086b00000, 0x0000000086c00000, 0x0000000086c00000|100%| O|  |TAMS 0x0000000086b00000, 0x0000000086c00000| Untracked 
| 108|0x0000000086c00000, 0x0000000086d00000, 0x0000000086d00000|100%| O|  |TAMS 0x0000000086c00000, 0x0000000086d00000| Untracked 
| 109|0x0000000086d00000, 0x0000000086e00000, 0x0000000086e00000|100%| O|  |TAMS 0x0000000086d00000, 0x0000000086e00000| Untracked 
| 110|0x0000000086e00000, 0x0000000086f00000, 0x0000000086f00000|100%| O|  |TAMS 0x0000000086e00000, 0x0000000086f00000| Untracked 
| 111|0x0000000086f00000, 0x0000000087000000, 0x0000000087000000|100%| O|  |TAMS 0x0000000086f00000, 0x0000000087000000| Untracked 
| 112|0x0000000087000000, 0x0000000087100000, 0x0000000087100000|100%| O|  |TAMS 0x0000000087000000, 0x0000000087100000| Untracked 
| 113|0x0000000087100000, 0x0000000087200000, 0x0000000087200000|100%| O|  |TAMS 0x0000000087100000, 0x0000000087200000| Untracked 
| 114|0x0000000087200000, 0x0000000087300000, 0x0000000087300000|100%| O|  |TAMS 0x0000000087200000, 0x0000000087300000| Untracked 
| 115|0x0000000087300000, 0x0000000087400000, 0x0000000087400000|100%| O|  |TAMS 0x0000000087300000, 0x0000000087400000| Untracked 
| 116|0x0000000087400000, 0x0000000087500000, 0x0000000087500000|100%| O|  |TAMS 0x0000000087400000, 0x0000000087500000| Untracked 
| 117|0x0000000087500000, 0x0000000087600000, 0x0000000087600000|100%| O|  |TAMS 0x0000000087500000, 0x0000000087600000| Untracked 
| 118|0x0000000087600000, 0x0000000087700000, 0x0000000087700000|100%| O|  |TAMS 0x0000000087600000, 0x0000000087700000| Untracked 
| 119|0x0000000087700000, 0x0000000087800000, 0x0000000087800000|100%| O|  |TAMS 0x0000000087700000, 0x0000000087800000| Untracked 
| 120|0x0000000087800000, 0x0000000087900000, 0x0000000087900000|100%| O|  |TAMS 0x0000000087800000, 0x0000000087900000| Untracked 
| 121|0x0000000087900000, 0x0000000087a00000, 0x0000000087a00000|100%| O|  |TAMS 0x0000000087900000, 0x0000000087a00000| Untracked 
| 122|0x0000000087a00000, 0x0000000087b00000, 0x0000000087b00000|100%| O|  |TAMS 0x0000000087a00000, 0x0000000087b00000| Untracked 
| 123|0x0000000087b00000, 0x0000000087c00000, 0x0000000087c00000|100%| O|  |TAMS 0x0000000087b00000, 0x0000000087c00000| Untracked 
| 124|0x0000000087c00000, 0x0000000087d00000, 0x0000000087d00000|100%| O|  |TAMS 0x0000000087c00000, 0x0000000087d00000| Untracked 
| 125|0x0000000087d00000, 0x0000000087e00000, 0x0000000087e00000|100%| O|  |TAMS 0x0000000087d00000, 0x0000000087e00000| Untracked 
| 126|0x0000000087e00000, 0x0000000087f00000, 0x0000000087f00000|100%| O|  |TAMS 0x0000000087e00000, 0x0000000087e00000| Untracked 
| 127|0x0000000087f00000, 0x0000000088000000, 0x0000000088000000|100%| O|  |TAMS 0x0000000087f00000, 0x0000000087f00000| Untracked 
| 128|0x0000000088000000, 0x0000000088100000, 0x0000000088100000|100%| O|  |TAMS 0x0000000088000000, 0x0000000088100000| Untracked 
| 129|0x0000000088100000, 0x0000000088200000, 0x0000000088200000|100%| O|  |TAMS 0x0000000088100000, 0x0000000088200000| Untracked 
| 130|0x0000000088200000, 0x0000000088300000, 0x0000000088300000|100%| O|  |TAMS 0x0000000088200000, 0x0000000088300000| Untracked 
| 131|0x0000000088300000, 0x0000000088400000, 0x0000000088400000|100%| O|  |TAMS 0x0000000088300000, 0x0000000088300000| Untracked 
| 132|0x0000000088400000, 0x0000000088500000, 0x0000000088500000|100%| O|  |TAMS 0x0000000088400000, 0x0000000088400000| Untracked 
| 133|0x0000000088500000, 0x0000000088600000, 0x0000000088600000|100%| O|  |TAMS 0x0000000088500000, 0x0000000088500000| Untracked 
| 134|0x0000000088600000, 0x0000000088700000, 0x0000000088700000|100%| O|  |TAMS 0x0000000088600000, 0x0000000088600000| Untracked 
| 135|0x0000000088700000, 0x0000000088800000, 0x0000000088800000|100%| O|  |TAMS 0x0000000088700000, 0x0000000088700000| Untracked 
| 136|0x0000000088800000, 0x0000000088900000, 0x0000000088900000|100%| O|  |TAMS 0x0000000088800000, 0x0000000088900000| Untracked 
| 137|0x0000000088900000, 0x0000000088a00000, 0x0000000088a00000|100%| O|  |TAMS 0x0000000088900000, 0x0000000088a00000| Untracked 
| 138|0x0000000088a00000, 0x0000000088b00000, 0x0000000088b00000|100%| O|  |TAMS 0x0000000088a00000, 0x0000000088b00000| Untracked 
| 139|0x0000000088b00000, 0x0000000088c00000, 0x0000000088c00000|100%| O|  |TAMS 0x0000000088b00000, 0x0000000088b00000| Untracked 
| 140|0x0000000088c00000, 0x0000000088d00000, 0x0000000088d00000|100%| O|  |TAMS 0x0000000088c00000, 0x0000000088c00000| Untracked 
| 141|0x0000000088d00000, 0x0000000088e00000, 0x0000000088e00000|100%| O|  |TAMS 0x0000000088d00000, 0x0000000088d00000| Untracked 
| 142|0x0000000088e00000, 0x0000000088f00000, 0x0000000088f00000|100%| O|  |TAMS 0x0000000088e00000, 0x0000000088e00000| Untracked 
| 143|0x0000000088f00000, 0x0000000089000000, 0x0000000089000000|100%| O|  |TAMS 0x0000000088f00000, 0x0000000088f00000| Untracked 
| 144|0x0000000089000000, 0x0000000089100000, 0x0000000089100000|100%| O|  |TAMS 0x0000000089000000, 0x0000000089000000| Untracked 
| 145|0x0000000089100000, 0x0000000089200000, 0x0000000089200000|100%| O|  |TAMS 0x0000000089100000, 0x0000000089100000| Untracked 
| 146|0x0000000089200000, 0x0000000089300000, 0x0000000089300000|100%| O|  |TAMS 0x0000000089200000, 0x0000000089200000| Untracked 
| 147|0x0000000089300000, 0x0000000089400000, 0x0000000089400000|100%| O|  |TAMS 0x0000000089300000, 0x0000000089300000| Untracked 
| 148|0x0000000089400000, 0x0000000089500000, 0x0000000089500000|100%| O|  |TAMS 0x0000000089400000, 0x0000000089400000| Untracked 
| 149|0x0000000089500000, 0x0000000089600000, 0x0000000089600000|100%| O|  |TAMS 0x0000000089500000, 0x0000000089500000| Untracked 
| 150|0x0000000089600000, 0x0000000089700000, 0x0000000089700000|100%| O|  |TAMS 0x0000000089600000, 0x0000000089600000| Untracked 
| 151|0x0000000089700000, 0x0000000089800000, 0x0000000089800000|100%| O|  |TAMS 0x0000000089700000, 0x0000000089700000| Untracked 
| 152|0x0000000089800000, 0x0000000089900000, 0x0000000089900000|100%| O|  |TAMS 0x0000000089800000, 0x0000000089800000| Untracked 
| 153|0x0000000089900000, 0x0000000089a00000, 0x0000000089a00000|100%| O|  |TAMS 0x0000000089900000, 0x0000000089900000| Untracked 
| 154|0x0000000089a00000, 0x0000000089b00000, 0x0000000089b00000|100%| O|  |TAMS 0x0000000089a00000, 0x0000000089a00000| Untracked 
| 155|0x0000000089b00000, 0x0000000089c00000, 0x0000000089c00000|100%| O|  |TAMS 0x0000000089b00000, 0x0000000089b00000| Untracked 
| 156|0x0000000089c00000, 0x0000000089c67000, 0x0000000089d00000| 40%| O|  |TAMS 0x0000000089c00000, 0x0000000089c00000| Untracked 
| 157|0x0000000089d00000, 0x0000000089d00000, 0x0000000089e00000|  0%| F|  |TAMS 0x0000000089d00000, 0x0000000089d00000| Untracked 
| 158|0x0000000089e00000, 0x0000000089e00000, 0x0000000089f00000|  0%| F|  |TAMS 0x0000000089e00000, 0x0000000089e00000| Untracked 
| 159|0x0000000089f00000, 0x0000000089f00000, 0x000000008a000000|  0%| F|  |TAMS 0x0000000089f00000, 0x0000000089f00000| Untracked 
| 160|0x000000008a000000, 0x000000008a000000, 0x000000008a100000|  0%| F|  |TAMS 0x000000008a000000, 0x000000008a000000| Untracked 
| 161|0x000000008a100000, 0x000000008a100000, 0x000000008a200000|  0%| F|  |TAMS 0x000000008a100000, 0x000000008a100000| Untracked 
| 162|0x000000008a200000, 0x000000008a200000, 0x000000008a300000|  0%| F|  |TAMS 0x000000008a200000, 0x000000008a200000| Untracked 
| 163|0x000000008a300000, 0x000000008a300000, 0x000000008a400000|  0%| F|  |TAMS 0x000000008a300000, 0x000000008a300000| Untracked 
| 164|0x000000008a400000, 0x000000008a400000, 0x000000008a500000|  0%| F|  |TAMS 0x000000008a400000, 0x000000008a400000| Untracked 
| 165|0x000000008a500000, 0x000000008a500000, 0x000000008a600000|  0%| F|  |TAMS 0x000000008a500000, 0x000000008a500000| Untracked 
| 166|0x000000008a600000, 0x000000008a600000, 0x000000008a700000|  0%| F|  |TAMS 0x000000008a600000, 0x000000008a600000| Untracked 
| 167|0x000000008a700000, 0x000000008a700000, 0x000000008a800000|  0%| F|  |TAMS 0x000000008a700000, 0x000000008a700000| Untracked 
| 168|0x000000008a800000, 0x000000008a800000, 0x000000008a900000|  0%| F|  |TAMS 0x000000008a800000, 0x000000008a800000| Untracked 
| 169|0x000000008a900000, 0x000000008a900000, 0x000000008aa00000|  0%| F|  |TAMS 0x000000008a900000, 0x000000008a900000| Untracked 
| 170|0x000000008aa00000, 0x000000008aa00000, 0x000000008ab00000|  0%| F|  |TAMS 0x000000008aa00000, 0x000000008aa00000| Untracked 
| 171|0x000000008ab00000, 0x000000008ab00000, 0x000000008ac00000|  0%| F|  |TAMS 0x000000008ab00000, 0x000000008ab00000| Untracked 
| 172|0x000000008ac00000, 0x000000008ad00000, 0x000000008ad00000|100%| S|CS|TAMS 0x000000008ac00000, 0x000000008ac00000| Complete 
| 173|0x000000008ad00000, 0x000000008ae00000, 0x000000008ae00000|100%| S|CS|TAMS 0x000000008ad00000, 0x000000008ad00000| Complete 
| 174|0x000000008ae00000, 0x000000008ae00000, 0x000000008af00000|  0%| F|  |TAMS 0x000000008ae00000, 0x000000008ae00000| Untracked 
| 175|0x000000008af00000, 0x000000008af00000, 0x000000008b000000|  0%| F|  |TAMS 0x000000008af00000, 0x000000008af00000| Untracked 
| 176|0x000000008b000000, 0x000000008b000000, 0x000000008b100000|  0%| F|  |TAMS 0x000000008b000000, 0x000000008b000000| Untracked 
| 177|0x000000008b100000, 0x000000008b100000, 0x000000008b200000|  0%| F|  |TAMS 0x000000008b100000, 0x000000008b100000| Untracked 
| 178|0x000000008b200000, 0x000000008b200000, 0x000000008b300000|  0%| F|  |TAMS 0x000000008b200000, 0x000000008b200000| Untracked 
| 179|0x000000008b300000, 0x000000008b300000, 0x000000008b400000|  0%| F|  |TAMS 0x000000008b300000, 0x000000008b300000| Untracked 
| 180|0x000000008b400000, 0x000000008b400000, 0x000000008b500000|  0%| F|  |TAMS 0x000000008b400000, 0x000000008b400000| Untracked 
|2046|0x00000000ffe00000, 0x00000000fff00000, 0x00000000fff00000|100%| O|  |TAMS 0x00000000ffe00000, 0x00000000fff00000| Untracked 
|2047|0x00000000fff00000, 0x0000000100000000, 0x0000000100000000|100%| O|  |TAMS 0x00000000fff00000, 0x0000000100000000| Untracked 

Card table byte_map: [0x00000299cf060000,0x00000299cf460000] _byte_map_base: 0x00000299cec60000

Marking Bits (Prev, Next): (CMBitMap*) 0x00000299ba58ece0, (CMBitMap*) 0x00000299ba58eca0
 Prev Bits: [0x00000299d1860000, 0x00000299d3860000)
 Next Bits: [0x00000299cf860000, 0x00000299d1860000)

Polling page: 0x00000299ba600000

Metaspace:

Usage:
  Non-class:     92.95 MB used.
      Class:     14.33 MB used.
       Both:    107.28 MB used.

Virtual space:
  Non-class space:       96.00 MB reserved,      93.31 MB ( 97%) committed,  12 nodes.
      Class space:        1.00 GB reserved,      14.69 MB (  1%) committed,  1 nodes.
             Both:        1.09 GB reserved,     108.00 MB ( 10%) committed. 

Chunk freelists:
   Non-Class:  2.05 MB
       Class:  1.20 MB
        Both:  3.25 MB

MaxMetaspaceSize: unlimited
CompressedClassSpaceSize: 1.00 GB
Initial GC threshold: 21.00 MB
Current GC threshold: 121.25 MB
CDS: off
MetaspaceReclaimPolicy: balanced
 - commit_granule_bytes: 65536.
 - commit_granule_words: 8192.
 - virtual_space_node_default_size: 1048576.
 - enlarge_chunks_in_place: 1.
 - new_chunks_are_fully_committed: 0.
 - uncommit_free_chunks: 1.
 - use_allocation_guard: 0.
 - handle_deallocations: 1.


Internal statistics:

num_allocs_failed_limit: 9.
num_arena_births: 1038.
num_arena_deaths: 0.
num_vsnodes_births: 13.
num_vsnodes_deaths: 0.
num_space_committed: 1727.
num_space_uncommitted: 0.
num_chunks_returned_to_freelist: 9.
num_chunks_taken_from_freelist: 4944.
num_chunk_merges: 6.
num_chunk_splits: 3326.
num_chunks_enlarged: 2280.
num_purges: 0.
num_inconsistent_stats: 0.

CodeHeap 'non-profiled nmethods': size=120000Kb used=7675Kb max_used=7675Kb free=112324Kb
 bounds [0x00000299c6ca0000, 0x00000299c7420000, 0x00000299ce1d0000]
CodeHeap 'profiled nmethods': size=120000Kb used=22223Kb max_used=22223Kb free=97776Kb
 bounds [0x00000299bf1d0000, 0x00000299c0790000, 0x00000299c6700000]
CodeHeap 'non-nmethods': size=5760Kb used=2436Kb max_used=2574Kb free=3323Kb
 bounds [0x00000299c6700000, 0x00000299c69a0000, 0x00000299c6ca0000]
 total_blobs=12406 nmethods=11430 adapters=888
 compilation: enabled
              stopped_count=0, restarted_count=0
 full_count=0

Compilation events (20 events):
Event: 22.755 Thread 0x00000299d6c552c0 nmethod 12951 0x00000299c7418a90 code [0x00000299c7418c00, 0x00000299c7418c98]
Event: 22.756 Thread 0x00000299d6c552c0 12956       4       com.sun.org.apache.xerces.internal.dom.ElementImpl::setupDefaultAttributes (23 bytes)
Event: 22.756 Thread 0x00000299d6c552c0 nmethod 12956 0x00000299c7418d90 code [0x00000299c7418f20, 0x00000299c7419018]
Event: 22.756 Thread 0x00000299d6c552c0 12957       4       com.sun.org.apache.xerces.internal.dom.ElementImpl::getNodeName (16 bytes)
Event: 22.763 Thread 0x00000299da2b9160 nmethod 12946 0x00000299c7419190 code [0x00000299c74193a0, 0x00000299c741a398]
Event: 22.763 Thread 0x00000299da2b9160 12965       4       com.sun.org.apache.xerces.internal.dom.DeferredDocumentImpl::synchronizeChildren (127 bytes)
Event: 22.765 Thread 0x00000299d6c590c0 12967 %     3       android.databinding.tool.reflection.SdkUtil$ApiChecker::buildFullLookup @ 124 (252 bytes)
Event: 22.769 Thread 0x00000299d6c590c0 nmethod 12967% 0x00000299c077bf10 code [0x00000299c077c560, 0x00000299c0780358]
Event: 22.769 Thread 0x00000299d6c590c0 12968       3       android.databinding.tool.reflection.SdkUtil$ApiChecker::buildFullLookup (252 bytes)
Event: 22.772 Thread 0x00000299d6c590c0 nmethod 12968 0x00000299c0781790 code [0x00000299c0781de0, 0x00000299c07859b8]
Event: 22.784 Thread 0x00000299da2b9160 nmethod 12965 0x00000299c741ab90 code [0x00000299c741ad60, 0x00000299c741ba68]
Event: 22.784 Thread 0x00000299da2b9160 12955       4       com.sun.org.apache.xerces.internal.dom.NamedNodeMapImpl::getNamedItem (29 bytes)
Event: 22.785 Thread 0x00000299da2b9160 nmethod 12955 0x00000299c741c210 code [0x00000299c741c3a0, 0x00000299c741c528]
Event: 22.785 Thread 0x00000299da2b9160 12953       4       java.lang.StringConcatHelper::prepend (22 bytes)
Event: 22.798 Thread 0x00000299da2b9160 nmethod 12953 0x00000299c741c710 code [0x00000299c741c8a0, 0x00000299c741cb38]
Event: 22.798 Thread 0x00000299da2b9160 12959       4       com.sun.org.apache.xerces.internal.dom.AttrImpl::getNodeValue (5 bytes)
Event: 22.811 Thread 0x00000299da2b9160 nmethod 12959 0x00000299c741ce10 code [0x00000299c741cfe0, 0x00000299c741d928]
Event: 22.811 Thread 0x00000299da2b9160 12963       4       com.sun.org.apache.xerces.internal.dom.DeferredDocumentImpl::getNodeValueString (435 bytes)
Event: 22.816 Thread 0x00000299da2b9160 nmethod 12963 0x00000299c741e210 code [0x00000299c741e3c0, 0x00000299c741e878]
Event: 22.816 Thread 0x00000299da2b9160 12969 %     4       android.databinding.tool.reflection.SdkUtil$ApiChecker::buildFullLookup @ 124 (252 bytes)

GC Heap History (20 events):
Event: 12.541 GC heap after
{Heap after GC invocations=31 (full 0):
 garbage-first heap   total 185344K, used 66020K [0x0000000080000000, 0x0000000100000000)
  region size 1024K, 9 young (9216K), 9 survivors (9216K)
 Metaspace       used 87258K, committed 87936K, reserved 1130496K
  class space    used 11849K, committed 12160K, reserved 1048576K
}
Event: 13.702 GC heap before
{Heap before GC invocations=31 (full 0):
 garbage-first heap   total 185344K, used 139748K [0x0000000080000000, 0x0000000100000000)
  region size 1024K, 81 young (82944K), 9 survivors (9216K)
 Metaspace       used 93670K, committed 94272K, reserved 1130496K
  class space    used 12759K, committed 13056K, reserved 1048576K
}
Event: 13.715 GC heap after
{Heap after GC invocations=32 (full 0):
 garbage-first heap   total 185344K, used 72716K [0x0000000080000000, 0x0000000100000000)
  region size 1024K, 11 young (11264K), 11 survivors (11264K)
 Metaspace       used 93670K, committed 94272K, reserved 1130496K
  class space    used 12759K, committed 13056K, reserved 1048576K
}
Event: 15.372 GC heap before
{Heap before GC invocations=32 (full 0):
 garbage-first heap   total 185344K, used 141324K [0x0000000080000000, 0x0000000100000000)
  region size 1024K, 79 young (80896K), 11 survivors (11264K)
 Metaspace       used 95920K, committed 96512K, reserved 1138688K
  class space    used 13173K, committed 13440K, reserved 1048576K
}
Event: 15.390 GC heap after
{Heap after GC invocations=33 (full 0):
 garbage-first heap   total 185344K, used 82944K [0x0000000080000000, 0x0000000100000000)
  region size 1024K, 10 young (10240K), 10 survivors (10240K)
 Metaspace       used 95920K, committed 96512K, reserved 1138688K
  class space    used 13173K, committed 13440K, reserved 1048576K
}
Event: 16.001 GC heap before
{Heap before GC invocations=33 (full 0):
 garbage-first heap   total 185344K, used 142336K [0x0000000080000000, 0x0000000100000000)
  region size 1024K, 69 young (70656K), 10 survivors (10240K)
 Metaspace       used 96259K, committed 96896K, reserved 1138688K
  class space    used 13180K, committed 13504K, reserved 1048576K
}
Event: 16.013 GC heap after
{Heap after GC invocations=34 (full 0):
 garbage-first heap   total 185344K, used 88419K [0x0000000080000000, 0x0000000100000000)
  region size 1024K, 7 young (7168K), 7 survivors (7168K)
 Metaspace       used 96259K, committed 96896K, reserved 1138688K
  class space    used 13180K, committed 13504K, reserved 1048576K
}
Event: 16.913 GC heap before
{Heap before GC invocations=34 (full 0):
 garbage-first heap   total 185344K, used 144739K [0x0000000080000000, 0x0000000100000000)
  region size 1024K, 63 young (64512K), 7 survivors (7168K)
 Metaspace       used 96862K, committed 97536K, reserved 1138688K
  class space    used 13216K, committed 13568K, reserved 1048576K
}
Event: 16.922 GC heap after
{Heap after GC invocations=35 (full 0):
 garbage-first heap   total 185344K, used 92229K [0x0000000080000000, 0x0000000100000000)
  region size 1024K, 6 young (6144K), 6 survivors (6144K)
 Metaspace       used 96862K, committed 97536K, reserved 1138688K
  class space    used 13216K, committed 13568K, reserved 1048576K
}
Event: 17.633 GC heap before
{Heap before GC invocations=35 (full 0):
 garbage-first heap   total 185344K, used 145477K [0x0000000080000000, 0x0000000100000000)
  region size 1024K, 59 young (60416K), 6 survivors (6144K)
 Metaspace       used 97124K, committed 97856K, reserved 1138688K
  class space    used 13254K, committed 13632K, reserved 1048576K
}
Event: 17.643 GC heap after
{Heap after GC invocations=36 (full 0):
 garbage-first heap   total 185344K, used 96383K [0x0000000080000000, 0x0000000100000000)
  region size 1024K, 6 young (6144K), 6 survivors (6144K)
 Metaspace       used 97124K, committed 97856K, reserved 1138688K
  class space    used 13254K, committed 13632K, reserved 1048576K
}
Event: 20.794 GC heap before
{Heap before GC invocations=36 (full 0):
 garbage-first heap   total 185344K, used 147583K [0x0000000080000000, 0x0000000100000000)
  region size 1024K, 56 young (57344K), 6 survivors (6144K)
 Metaspace       used 102880K, committed 103616K, reserved 1138688K
  class space    used 14009K, committed 14336K, reserved 1048576K
}
Event: 20.806 GC heap after
{Heap after GC invocations=37 (full 0):
 garbage-first heap   total 185344K, used 102218K [0x0000000080000000, 0x0000000100000000)
  region size 1024K, 7 young (7168K), 7 survivors (7168K)
 Metaspace       used 102880K, committed 103616K, reserved 1138688K
  class space    used 14009K, committed 14336K, reserved 1048576K
}
Event: 22.099 GC heap before
{Heap before GC invocations=37 (full 0):
 garbage-first heap   total 185344K, used 150346K [0x0000000080000000, 0x0000000100000000)
  region size 1024K, 52 young (53248K), 7 survivors (7168K)
 Metaspace       used 108127K, committed 108864K, reserved 1146880K
  class space    used 14486K, committed 14848K, reserved 1048576K
}
Event: 22.109 GC heap after
{Heap after GC invocations=38 (full 0):
 garbage-first heap   total 185344K, used 112601K [0x0000000080000000, 0x0000000100000000)
  region size 1024K, 7 young (7168K), 7 survivors (7168K)
 Metaspace       used 108127K, committed 108864K, reserved 1146880K
  class space    used 14486K, committed 14848K, reserved 1048576K
}
Event: 22.729 GC heap before
{Heap before GC invocations=38 (full 0):
 garbage-first heap   total 185344K, used 148441K [0x0000000080000000, 0x0000000100000000)
  region size 1024K, 43 young (44032K), 7 survivors (7168K)
 Metaspace       used 109852K, committed 110592K, reserved 1146880K
  class space    used 14673K, committed 15040K, reserved 1048576K
}
Event: 22.746 GC heap after
{Heap after GC invocations=39 (full 0):
 garbage-first heap   total 187392K, used 143360K [0x0000000080000000, 0x0000000100000000)
  region size 1024K, 6 young (6144K), 6 survivors (6144K)
 Metaspace       used 109852K, committed 110592K, reserved 1146880K
  class space    used 14673K, committed 15040K, reserved 1048576K
}
Event: 22.787 GC heap before
{Heap before GC invocations=39 (full 0):
 garbage-first heap   total 187392K, used 153600K [0x0000000080000000, 0x0000000100000000)
  region size 1024K, 16 young (16384K), 6 survivors (6144K)
 Metaspace       used 109853K, committed 110592K, reserved 1146880K
  class space    used 14673K, committed 15040K, reserved 1048576K
}
Event: 22.797 GC heap after
{Heap after GC invocations=40 (full 0):
 garbage-first heap   total 187392K, used 155648K [0x0000000080000000, 0x0000000100000000)
  region size 1024K, 2 young (2048K), 2 survivors (2048K)
 Metaspace       used 109853K, committed 110592K, reserved 1146880K
  class space    used 14673K, committed 15040K, reserved 1048576K
}
Event: 22.828 GC heap before
{Heap before GC invocations=40 (full 0):
 garbage-first heap   total 187392K, used 162816K [0x0000000080000000, 0x0000000100000000)
  region size 1024K, 9 young (9216K), 2 survivors (2048K)
 Metaspace       used 109853K, committed 110592K, reserved 1146880K
  class space    used 14673K, committed 15040K, reserved 1048576K
}

Dll operation events (2 events):
Event: 0.005 Loaded shared library D:\bac\andorid-studio\jbr\bin\java.dll
Event: 0.322 Loaded shared library D:\bac\andorid-studio\jbr\bin\verify.dll

Deoptimization events (20 events):
Event: 22.666 Thread 0x00000299e421e9f0 Uncommon trap: trap_request=0xffffff45 fr.pc=0x00000299c73d1760 relative=0x0000000000000060
Event: 22.666 Thread 0x00000299e421e9f0 Uncommon trap: reason=unstable_if action=reinterpret pc=0x00000299c73d1760 method=com.sun.org.apache.xerces.internal.util.AugmentationsImpl$SmallContainer.clear()V @ 9 c2
Event: 22.666 Thread 0x00000299e421e9f0 DEOPT PACKING pc=0x00000299c73d1760 sp=0x000000d0f8bf89b0
Event: 22.666 Thread 0x00000299e421e9f0 DEOPT UNPACKING pc=0x00000299c67569a3 sp=0x000000d0f8bf8938 mode 2
Event: 22.676 Thread 0x00000299e421e9f0 Uncommon trap: trap_request=0xffffff45 fr.pc=0x00000299c7408850 relative=0x0000000000000230
Event: 22.676 Thread 0x00000299e421e9f0 Uncommon trap: reason=unstable_if action=reinterpret pc=0x00000299c7408850 method=com.sun.org.apache.xerces.internal.dom.DeferredDocumentImpl.getPrevSibling(IZ)I @ 2 c2
Event: 22.676 Thread 0x00000299e421e9f0 DEOPT PACKING pc=0x00000299c7408850 sp=0x000000d0f8bf8c00
Event: 22.676 Thread 0x00000299e421e9f0 DEOPT UNPACKING pc=0x00000299c67569a3 sp=0x000000d0f8bf8b20 mode 2
Event: 22.677 Thread 0x00000299e421e9f0 Uncommon trap: trap_request=0xffffff45 fr.pc=0x00000299c74090d0 relative=0x0000000000000230
Event: 22.677 Thread 0x00000299e421e9f0 Uncommon trap: reason=unstable_if action=reinterpret pc=0x00000299c74090d0 method=com.sun.org.apache.xerces.internal.dom.DeferredDocumentImpl.getPrevSibling(IZ)I @ 2 c2
Event: 22.677 Thread 0x00000299e421e9f0 DEOPT PACKING pc=0x00000299c74090d0 sp=0x000000d0f8bf8b90
Event: 22.677 Thread 0x00000299e421e9f0 DEOPT UNPACKING pc=0x00000299c67569a3 sp=0x000000d0f8bf8b20 mode 2
Event: 22.678 Thread 0x00000299e421e9f0 Uncommon trap: trap_request=0xffffff45 fr.pc=0x00000299c7409fc8 relative=0x00000000000002a8
Event: 22.678 Thread 0x00000299e421e9f0 Uncommon trap: reason=unstable_if action=reinterpret pc=0x00000299c7409fc8 method=com.sun.org.apache.xerces.internal.dom.DeferredDocumentImpl.getNodeObject(I)Lcom/sun/org/apache/xerces/internal/dom/DeferredNode; @ 58 c2
Event: 22.678 Thread 0x00000299e421e9f0 DEOPT PACKING pc=0x00000299c7409fc8 sp=0x000000d0f8bf8d80
Event: 22.678 Thread 0x00000299e421e9f0 DEOPT UNPACKING pc=0x00000299c67569a3 sp=0x000000d0f8bf8d00 mode 2
Event: 22.680 Thread 0x00000299e421e9f0 Uncommon trap: trap_request=0xffffff45 fr.pc=0x00000299c740a728 relative=0x0000000000000108
Event: 22.680 Thread 0x00000299e421e9f0 Uncommon trap: reason=unstable_if action=reinterpret pc=0x00000299c740a728 method=com.sun.org.apache.xerces.internal.dom.DeferredDocumentImpl.clearChunkIndex([[III)I @ 47 c2
Event: 22.680 Thread 0x00000299e421e9f0 DEOPT PACKING pc=0x00000299c740a728 sp=0x000000d0f8bf8c10
Event: 22.680 Thread 0x00000299e421e9f0 DEOPT UNPACKING pc=0x00000299c67569a3 sp=0x000000d0f8bf8bb8 mode 2

Classes unloaded (0 events):
No events

Classes redefined (0 events):
No events

Internal exceptions (20 events):
Event: 21.932 Thread 0x00000299e421e9f0 Exception <a 'sun/nio/fs/WindowsException'{0x000000008913e3d0}> (0x000000008913e3d0) 
thrown [s\src\hotspot\share\prims\jni.cpp, line 517]
Event: 21.933 Thread 0x00000299e421e9f0 Exception <a 'sun/nio/fs/WindowsException'{0x00000000891586a8}> (0x00000000891586a8) 
thrown [s\src\hotspot\share\prims\jni.cpp, line 517]
Event: 21.933 Thread 0x00000299e421e9f0 Exception <a 'sun/nio/fs/WindowsException'{0x00000000891589b8}> (0x00000000891589b8) 
thrown [s\src\hotspot\share\prims\jni.cpp, line 517]
Event: 21.947 Thread 0x00000299e421e9f0 Exception <a 'sun/nio/fs/WindowsException'{0x00000000891ef258}> (0x00000000891ef258) 
thrown [s\src\hotspot\share\prims\jni.cpp, line 517]
Event: 21.947 Thread 0x00000299e421e9f0 Exception <a 'sun/nio/fs/WindowsException'{0x00000000891ef548}> (0x00000000891ef548) 
thrown [s\src\hotspot\share\prims\jni.cpp, line 517]
Event: 21.949 Thread 0x00000299e421e9f0 Exception <a 'sun/nio/fs/WindowsException'{0x000000008901fc38}> (0x000000008901fc38) 
thrown [s\src\hotspot\share\prims\jni.cpp, line 517]
Event: 21.949 Thread 0x00000299e421e9f0 Exception <a 'sun/nio/fs/WindowsException'{0x000000008901ff28}> (0x000000008901ff28) 
thrown [s\src\hotspot\share\prims\jni.cpp, line 517]
Event: 21.952 Thread 0x00000299e421e9f0 Exception <a 'sun/nio/fs/WindowsException'{0x000000008906bd98}> (0x000000008906bd98) 
thrown [s\src\hotspot\share\prims\jni.cpp, line 517]
Event: 21.952 Thread 0x00000299e421e9f0 Exception <a 'sun/nio/fs/WindowsException'{0x000000008906c038}> (0x000000008906c038) 
thrown [s\src\hotspot\share\prims\jni.cpp, line 517]
Event: 21.959 Thread 0x00000299e421e9f0 Exception <a 'sun/nio/fs/WindowsException'{0x00000000890d9fa8}> (0x00000000890d9fa8) 
thrown [s\src\hotspot\share\prims\jni.cpp, line 517]
Event: 21.960 Thread 0x00000299e421e9f0 Exception <a 'sun/nio/fs/WindowsException'{0x00000000890da2a0}> (0x00000000890da2a0) 
thrown [s\src\hotspot\share\prims\jni.cpp, line 517]
Event: 21.962 Thread 0x00000299e421e9f0 Exception <a 'sun/nio/fs/WindowsException'{0x00000000890e85a8}> (0x00000000890e85a8) 
thrown [s\src\hotspot\share\prims\jni.cpp, line 517]
Event: 21.962 Thread 0x00000299e421e9f0 Exception <a 'sun/nio/fs/WindowsException'{0x00000000890e8890}> (0x00000000890e8890) 
thrown [s\src\hotspot\share\prims\jni.cpp, line 517]
Event: 21.965 Thread 0x00000299e421e9f0 Exception <a 'sun/nio/fs/WindowsException'{0x0000000088f049e0}> (0x0000000088f049e0) 
thrown [s\src\hotspot\share\prims\jni.cpp, line 517]
Event: 21.965 Thread 0x00000299e421e9f0 Exception <a 'sun/nio/fs/WindowsException'{0x0000000088f04ca0}> (0x0000000088f04ca0) 
thrown [s\src\hotspot\share\prims\jni.cpp, line 517]
Event: 22.077 Thread 0x00000299e421e9f0 Exception <a 'sun/nio/fs/WindowsException'{0x00000000889265d8}> (0x00000000889265d8) 
thrown [s\src\hotspot\share\prims\jni.cpp, line 517]
Event: 22.088 Thread 0x00000299e421e9f0 Exception <a 'sun/nio/fs/WindowsException'{0x00000000889ea120}> (0x00000000889ea120) 
thrown [s\src\hotspot\share\prims\jni.cpp, line 517]
Event: 22.089 Thread 0x00000299e421e9f0 Exception <a 'sun/nio/fs/WindowsException'{0x00000000889f2530}> (0x00000000889f2530) 
thrown [s\src\hotspot\share\prims\jni.cpp, line 517]
Event: 22.089 Thread 0x00000299e421e9f0 Exception <a 'sun/nio/fs/WindowsException'{0x00000000889f2820}> (0x00000000889f2820) 
thrown [s\src\hotspot\share\prims\jni.cpp, line 517]
Event: 22.356 Thread 0x00000299e421e9f0 Implicit null exception at 0x00000299c73c7b80 to 0x00000299c73c7e60

VM Operations (20 events):
Event: 18.024 Executing VM operation: HandshakeAllThreads done
Event: 18.080 Executing VM operation: HandshakeAllThreads
Event: 18.080 Executing VM operation: HandshakeAllThreads done
Event: 19.077 Executing VM operation: Cleanup
Event: 19.078 Executing VM operation: Cleanup done
Event: 20.794 Executing VM operation: G1CollectForAllocation
Event: 20.806 Executing VM operation: G1CollectForAllocation done
Event: 21.821 Executing VM operation: Cleanup
Event: 21.821 Executing VM operation: Cleanup done
Event: 22.099 Executing VM operation: G1CollectForAllocation
Event: 22.109 Executing VM operation: G1CollectForAllocation done
Event: 22.668 Executing VM operation: HandshakeAllThreads
Event: 22.668 Executing VM operation: HandshakeAllThreads done
Event: 22.669 Executing VM operation: HandshakeAllThreads
Event: 22.669 Executing VM operation: HandshakeAllThreads done
Event: 22.729 Executing VM operation: G1CollectForAllocation
Event: 22.746 Executing VM operation: G1CollectForAllocation done
Event: 22.787 Executing VM operation: G1CollectForAllocation
Event: 22.797 Executing VM operation: G1CollectForAllocation done
Event: 22.828 Executing VM operation: G1CollectForAllocation

Events (20 events):
Event: 22.669 loading class com/sun/org/apache/xerces/internal/dom/DeferredTextImpl
Event: 22.669 loading class com/sun/org/apache/xerces/internal/dom/TextImpl
Event: 22.669 loading class org/w3c/dom/CharacterData
Event: 22.670 loading class org/w3c/dom/CharacterData done
Event: 22.670 loading class org/w3c/dom/Text
Event: 22.670 loading class org/w3c/dom/Text done
Event: 22.670 loading class com/sun/org/apache/xerces/internal/dom/CharacterDataImpl
Event: 22.670 loading class com/sun/org/apache/xerces/internal/dom/CharacterDataImpl done
Event: 22.670 loading class com/sun/org/apache/xerces/internal/dom/TextImpl done
Event: 22.670 loading class com/sun/org/apache/xerces/internal/dom/DeferredTextImpl done
Event: 22.670 loading class com/sun/org/apache/xerces/internal/dom/CharacterDataImpl$1
Event: 22.670 loading class com/sun/org/apache/xerces/internal/dom/CharacterDataImpl$1 done
Event: 22.675 loading class com/sun/org/apache/xerces/internal/dom/AttributeMap
Event: 22.675 loading class com/sun/org/apache/xerces/internal/dom/NamedNodeMapImpl
Event: 22.675 loading class com/sun/org/apache/xerces/internal/dom/NamedNodeMapImpl done
Event: 22.675 loading class com/sun/org/apache/xerces/internal/dom/AttributeMap done
Event: 22.675 loading class com/sun/org/apache/xerces/internal/dom/DeferredAttrImpl
Event: 22.676 loading class com/sun/org/apache/xerces/internal/dom/AttrImpl
Event: 22.676 loading class com/sun/org/apache/xerces/internal/dom/AttrImpl done
Event: 22.676 loading class com/sun/org/apache/xerces/internal/dom/DeferredAttrImpl done


Dynamic libraries:
0x00007ff7ab260000 - 0x00007ff7ab26a000 	D:\bac\andorid-studio\jbr\bin\java.exe
0x00007ff9384b0000 - 0x00007ff9386a8000 	C:\WINDOWS\SYSTEM32\ntdll.dll
0x00007ff937eb0000 - 0x00007ff937f6d000 	C:\WINDOWS\System32\KERNEL32.DLL
0x00007ff935de0000 - 0x00007ff9360d6000 	C:\WINDOWS\System32\KERNELBASE.dll
0x00007ff935bf0000 - 0x00007ff935cf0000 	C:\WINDOWS\System32\ucrtbase.dll
0x00007ff91cfd0000 - 0x00007ff91cfe7000 	D:\bac\andorid-studio\jbr\bin\jli.dll
0x00007ff91b610000 - 0x00007ff91b62b000 	D:\bac\andorid-studio\jbr\bin\VCRUNTIME140.dll
0x00007ff938030000 - 0x00007ff9381ce000 	C:\WINDOWS\System32\USER32.dll
0x00007ff935d60000 - 0x00007ff935d82000 	C:\WINDOWS\System32\win32u.dll
0x00007ff91fc70000 - 0x00007ff91ff0a000 	C:\WINDOWS\WinSxS\amd64_microsoft.windows.common-controls_6595b64144ccf1df_6.0.19041.3636_none_60b6a03d71f818d5\COMCTL32.dll
0x00007ff936ef0000 - 0x00007ff936f1b000 	C:\WINDOWS\System32\GDI32.dll
0x00007ff936af0000 - 0x00007ff936b8e000 	C:\WINDOWS\System32\msvcrt.dll
0x00007ff936110000 - 0x00007ff936227000 	C:\WINDOWS\System32\gdi32full.dll
0x00007ff936230000 - 0x00007ff9362cd000 	C:\WINDOWS\System32\msvcp_win.dll
0x00007ff938430000 - 0x00007ff938462000 	C:\WINDOWS\System32\IMM32.DLL
0x00007ff92c320000 - 0x00007ff92c32c000 	D:\bac\andorid-studio\jbr\bin\vcruntime140_1.dll
0x00007ff8ff0a0000 - 0x00007ff8ff12d000 	D:\bac\andorid-studio\jbr\bin\msvcp140.dll
0x00007ff8b3650000 - 0x00007ff8b42be000 	D:\bac\andorid-studio\jbr\bin\server\jvm.dll
0x00007ff9369e0000 - 0x00007ff936a90000 	C:\WINDOWS\System32\ADVAPI32.dll
0x00007ff936810000 - 0x00007ff9368b0000 	C:\WINDOWS\System32\sechost.dll
0x00007ff9368b0000 - 0x00007ff9369d5000 	C:\WINDOWS\System32\RPCRT4.dll
0x00007ff9360e0000 - 0x00007ff936107000 	C:\WINDOWS\System32\bcrypt.dll
0x00007ff912bd0000 - 0x00007ff912bf7000 	C:\WINDOWS\SYSTEM32\WINMM.dll
0x00007ff92cb60000 - 0x00007ff92cb69000 	C:\WINDOWS\SYSTEM32\WSOCK32.dll
0x00007ff926d70000 - 0x00007ff926d7a000 	C:\WINDOWS\SYSTEM32\VERSION.dll
0x00007ff936fd0000 - 0x00007ff93703b000 	C:\WINDOWS\System32\WS2_32.dll
0x00007ff9343a0000 - 0x00007ff9343b2000 	C:\WINDOWS\SYSTEM32\kernel.appcore.dll
0x00007ff92c6a0000 - 0x00007ff92c6aa000 	D:\bac\andorid-studio\jbr\bin\jimage.dll
0x00007ff930770000 - 0x00007ff930954000 	C:\WINDOWS\SYSTEM32\DBGHELP.DLL
0x00007ff90fc80000 - 0x00007ff90fcb4000 	C:\WINDOWS\SYSTEM32\dbgcore.DLL
0x00007ff935b60000 - 0x00007ff935be2000 	C:\WINDOWS\System32\bcryptPrimitives.dll
0x00007ff923ab0000 - 0x00007ff923ad5000 	D:\bac\andorid-studio\jbr\bin\java.dll
0x00007ff92c370000 - 0x00007ff92c388000 	D:\bac\andorid-studio\jbr\bin\zip.dll
0x00007ff937040000 - 0x00007ff9377ab000 	C:\WINDOWS\System32\SHELL32.dll
0x00007ff933bf0000 - 0x00007ff93438e000 	C:\WINDOWS\SYSTEM32\windows.storage.dll
0x00007ff936b90000 - 0x00007ff936ee3000 	C:\WINDOWS\System32\combase.dll
0x00007ff935520000 - 0x00007ff93554e000 	C:\WINDOWS\SYSTEM32\Wldp.dll
0x00007ff937960000 - 0x00007ff937a2d000 	C:\WINDOWS\System32\OLEAUT32.dll
0x00007ff9365b0000 - 0x00007ff93665d000 	C:\WINDOWS\System32\SHCORE.dll
0x00007ff9382b0000 - 0x00007ff938305000 	C:\WINDOWS\System32\shlwapi.dll
0x00007ff935a90000 - 0x00007ff935ab5000 	C:\WINDOWS\SYSTEM32\profapi.dll
0x00007ff927030000 - 0x00007ff927049000 	D:\bac\andorid-studio\jbr\bin\net.dll
0x00007ff92a7c0000 - 0x00007ff92a8ca000 	C:\WINDOWS\SYSTEM32\WINHTTP.dll
0x00007ff935280000 - 0x00007ff9352ea000 	C:\WINDOWS\system32\mswsock.dll
0x00007ff920660000 - 0x00007ff920676000 	D:\bac\andorid-studio\jbr\bin\nio.dll
0x00007ff92b430000 - 0x00007ff92b440000 	D:\bac\andorid-studio\jbr\bin\verify.dll
0x00007ff90ff60000 - 0x00007ff90ff87000 	C:\Users\nguye\.gradle\native\68d5fa5c4cc2d200863cafc0d521ce42e7d3e7ee720ec0a83991735586a16f82\windows-amd64\native-platform.dll
0x00007ff8c0560000 - 0x00007ff8c06a4000 	C:\Users\nguye\.gradle\native\e376f236ea51e6404a007f0833ffe2c6e607c4080706a723a18a27aeea778392\windows-amd64\native-platform-file-events.dll
0x00007ff92a4c0000 - 0x00007ff92a4c9000 	D:\bac\andorid-studio\jbr\bin\management.dll
0x00007ff926d30000 - 0x00007ff926d3b000 	D:\bac\andorid-studio\jbr\bin\management_ext.dll
0x00007ff936f30000 - 0x00007ff936f38000 	C:\WINDOWS\System32\PSAPI.DLL
0x00007ff935480000 - 0x00007ff935498000 	C:\WINDOWS\SYSTEM32\CRYPTSP.dll
0x00007ff934bb0000 - 0x00007ff934be4000 	C:\WINDOWS\system32\rsaenh.dll
0x00007ff935a50000 - 0x00007ff935a7e000 	C:\WINDOWS\SYSTEM32\USERENV.dll
0x00007ff935470000 - 0x00007ff93547c000 	C:\WINDOWS\SYSTEM32\CRYPTBASE.dll
0x00007ff934f70000 - 0x00007ff934fab000 	C:\WINDOWS\SYSTEM32\IPHLPAPI.DLL
0x00007ff937ea0000 - 0x00007ff937ea8000 	C:\WINDOWS\System32\NSI.dll
0x00007ff92ac40000 - 0x00007ff92ac57000 	C:\WINDOWS\SYSTEM32\dhcpcsvc6.DLL
0x00007ff92af80000 - 0x00007ff92af9d000 	C:\WINDOWS\SYSTEM32\dhcpcsvc.DLL
0x00007ff934fb0000 - 0x00007ff93507b000 	C:\WINDOWS\SYSTEM32\DNSAPI.dll
0x00007ff923b40000 - 0x00007ff923b47000 	C:\WINDOWS\system32\wshunix.dll
0x00007ff92b020000 - 0x00007ff92b02a000 	C:\Windows\System32\rasadhlp.dll
0x00007ff9207a0000 - 0x00007ff920820000 	C:\WINDOWS\System32\fwpuclnt.dll

dbghelp: loaded successfully - version: 4.0.5 - missing functions: none
symbol engine: initialized successfully - sym options: 0x614 - pdb path: .;D:\bac\andorid-studio\jbr\bin;C:\WINDOWS\SYSTEM32;C:\WINDOWS\WinSxS\amd64_microsoft.windows.common-controls_6595b64144ccf1df_6.0.19041.3636_none_60b6a03d71f818d5;D:\bac\andorid-studio\jbr\bin\server;C:\Users\nguye\.gradle\native\68d5fa5c4cc2d200863cafc0d521ce42e7d3e7ee720ec0a83991735586a16f82\windows-amd64;C:\Users\nguye\.gradle\native\e376f236ea51e6404a007f0833ffe2c6e607c4080706a723a18a27aeea778392\windows-amd64

VM Arguments:
jvm_args: --add-opens=java.base/java.util=ALL-UNNAMED --add-opens=java.base/java.lang=ALL-UNNAMED --add-opens=java.base/java.lang.invoke=ALL-UNNAMED --add-opens=java.prefs/java.util.prefs=ALL-UNNAMED --add-opens=java.base/java.nio.charset=ALL-UNNAMED --add-opens=java.base/java.net=ALL-UNNAMED --add-opens=java.base/java.util.concurrent.atomic=ALL-UNNAMED -Xmx2048m -Dfile.encoding=UTF-8 -Duser.country=US -Duser.language=en -Duser.variant 
java_command: org.gradle.launcher.daemon.bootstrap.GradleDaemon 8.0
java_class_path (initial): C:\Users\nguye\.gradle\wrapper\dists\gradle-8.0-bin\ca5e32bp14vu59qr306oxotwh\gradle-8.0\lib\gradle-launcher-8.0.jar
Launcher Type: SUN_STANDARD

[Global flags]
     intx CICompilerCount                          = 4                                         {product} {ergonomic}
     uint ConcGCThreads                            = 2                                         {product} {ergonomic}
     uint G1ConcRefinementThreads                  = 8                                         {product} {ergonomic}
   size_t G1HeapRegionSize                         = 1048576                                   {product} {ergonomic}
    uintx GCDrainStackTargetSize                   = 64                                        {product} {ergonomic}
   size_t InitialHeapSize                          = 132120576                                 {product} {ergonomic}
   size_t MarkStackSize                            = 4194304                                   {product} {ergonomic}
   size_t MaxHeapSize                              = 2147483648                                {product} {command line}
   size_t MaxNewSize                               = 1287651328                                {product} {ergonomic}
   size_t MinHeapDeltaBytes                        = 1048576                                   {product} {ergonomic}
   size_t MinHeapSize                              = 8388608                                   {product} {ergonomic}
    uintx NonNMethodCodeHeapSize                   = 5839372                                {pd product} {ergonomic}
    uintx NonProfiledCodeHeapSize                  = 122909434                              {pd product} {ergonomic}
    uintx ProfiledCodeHeapSize                     = 122909434                              {pd product} {ergonomic}
    uintx ReservedCodeCacheSize                    = 251658240                              {pd product} {ergonomic}
     bool SegmentedCodeCache                       = true                                      {product} {ergonomic}
   size_t SoftMaxHeapSize                          = 2147483648                             {manageable} {ergonomic}
     bool UseCompressedClassPointers               = true                           {product lp64_product} {ergonomic}
     bool UseCompressedOops                        = true                           {product lp64_product} {ergonomic}
     bool UseG1GC                                  = true                                      {product} {ergonomic}
     bool UseLargePagesIndividualAllocation        = false                                  {pd product} {ergonomic}

Logging:
Log output configuration:
 #0: stdout all=warning uptime,level,tags
 #1: stderr all=off uptime,level,tags

Environment Variables:
JAVA_HOME=C:\Program Files\Java\jdk-17
PATH=C:\Program Files\Common Files\Oracle\Java\javapath;C:\WINDOWS\system32;C:\WINDOWS;C:\WINDOWS\System32\Wbem;C:\WINDOWS\System32\WindowsPowerShell\v1.0\;C:\WINDOWS\System32\OpenSSH\;C:\Program Files (x86)\Intel\Intel(R) Management Engine Components\DAL;C:\Program Files\Intel\Intel(R) Management Engine Components\DAL;C:\Program Files\Java\jdk-17\bin;C:\Program Files\Git\cmd;C:\Program Files\nodejs\;C:\Users\nguye\AppData\Local\Microsoft\WindowsApps;C:\Program Files\Azure Data Studio\bin;D:\bac\WebStorm 2023.1.4\bin;;C:\Users\nguye\AppData\Local\Android\sdk\platform-tools;C:\Users\nguye\AppData\Local\Programs\Microsoft VS Code\bin;C:\Users\nguye\AppData\Roaming\npm
USERNAME=northern
OS=Windows_NT
PROCESSOR_IDENTIFIER=Intel64 Family 6 Model 142 Stepping 12, GenuineIntel
TMP=C:\Users\nguye\AppData\Local\Temp
TEMP=C:\Users\nguye\AppData\Local\Temp


JNI global refs:
JNI global refs: 27, weak refs: 2

JNI global refs memory usage: 843, weak refs: 841


---------------  S Y S T E M  ---------------

OS:
 Windows 10 , 64 bit Build 19041 (10.0.19041.3636)
OS uptime: 0 days 0:48 hours

CPU: total 8 (initial active 8) (4 cores per cpu, 2 threads per core) family 6 model 142 stepping 12 microcode 0xb8, cx8, cmov, fxsr, ht, mmx, 3dnowpref, sse, sse2, sse3, ssse3, sse4.1, sse4.2, popcnt, lzcnt, tsc, tscinvbit, avx, avx2, aes, erms, clmul, bmi1, bmi2, adx, fma, vzeroupper, clflush, clflushopt

Memory: 4k page, system-wide physical 8040M (1181M free)
TotalPageFile size 9623M (AvailPageFile size 124M)
current process WorkingSet (physical memory assigned to process): 472M, peak: 478M
current process commit charge ("private bytes"): 509M, peak: 630M

vm_info: OpenJDK 64-Bit Server VM (17.0.6+0-b2043.56-10027231) for windows-amd64 JRE (17.0.6+0-b2043.56-10027231), built on Apr 28 2023 00:43:19 by "androidbuild" with MS VC++ 16.10 / 16.11 (VS2019)

END.
