#
# There is insufficient memory for the Java Runtime Environment to continue.
# Native memory allocation (malloc) failed to allocate 1833136 bytes for Chunk::new
# Possible reasons:
#   The system is out of physical RAM or swap space
#   The process is running with CompressedOops enabled, and the Java Heap may be blocking the growth of the native heap
# Possible solutions:
#   Reduce memory load on the system
#   Increase physical memory or swap space
#   Check if swap backing store is full
#   Decrease Java heap size (-Xmx/-Xms)
#   Decrease number of Java threads
#   Decrease Java thread stack sizes (-Xss)
#   Set larger code cache with -XX:ReservedCodeCacheSize=
#   JVM is running with Unscaled Compressed Oops mode in which the Java heap is
#     placed in the first 4GB address space. The Java Heap base address is the
#     maximum limit for the native heap growth. Please use -XX:HeapBaseMinAddress
#     to set the Java Heap base and to place the Java Heap above 4GB virtual address.
# This output file may be truncated or incomplete.
#
#  Out of Memory Error (arena.cpp:189), pid=7016, tid=9484
#
# JRE version: OpenJDK Runtime Environment (17.0.6) (build 17.0.6+0-b2043.56-10027231)
# Java VM: OpenJDK 64-Bit Server VM (17.0.6+0-b2043.56-10027231, mixed mode, tiered, compressed oops, compressed class ptrs, g1 gc, windows-amd64)
# No core dump will be written. Minidumps are not enabled by default on client versions of Windows
#

---------------  S U M M A R Y ------------

Command Line: --add-opens=java.base/java.util=ALL-UNNAMED --add-opens=java.base/java.lang=ALL-UNNAMED --add-opens=java.base/java.lang.invoke=ALL-UNNAMED --add-opens=java.prefs/java.util.prefs=ALL-UNNAMED --add-opens=java.base/java.nio.charset=ALL-UNNAMED --add-opens=java.base/java.net=ALL-UNNAMED --add-opens=java.base/java.util.concurrent.atomic=ALL-UNNAMED -Xmx2048m -Dfile.encoding=UTF-8 -Duser.country=US -Duser.language=en -Duser.variant org.gradle.launcher.daemon.bootstrap.GradleDaemon 8.0

Host: Intel(R) Core(TM) i5-8265U CPU @ 1.60GHz, 8 cores, 7G,  Windows 10 , 64 bit Build 19041 (10.0.19041.3636)
Time: Mon Apr  1 19:47:34 2024 SE Asia Standard Time elapsed time: 10.116395 seconds (0d 0h 0m 10s)

---------------  T H R E A D  ---------------

Current thread (0x0000021ddf018ca0):  JavaThread "C2 CompilerThread0" daemon [_thread_in_native, id=9484, stack(0x000000e48e600000,0x000000e48e700000)]


Current CompileTask:
C2:  10116 8125 %     4       org.gradle.internal.instantiation.generator.AbstractClassGenerator::inspectType @ 77 (560 bytes)

Stack: [0x000000e48e600000,0x000000e48e700000]
Native frames: (J=compiled Java code, j=interpreted, Vv=VM code, C=native code)
V  [jvm.dll+0x683c9a]
V  [jvm.dll+0x8427a4]
V  [jvm.dll+0x843f9e]
V  [jvm.dll+0x844603]
V  [jvm.dll+0x249b75]
V  [jvm.dll+0xabcac]
V  [jvm.dll+0xac27c]
V  [jvm.dll+0x368802]
V  [jvm.dll+0x332f31]
V  [jvm.dll+0x3323da]
V  [jvm.dll+0x21c201]
V  [jvm.dll+0x21b621]
V  [jvm.dll+0x1a4fdd]
V  [jvm.dll+0x22b098]
V  [jvm.dll+0x229159]
V  [jvm.dll+0x7f81ec]
V  [jvm.dll+0x7f274a]
V  [jvm.dll+0x682ad5]
C  [ucrtbase.dll+0x21bb2]
C  [KERNEL32.DLL+0x17344]
C  [ntdll.dll+0x526b1]


---------------  P R O C E S S  ---------------

Threads class SMR info:
_java_thread_list=0x0000021de272a1f0, length=128, elements={
0x0000021dc48a2090, 0x0000021ddf013260, 0x0000021dde6e8da0, 0x0000021dde705460,
0x0000021dde705f20, 0x0000021dde7067e0, 0x0000021ddf0163d0, 0x0000021ddf018ca0,
0x0000021ddf021bc0, 0x0000021ddf034400, 0x0000021ddf1b0f80, 0x0000021ddf1d0b40,
0x0000021de1b6b4b0, 0x0000021de1b69ca0, 0x0000021de1b6ab10, 0x0000021de1b6b980,
0x0000021de1b67fc0, 0x0000021de1b68960, 0x0000021de1b6a170, 0x0000021de1b68e30,
0x0000021de1b68490, 0x0000021de1b6a640, 0x0000021de1b6afe0, 0x0000021de1b69300,
0x0000021de1b697d0, 0x0000021de485ebf0, 0x0000021de4859ef0, 0x0000021de485f590,
0x0000021de485b230, 0x0000021de485f0c0, 0x0000021de485fa60, 0x0000021de4859080,
0x0000021de485b700, 0x0000021de4859a20, 0x0000021de485d3e0, 0x0000021de485ad60,
0x0000021de485bbd0, 0x0000021de485c0a0, 0x0000021de485ca40, 0x0000021de485cf10,
0x0000021de485d8b0, 0x0000021de85eee00, 0x0000021de85edf90, 0x0000021de85ef2d0,
0x0000021de85f1950, 0x0000021de85f0610, 0x0000021de85f1480, 0x0000021de85f0140,
0x0000021de85f27c0, 0x0000021de85f1e20, 0x0000021de85f3160, 0x0000021de85f0ae0,
0x0000021de85f0fb0, 0x0000021de85f22f0, 0x0000021de85f5310, 0x0000021de85f2c90,
0x0000021de85ee930, 0x0000021de85f3630, 0x0000021de85ef7a0, 0x0000021de85efc70,
0x0000021de85ee460, 0x0000021de85f3fd0, 0x0000021de85f44a0, 0x0000021de85f4970,
0x0000021de85f4e40, 0x0000021de85edac0, 0x0000021de5429670, 0x0000021de5429b40,
0x0000021de542e840, 0x0000021de542d500, 0x0000021de542f6b0, 0x0000021de542e370,
0x0000021de542c690, 0x0000021de542ed10, 0x0000021de5428cd0, 0x0000021de542f1e0,
0x0000021de542cb60, 0x0000021de542fb80, 0x0000021de542a010, 0x0000021de5428330,
0x0000021de542bcf0, 0x0000021de5428800, 0x0000021de54291a0, 0x0000021de542a4e0,
0x0000021de542a9b0, 0x0000021de542d030, 0x0000021de542d9d0, 0x0000021de542ae80,
0x0000021de542b350, 0x0000021de542b820, 0x0000021de542dea0, 0x0000021de542c1c0,
0x0000021de5f0a890, 0x0000021de5f0a3c0, 0x0000021de5f0c0a0, 0x0000021de5f0ad60,
0x0000021de5f0ca40, 0x0000021de5f0c570, 0x0000021de5f09080, 0x0000021de5f09550,
0x0000021de5f0b230, 0x0000021de5f09ef0, 0x0000021de5f0bbd0, 0x0000021de5f0b700,
0x0000021de5f09a20, 0x0000021de6628420, 0x0000021de6623250, 0x0000021de6624f30,
0x0000021de66288f0, 0x0000021de6627f50, 0x0000021de66210a0, 0x0000021de6623720,
0x0000021de6625da0, 0x0000021de66228b0, 0x0000021de6623bf0, 0x0000021de6626740,
0x0000021de6621570, 0x0000021de6627a80, 0x0000021de6621a40, 0x0000021de66240c0,
0x0000021de66223e0, 0x0000021de6626270, 0x0000021de6625400, 0x0000021de6624a60,
0x0000021de6621f10, 0x0000021de6626c10, 0x0000021de51285b0, 0x0000021de66d6e70
}

Java Threads: ( => current thread )
  0x0000021dc48a2090 JavaThread "main" [_thread_blocked, id=3440, stack(0x000000e48d900000,0x000000e48da00000)]
  0x0000021ddf013260 JavaThread "Reference Handler" daemon [_thread_blocked, id=3492, stack(0x000000e48e000000,0x000000e48e100000)]
  0x0000021dde6e8da0 JavaThread "Finalizer" daemon [_thread_blocked, id=8180, stack(0x000000e48e100000,0x000000e48e200000)]
  0x0000021dde705460 JavaThread "Signal Dispatcher" daemon [_thread_blocked, id=11836, stack(0x000000e48e200000,0x000000e48e300000)]
  0x0000021dde705f20 JavaThread "Attach Listener" daemon [_thread_blocked, id=5544, stack(0x000000e48e300000,0x000000e48e400000)]
  0x0000021dde7067e0 JavaThread "Service Thread" daemon [_thread_blocked, id=3264, stack(0x000000e48e400000,0x000000e48e500000)]
  0x0000021ddf0163d0 JavaThread "Monitor Deflation Thread" daemon [_thread_blocked, id=6032, stack(0x000000e48e500000,0x000000e48e600000)]
=>0x0000021ddf018ca0 JavaThread "C2 CompilerThread0" daemon [_thread_in_native, id=9484, stack(0x000000e48e600000,0x000000e48e700000)]
  0x0000021ddf021bc0 JavaThread "C1 CompilerThread0" daemon [_thread_blocked, id=1488, stack(0x000000e48e700000,0x000000e48e800000)]
  0x0000021ddf034400 JavaThread "Sweeper thread" daemon [_thread_blocked, id=1496, stack(0x000000e48e800000,0x000000e48e900000)]
  0x0000021ddf1b0f80 JavaThread "Common-Cleaner" daemon [_thread_blocked, id=10548, stack(0x000000e48e900000,0x000000e48ea00000)]
  0x0000021ddf1d0b40 JavaThread "Notification Thread" daemon [_thread_blocked, id=10632, stack(0x000000e48ea00000,0x000000e48eb00000)]
  0x0000021de1b6b4b0 JavaThread "Daemon health stats" [_thread_blocked, id=2860, stack(0x000000e48f200000,0x000000e48f300000)]
  0x0000021de1b69ca0 JavaThread "Incoming local TCP Connector on port 51069" [_thread_in_native, id=10660, stack(0x000000e48f300000,0x000000e48f400000)]
  0x0000021de1b6ab10 JavaThread "Daemon periodic checks" [_thread_blocked, id=8484, stack(0x000000e48f400000,0x000000e48f500000)]
  0x0000021de1b6b980 JavaThread "Daemon" [_thread_blocked, id=12448, stack(0x000000e48f500000,0x000000e48f600000)]
  0x0000021de1b67fc0 JavaThread "Handler for socket connection from /127.0.0.1:51069 to /127.0.0.1:51070" [_thread_in_native, id=5016, stack(0x000000e48f600000,0x000000e48f700000)]
  0x0000021de1b68960 JavaThread "Cancel handler" [_thread_blocked, id=7032, stack(0x000000e48f700000,0x000000e48f800000)]
  0x0000021de1b6a170 JavaThread "Daemon worker" [_thread_in_native, id=7504, stack(0x000000e48f800000,0x000000e48f900000)]
  0x0000021de1b68e30 JavaThread "Asynchronous log dispatcher for DefaultDaemonConnection: socket connection from /127.0.0.1:51069 to /127.0.0.1:51070" [_thread_blocked, id=12808, stack(0x000000e48f900000,0x000000e48fa00000)]
  0x0000021de1b68490 JavaThread "Stdin handler" [_thread_blocked, id=5012, stack(0x000000e48fa00000,0x000000e48fb00000)]
  0x0000021de1b6a640 JavaThread "Daemon client event forwarder" [_thread_blocked, id=11004, stack(0x000000e48fb00000,0x000000e48fc00000)]
  0x0000021de1b6afe0 JavaThread "Cache worker for journal cache (C:\Users\nguye\.gradle\caches\journal-1)" [_thread_blocked, id=3412, stack(0x000000e490000000,0x000000e490100000)]
  0x0000021de1b69300 JavaThread "File lock request listener" [_thread_in_native, id=1624, stack(0x000000e490100000,0x000000e490200000)]
  0x0000021de1b697d0 JavaThread "Cache worker for file hash cache (C:\Users\nguye\.gradle\caches\8.0\fileHashes)" [_thread_blocked, id=9700, stack(0x000000e490200000,0x000000e490300000)]
  0x0000021de485ebf0 JavaThread "File watcher server" daemon [_thread_in_native, id=12616, stack(0x000000e490300000,0x000000e490400000)]
  0x0000021de4859ef0 JavaThread "File watcher consumer" daemon [_thread_blocked, id=10464, stack(0x000000e490400000,0x000000e490500000)]
  0x0000021de485f590 JavaThread "Cache worker for checksums cache (D:\huy\DA1\.gradle\8.0\checksums)" [_thread_blocked, id=8688, stack(0x000000e490500000,0x000000e490600000)]
  0x0000021de485b230 JavaThread "Cache worker for cache directory md-rule (C:\Users\nguye\.gradle\caches\8.0\md-rule)" [_thread_blocked, id=2104, stack(0x000000e490600000,0x000000e490700000)]
  0x0000021de485f0c0 JavaThread "Cache worker for file content cache (C:\Users\nguye\.gradle\caches\8.0\fileContent)" [_thread_blocked, id=10220, stack(0x000000e490700000,0x000000e490800000)]
  0x0000021de485fa60 JavaThread "Cache worker for file hash cache (D:\huy\DA1\.gradle\8.0\fileHashes)" [_thread_blocked, id=1380, stack(0x000000e490800000,0x000000e490900000)]
  0x0000021de4859080 JavaThread "Cache worker for cache directory md-supplier (C:\Users\nguye\.gradle\caches\8.0\md-supplier)" [_thread_blocked, id=9236, stack(0x000000e490900000,0x000000e490a00000)]
  0x0000021de485b700 JavaThread "Cache worker for execution history cache (C:\Users\nguye\.gradle\caches\8.0\executionHistory)" [_thread_blocked, id=7768, stack(0x000000e490a00000,0x000000e490b00000)]
  0x0000021de4859a20 JavaThread "jar transforms" [_thread_blocked, id=6160, stack(0x000000e490b00000,0x000000e490c00000)]
  0x0000021de485d3e0 JavaThread "jar transforms Thread 2" [_thread_blocked, id=3832, stack(0x000000e490c00000,0x000000e490d00000)]
  0x0000021de485ad60 JavaThread "Cache worker for kotlin-dsl (C:\Users\nguye\.gradle\caches\8.0\kotlin-dsl)" [_thread_blocked, id=5084, stack(0x000000e490e00000,0x000000e490f00000)]
  0x0000021de485bbd0 JavaThread "jar transforms Thread 3" [_thread_blocked, id=292, stack(0x000000e490f00000,0x000000e491000000)]
  0x0000021de485c0a0 JavaThread "jar transforms Thread 4" [_thread_blocked, id=10256, stack(0x000000e491000000,0x000000e491100000)]
  0x0000021de485ca40 JavaThread "Cache worker for dependencies-accessors (D:\huy\DA1\.gradle\8.0\dependencies-accessors)" [_thread_blocked, id=11204, stack(0x000000e491100000,0x000000e491200000)]
  0x0000021de485cf10 JavaThread "Cache worker for Build Output Cleanup Cache (D:\huy\DA1\.gradle\buildOutputCleanup)" [_thread_blocked, id=9364, stack(0x000000e491200000,0x000000e491300000)]
  0x0000021de485d8b0 JavaThread "jar transforms Thread 5" [_thread_blocked, id=4204, stack(0x000000e491300000,0x000000e491400000)]
  0x0000021de85eee00 JavaThread "Unconstrained build operations" [_thread_blocked, id=7012, stack(0x000000e491400000,0x000000e491500000)]
  0x0000021de85edf90 JavaThread "Unconstrained build operations Thread 2" [_thread_blocked, id=8336, stack(0x000000e491500000,0x000000e491600000)]
  0x0000021de85ef2d0 JavaThread "Unconstrained build operations Thread 3" [_thread_blocked, id=1296, stack(0x000000e491600000,0x000000e491700000)]
  0x0000021de85f1950 JavaThread "Unconstrained build operations Thread 4" [_thread_blocked, id=2072, stack(0x000000e491700000,0x000000e491800000)]
  0x0000021de85f0610 JavaThread "Unconstrained build operations Thread 5" [_thread_blocked, id=12480, stack(0x000000e491800000,0x000000e491900000)]
  0x0000021de85f1480 JavaThread "Unconstrained build operations Thread 6" [_thread_blocked, id=4788, stack(0x000000e491900000,0x000000e491a00000)]
  0x0000021de85f0140 JavaThread "Unconstrained build operations Thread 7" [_thread_blocked, id=7984, stack(0x000000e491a00000,0x000000e491b00000)]
  0x0000021de85f27c0 JavaThread "Unconstrained build operations Thread 8" [_thread_blocked, id=8512, stack(0x000000e491b00000,0x000000e491c00000)]
  0x0000021de85f1e20 JavaThread "Unconstrained build operations Thread 9" [_thread_blocked, id=12584, stack(0x000000e491c00000,0x000000e491d00000)]
  0x0000021de85f3160 JavaThread "Unconstrained build operations Thread 10" [_thread_blocked, id=9620, stack(0x000000e491d00000,0x000000e491e00000)]
  0x0000021de85f0ae0 JavaThread "Unconstrained build operations Thread 11" [_thread_blocked, id=2124, stack(0x000000e491e00000,0x000000e491f00000)]
  0x0000021de85f0fb0 JavaThread "Unconstrained build operations Thread 12" [_thread_blocked, id=5924, stack(0x000000e491f00000,0x000000e492000000)]
  0x0000021de85f22f0 JavaThread "Unconstrained build operations Thread 13" [_thread_blocked, id=9300, stack(0x000000e492000000,0x000000e492100000)]
  0x0000021de85f5310 JavaThread "Unconstrained build operations Thread 14" [_thread_blocked, id=8028, stack(0x000000e492100000,0x000000e492200000)]
  0x0000021de85f2c90 JavaThread "Unconstrained build operations Thread 15" [_thread_blocked, id=12960, stack(0x000000e492200000,0x000000e492300000)]
  0x0000021de85ee930 JavaThread "Unconstrained build operations Thread 16" [_thread_blocked, id=12548, stack(0x000000e492300000,0x000000e492400000)]
  0x0000021de85f3630 JavaThread "Unconstrained build operations Thread 17" [_thread_blocked, id=4628, stack(0x000000e492400000,0x000000e492500000)]
  0x0000021de85ef7a0 JavaThread "Unconstrained build operations Thread 18" [_thread_blocked, id=3548, stack(0x000000e492500000,0x000000e492600000)]
  0x0000021de85efc70 JavaThread "Unconstrained build operations Thread 19" [_thread_blocked, id=13092, stack(0x000000e492600000,0x000000e492700000)]
  0x0000021de85ee460 JavaThread "Unconstrained build operations Thread 20" [_thread_blocked, id=3736, stack(0x000000e492700000,0x000000e492800000)]
  0x0000021de85f3fd0 JavaThread "Unconstrained build operations Thread 21" [_thread_blocked, id=4160, stack(0x000000e492800000,0x000000e492900000)]
  0x0000021de85f44a0 JavaThread "Unconstrained build operations Thread 22" [_thread_blocked, id=7244, stack(0x000000e492900000,0x000000e492a00000)]
  0x0000021de85f4970 JavaThread "Unconstrained build operations Thread 23" [_thread_blocked, id=10892, stack(0x000000e492a00000,0x000000e492b00000)]
  0x0000021de85f4e40 JavaThread "Unconstrained build operations Thread 24" [_thread_blocked, id=5968, stack(0x000000e492b00000,0x000000e492c00000)]
  0x0000021de85edac0 JavaThread "Unconstrained build operations Thread 25" [_thread_blocked, id=8488, stack(0x000000e492c00000,0x000000e492d00000)]
  0x0000021de5429670 JavaThread "Unconstrained build operations Thread 26" [_thread_blocked, id=12676, stack(0x000000e492d00000,0x000000e492e00000)]
  0x0000021de5429b40 JavaThread "Unconstrained build operations Thread 27" [_thread_blocked, id=2628, stack(0x000000e492e00000,0x000000e492f00000)]
  0x0000021de542e840 JavaThread "Unconstrained build operations Thread 28" [_thread_blocked, id=7448, stack(0x000000e492f00000,0x000000e493000000)]
  0x0000021de542d500 JavaThread "Unconstrained build operations Thread 29" [_thread_blocked, id=11032, stack(0x000000e493000000,0x000000e493100000)]
  0x0000021de542f6b0 JavaThread "Unconstrained build operations Thread 30" [_thread_blocked, id=1756, stack(0x000000e493100000,0x000000e493200000)]
  0x0000021de542e370 JavaThread "Unconstrained build operations Thread 31" [_thread_blocked, id=8616, stack(0x000000e493200000,0x000000e493300000)]
  0x0000021de542c690 JavaThread "Unconstrained build operations Thread 32" [_thread_blocked, id=2828, stack(0x000000e493300000,0x000000e493400000)]
  0x0000021de542ed10 JavaThread "Unconstrained build operations Thread 33" [_thread_blocked, id=10664, stack(0x000000e493400000,0x000000e493500000)]
  0x0000021de5428cd0 JavaThread "Unconstrained build operations Thread 34" [_thread_blocked, id=5536, stack(0x000000e493500000,0x000000e493600000)]
  0x0000021de542f1e0 JavaThread "Unconstrained build operations Thread 35" [_thread_blocked, id=6580, stack(0x000000e493600000,0x000000e493700000)]
  0x0000021de542cb60 JavaThread "Unconstrained build operations Thread 36" [_thread_blocked, id=10392, stack(0x000000e493700000,0x000000e493800000)]
  0x0000021de542fb80 JavaThread "Unconstrained build operations Thread 37" [_thread_blocked, id=1920, stack(0x000000e493800000,0x000000e493900000)]
  0x0000021de542a010 JavaThread "Unconstrained build operations Thread 38" [_thread_blocked, id=10612, stack(0x000000e493900000,0x000000e493a00000)]
  0x0000021de5428330 JavaThread "Unconstrained build operations Thread 39" [_thread_blocked, id=2424, stack(0x000000e493a00000,0x000000e493b00000)]
  0x0000021de542bcf0 JavaThread "Unconstrained build operations Thread 40" [_thread_blocked, id=7464, stack(0x000000e493b00000,0x000000e493c00000)]
  0x0000021de5428800 JavaThread "Unconstrained build operations Thread 41" [_thread_blocked, id=10580, stack(0x000000e493c00000,0x000000e493d00000)]
  0x0000021de54291a0 JavaThread "Unconstrained build operations Thread 42" [_thread_blocked, id=12276, stack(0x000000e493d00000,0x000000e493e00000)]
  0x0000021de542a4e0 JavaThread "Unconstrained build operations Thread 43" [_thread_blocked, id=12884, stack(0x000000e493e00000,0x000000e493f00000)]
  0x0000021de542a9b0 JavaThread "Unconstrained build operations Thread 44" [_thread_blocked, id=13028, stack(0x000000e493f00000,0x000000e494000000)]
  0x0000021de542d030 JavaThread "Unconstrained build operations Thread 45" [_thread_blocked, id=11656, stack(0x000000e494000000,0x000000e494100000)]
  0x0000021de542d9d0 JavaThread "Unconstrained build operations Thread 46" [_thread_blocked, id=3692, stack(0x000000e494100000,0x000000e494200000)]
  0x0000021de542ae80 JavaThread "Unconstrained build operations Thread 47" [_thread_blocked, id=9200, stack(0x000000e494200000,0x000000e494300000)]
  0x0000021de542b350 JavaThread "Unconstrained build operations Thread 48" [_thread_blocked, id=6356, stack(0x000000e494300000,0x000000e494400000)]
  0x0000021de542b820 JavaThread "Unconstrained build operations Thread 49" [_thread_blocked, id=11244, stack(0x000000e494400000,0x000000e494500000)]
  0x0000021de542dea0 JavaThread "Unconstrained build operations Thread 50" [_thread_blocked, id=2404, stack(0x000000e494500000,0x000000e494600000)]
  0x0000021de542c1c0 JavaThread "Unconstrained build operations Thread 51" [_thread_blocked, id=11764, stack(0x000000e494600000,0x000000e494700000)]
  0x0000021de5f0a890 JavaThread "Unconstrained build operations Thread 52" [_thread_blocked, id=6780, stack(0x000000e494700000,0x000000e494800000)]
  0x0000021de5f0a3c0 JavaThread "Unconstrained build operations Thread 53" [_thread_blocked, id=7856, stack(0x000000e494800000,0x000000e494900000)]
  0x0000021de5f0c0a0 JavaThread "Unconstrained build operations Thread 54" [_thread_blocked, id=1404, stack(0x000000e494900000,0x000000e494a00000)]
  0x0000021de5f0ad60 JavaThread "Unconstrained build operations Thread 55" [_thread_blocked, id=9404, stack(0x000000e494a00000,0x000000e494b00000)]
  0x0000021de5f0ca40 JavaThread "Unconstrained build operations Thread 56" [_thread_blocked, id=6488, stack(0x000000e494b00000,0x000000e494c00000)]
  0x0000021de5f0c570 JavaThread "Unconstrained build operations Thread 57" [_thread_blocked, id=2160, stack(0x000000e494c00000,0x000000e494d00000)]
  0x0000021de5f09080 JavaThread "Unconstrained build operations Thread 58" [_thread_blocked, id=5548, stack(0x000000e494d00000,0x000000e494e00000)]
  0x0000021de5f09550 JavaThread "Unconstrained build operations Thread 59" [_thread_blocked, id=3616, stack(0x000000e494e00000,0x000000e494f00000)]
  0x0000021de5f0b230 JavaThread "Unconstrained build operations Thread 60" [_thread_blocked, id=6904, stack(0x000000e494f00000,0x000000e495000000)]
  0x0000021de5f09ef0 JavaThread "Unconstrained build operations Thread 61" [_thread_blocked, id=7004, stack(0x000000e495000000,0x000000e495100000)]
  0x0000021de5f0bbd0 JavaThread "Unconstrained build operations Thread 62" [_thread_blocked, id=8308, stack(0x000000e495100000,0x000000e495200000)]
  0x0000021de5f0b700 JavaThread "Unconstrained build operations Thread 63" [_thread_blocked, id=12112, stack(0x000000e495200000,0x000000e495300000)]
  0x0000021de5f09a20 JavaThread "Unconstrained build operations Thread 64" [_thread_blocked, id=8600, stack(0x000000e495300000,0x000000e495400000)]
  0x0000021de6628420 JavaThread "Unconstrained build operations Thread 65" [_thread_blocked, id=9268, stack(0x000000e495400000,0x000000e495500000)]
  0x0000021de6623250 JavaThread "Unconstrained build operations Thread 66" [_thread_blocked, id=4652, stack(0x000000e495500000,0x000000e495600000)]
  0x0000021de6624f30 JavaThread "Unconstrained build operations Thread 67" [_thread_blocked, id=3360, stack(0x000000e495600000,0x000000e495700000)]
  0x0000021de66288f0 JavaThread "Unconstrained build operations Thread 68" [_thread_blocked, id=1752, stack(0x000000e495700000,0x000000e495800000)]
  0x0000021de6627f50 JavaThread "Unconstrained build operations Thread 69" [_thread_blocked, id=1984, stack(0x000000e495800000,0x000000e495900000)]
  0x0000021de66210a0 JavaThread "Unconstrained build operations Thread 70" [_thread_blocked, id=1740, stack(0x000000e495900000,0x000000e495a00000)]
  0x0000021de6623720 JavaThread "Unconstrained build operations Thread 71" [_thread_blocked, id=8160, stack(0x000000e495a00000,0x000000e495b00000)]
  0x0000021de6625da0 JavaThread "Unconstrained build operations Thread 72" [_thread_blocked, id=12888, stack(0x000000e495b00000,0x000000e495c00000)]
  0x0000021de66228b0 JavaThread "Unconstrained build operations Thread 73" [_thread_blocked, id=7516, stack(0x000000e495c00000,0x000000e495d00000)]
  0x0000021de6623bf0 JavaThread "Unconstrained build operations Thread 74" [_thread_blocked, id=1556, stack(0x000000e495d00000,0x000000e495e00000)]
  0x0000021de6626740 JavaThread "Unconstrained build operations Thread 75" [_thread_blocked, id=3048, stack(0x000000e495e00000,0x000000e495f00000)]
  0x0000021de6621570 JavaThread "Unconstrained build operations Thread 76" [_thread_blocked, id=9488, stack(0x000000e495f00000,0x000000e496000000)]
  0x0000021de6627a80 JavaThread "Unconstrained build operations Thread 77" [_thread_blocked, id=1428, stack(0x000000e496000000,0x000000e496100000)]
  0x0000021de6621a40 JavaThread "Unconstrained build operations Thread 78" [_thread_blocked, id=6432, stack(0x000000e496100000,0x000000e496200000)]
  0x0000021de66240c0 JavaThread "Unconstrained build operations Thread 79" [_thread_blocked, id=6452, stack(0x000000e496200000,0x000000e496300000)]
  0x0000021de66223e0 JavaThread "Unconstrained build operations Thread 80" [_thread_blocked, id=1484, stack(0x000000e496300000,0x000000e496400000)]
  0x0000021de6626270 JavaThread "jar transforms Thread 6" [_thread_blocked, id=648, stack(0x000000e496400000,0x000000e496500000)]
  0x0000021de6625400 JavaThread "jar transforms Thread 7" [_thread_blocked, id=12716, stack(0x000000e496500000,0x000000e496600000)]
  0x0000021de6624a60 JavaThread "jar transforms Thread 8" [_thread_blocked, id=3336, stack(0x000000e496600000,0x000000e496700000)]
  0x0000021de6621f10 JavaThread "build event listener" [_thread_blocked, id=9124, stack(0x000000e496700000,0x000000e496800000)]
  0x0000021de6626c10 JavaThread "Memory manager" [_thread_blocked, id=2080, stack(0x000000e496800000,0x000000e496900000)]
  0x0000021de51285b0 JavaThread "C2 CompilerThread1" daemon [_thread_blocked, id=7356, stack(0x000000e48ec00000,0x000000e48ed00000)]
  0x0000021de66d6e70 JavaThread "C2 CompilerThread2" daemon [_thread_in_native, id=12556, stack(0x000000e48ed00000,0x000000e48ee00000)]

Other Threads:
  0x0000021dde6e6520 VMThread "VM Thread" [stack: 0x000000e48df00000,0x000000e48e000000] [id=7396]
  0x0000021dc491b8f0 WatcherThread [stack: 0x000000e48eb00000,0x000000e48ec00000] [id=2956]
  0x0000021dc48fe010 GCTaskThread "GC Thread#0" [stack: 0x000000e48da00000,0x000000e48db00000] [id=4124]
  0x0000021ddffca340 GCTaskThread "GC Thread#1" [stack: 0x000000e48ee00000,0x000000e48ef00000] [id=12708]
  0x0000021ddffca5f0 GCTaskThread "GC Thread#2" [stack: 0x000000e48ef00000,0x000000e48f000000] [id=8144]
  0x0000021ddfafb190 GCTaskThread "GC Thread#3" [stack: 0x000000e48f000000,0x000000e48f100000] [id=8008]
  0x0000021de08b0d80 GCTaskThread "GC Thread#4" [stack: 0x000000e48f100000,0x000000e48f200000] [id=13272]
  0x0000021de06a9c80 GCTaskThread "GC Thread#5" [stack: 0x000000e48fc00000,0x000000e48fd00000] [id=8212]
  0x0000021de1a32430 GCTaskThread "GC Thread#6" [stack: 0x000000e48fd00000,0x000000e48fe00000] [id=3972]
  0x0000021de1f446b0 GCTaskThread "GC Thread#7" [stack: 0x000000e48fe00000,0x000000e48ff00000] [id=8320]
  0x0000021dc490ee60 ConcurrentGCThread "G1 Main Marker" [stack: 0x000000e48db00000,0x000000e48dc00000] [id=7288]
  0x0000021dc490f780 ConcurrentGCThread "G1 Conc#0" [stack: 0x000000e48dc00000,0x000000e48dd00000] [id=12468]
  0x0000021de19bac30 ConcurrentGCThread "G1 Conc#1" [stack: 0x000000e48ff00000,0x000000e490000000] [id=7752]
  0x0000021dde5620c0 ConcurrentGCThread "G1 Refine#0" [stack: 0x000000e48dd00000,0x000000e48de00000] [id=12412]
  0x0000021de5f82a00 ConcurrentGCThread "G1 Refine#1" [stack: 0x000000e490d00000,0x000000e490e00000] [id=13176]
  0x0000021dde563a00 ConcurrentGCThread "G1 Service" [stack: 0x000000e48de00000,0x000000e48df00000] [id=6836]

Threads with active compile tasks:
C2 CompilerThread0    10138 8125 %     4       org.gradle.internal.instantiation.generator.AbstractClassGenerator::inspectType @ 77 (560 bytes)
C2 CompilerThread2    10138 8164       4       sun.reflect.generics.parser.SignatureParser::parsePackageNameAndSimpleClassTypeSignature (119 bytes)

VM state: not at safepoint (normal execution)

VM Mutex/Monitor currently owned by a thread: None

Heap address: 0x0000000080000000, size: 2048 MB, Compressed Oops mode: 32-bit

CDS archive(s) not mapped
Compressed class space mapped at: 0x0000000100000000-0x0000000140000000, reserved size: 1073741824
Narrow klass base: 0x0000000000000000, Narrow klass shift: 3, Narrow klass range: 0x140000000

GC Precious Log:
 CPUs: 8 total, 8 available
 Memory: 8040M
 Large Page Support: Disabled
 NUMA Support: Disabled
 Compressed Oops: Enabled (32-bit)
 Heap Region Size: 1M
 Heap Min Capacity: 8M
 Heap Initial Capacity: 126M
 Heap Max Capacity: 2G
 Pre-touch: Disabled
 Parallel Workers: 8
 Concurrent Workers: 2
 Concurrent Refinement Workers: 8
 Periodic GC: Disabled

Heap:
 garbage-first heap   total 129024K, used 85845K [0x0000000080000000, 0x0000000100000000)
  region size 1024K, 28 young (28672K), 5 survivors (5120K)
 Metaspace       used 82786K, committed 83456K, reserved 1122304K
  class space    used 11285K, committed 11584K, reserved 1048576K

Heap Regions: E=young(eden), S=young(survivor), O=old, HS=humongous(starts), HC=humongous(continues), CS=collection set, F=free, OA=open archive, CA=closed archive, TAMS=top-at-mark-start (previous, next)
|   0|0x0000000080000000, 0x0000000080100000, 0x0000000080100000|100%|HS|  |TAMS 0x0000000080100000, 0x0000000080000000| Complete 
|   1|0x0000000080100000, 0x0000000080200000, 0x0000000080200000|100%|HC|  |TAMS 0x0000000080200000, 0x0000000080100000| Complete 
|   2|0x0000000080200000, 0x0000000080300000, 0x0000000080300000|100%|HC|  |TAMS 0x0000000080300000, 0x0000000080200000| Complete 
|   3|0x0000000080300000, 0x0000000080400000, 0x0000000080400000|100%|HC|  |TAMS 0x0000000080400000, 0x0000000080300000| Complete 
|   4|0x0000000080400000, 0x0000000080500000, 0x0000000080500000|100%| O|  |TAMS 0x0000000080500000, 0x0000000080400000| Untracked 
|   5|0x0000000080500000, 0x0000000080600000, 0x0000000080600000|100%| O|  |TAMS 0x0000000080600000, 0x0000000080500000| Untracked 
|   6|0x0000000080600000, 0x0000000080700000, 0x0000000080700000|100%| O|  |TAMS 0x0000000080700000, 0x0000000080600000| Untracked 
|   7|0x0000000080700000, 0x0000000080800000, 0x0000000080800000|100%| O|  |TAMS 0x0000000080800000, 0x0000000080700000| Untracked 
|   8|0x0000000080800000, 0x0000000080900000, 0x0000000080900000|100%| O|  |TAMS 0x0000000080900000, 0x0000000080800000| Untracked 
|   9|0x0000000080900000, 0x0000000080a00000, 0x0000000080a00000|100%| O|  |TAMS 0x0000000080a00000, 0x0000000080900000| Untracked 
|  10|0x0000000080a00000, 0x0000000080b00000, 0x0000000080b00000|100%| O|  |TAMS 0x0000000080b00000, 0x0000000080a00000| Untracked 
|  11|0x0000000080b00000, 0x0000000080b6c600, 0x0000000080c00000| 42%| O|  |TAMS 0x0000000080b6c600, 0x0000000080b00000| Complete 
|  12|0x0000000080c00000, 0x0000000080d00000, 0x0000000080d00000|100%| O|  |TAMS 0x0000000080d00000, 0x0000000080c00000| Untracked 
|  13|0x0000000080d00000, 0x0000000080e00000, 0x0000000080e00000|100%| O|  |TAMS 0x0000000080e00000, 0x0000000080d00000| Untracked 
|  14|0x0000000080e00000, 0x0000000080f00000, 0x0000000080f00000|100%| O|  |TAMS 0x0000000080f00000, 0x0000000080e00000| Untracked 
|  15|0x0000000080f00000, 0x0000000081000000, 0x0000000081000000|100%| O|  |TAMS 0x0000000081000000, 0x0000000080f00000| Untracked 
|  16|0x0000000081000000, 0x0000000081100000, 0x0000000081100000|100%| O|  |TAMS 0x0000000081100000, 0x0000000081000000| Untracked 
|  17|0x0000000081100000, 0x0000000081200000, 0x0000000081200000|100%| O|  |TAMS 0x0000000081200000, 0x0000000081100000| Untracked 
|  18|0x0000000081200000, 0x0000000081300000, 0x0000000081300000|100%| O|  |TAMS 0x0000000081300000, 0x0000000081200000| Untracked 
|  19|0x0000000081300000, 0x0000000081400000, 0x0000000081400000|100%| O|  |TAMS 0x0000000081400000, 0x0000000081300000| Untracked 
|  20|0x0000000081400000, 0x0000000081500000, 0x0000000081500000|100%| O|  |TAMS 0x0000000081500000, 0x0000000081400000| Untracked 
|  21|0x0000000081500000, 0x0000000081600000, 0x0000000081600000|100%| O|  |TAMS 0x0000000081600000, 0x0000000081500000| Untracked 
|  22|0x0000000081600000, 0x0000000081700000, 0x0000000081700000|100%| O|  |TAMS 0x0000000081700000, 0x0000000081600000| Untracked 
|  23|0x0000000081700000, 0x0000000081800000, 0x0000000081800000|100%| O|  |TAMS 0x0000000081800000, 0x0000000081700000| Untracked 
|  24|0x0000000081800000, 0x0000000081900000, 0x0000000081900000|100%| O|  |TAMS 0x0000000081900000, 0x0000000081800000| Untracked 
|  25|0x0000000081900000, 0x0000000081a00000, 0x0000000081a00000|100%| O|  |TAMS 0x0000000081a00000, 0x0000000081900000| Untracked 
|  26|0x0000000081a00000, 0x0000000081b00000, 0x0000000081b00000|100%| O|  |TAMS 0x0000000081b00000, 0x0000000081a00000| Untracked 
|  27|0x0000000081b00000, 0x0000000081c00000, 0x0000000081c00000|100%| O|  |TAMS 0x0000000081c00000, 0x0000000081b00000| Untracked 
|  28|0x0000000081c00000, 0x0000000081d00000, 0x0000000081d00000|100%| O|  |TAMS 0x0000000081d00000, 0x0000000081c00000| Untracked 
|  29|0x0000000081d00000, 0x0000000081e00000, 0x0000000081e00000|100%| O|  |TAMS 0x0000000081e00000, 0x0000000081d00000| Untracked 
|  30|0x0000000081e00000, 0x0000000081f00000, 0x0000000081f00000|100%| O|  |TAMS 0x0000000081f00000, 0x0000000081e00000| Untracked 
|  31|0x0000000081f00000, 0x0000000082000000, 0x0000000082000000|100%| O|  |TAMS 0x0000000082000000, 0x0000000081f00000| Untracked 
|  32|0x0000000082000000, 0x0000000082100000, 0x0000000082100000|100%|HS|  |TAMS 0x0000000082100000, 0x0000000082000000| Complete 
|  33|0x0000000082100000, 0x0000000082200000, 0x0000000082200000|100%|HS|  |TAMS 0x0000000082200000, 0x0000000082100000| Complete 
|  34|0x0000000082200000, 0x0000000082300000, 0x0000000082300000|100%|HS|  |TAMS 0x0000000082300000, 0x0000000082200000| Complete 
|  35|0x0000000082300000, 0x0000000082400000, 0x0000000082400000|100%| O|  |TAMS 0x0000000082400000, 0x0000000082300000| Untracked 
|  36|0x0000000082400000, 0x0000000082500000, 0x0000000082500000|100%| O|  |TAMS 0x0000000082500000, 0x0000000082400000| Untracked 
|  37|0x0000000082500000, 0x0000000082600000, 0x0000000082600000|100%| O|  |TAMS 0x0000000082600000, 0x0000000082500000| Untracked 
|  38|0x0000000082600000, 0x0000000082700000, 0x0000000082700000|100%| O|  |TAMS 0x0000000082700000, 0x0000000082600000| Untracked 
|  39|0x0000000082700000, 0x0000000082800000, 0x0000000082800000|100%| O|  |TAMS 0x0000000082800000, 0x0000000082700000| Untracked 
|  40|0x0000000082800000, 0x0000000082900000, 0x0000000082900000|100%| O|  |TAMS 0x0000000082900000, 0x0000000082800000| Untracked 
|  41|0x0000000082900000, 0x0000000082a00000, 0x0000000082a00000|100%| O|  |TAMS 0x0000000082a00000, 0x0000000082900000| Untracked 
|  42|0x0000000082a00000, 0x0000000082b00000, 0x0000000082b00000|100%| O|  |TAMS 0x0000000082b00000, 0x0000000082a00000| Untracked 
|  43|0x0000000082b00000, 0x0000000082c00000, 0x0000000082c00000|100%| O|  |TAMS 0x0000000082c00000, 0x0000000082b00000| Untracked 
|  44|0x0000000082c00000, 0x0000000082d00000, 0x0000000082d00000|100%| O|  |TAMS 0x0000000082d00000, 0x0000000082c00000| Untracked 
|  45|0x0000000082d00000, 0x0000000082e00000, 0x0000000082e00000|100%| O|  |TAMS 0x0000000082e00000, 0x0000000082d00000| Untracked 
|  46|0x0000000082e00000, 0x0000000082f00000, 0x0000000082f00000|100%| O|  |TAMS 0x0000000082f00000, 0x0000000082e00000| Untracked 
|  47|0x0000000082f00000, 0x0000000083000000, 0x0000000083000000|100%| O|  |TAMS 0x0000000083000000, 0x0000000082f00000| Untracked 
|  48|0x0000000083000000, 0x0000000083100000, 0x0000000083100000|100%| O|  |TAMS 0x0000000083100000, 0x0000000083000000| Untracked 
|  49|0x0000000083100000, 0x0000000083200000, 0x0000000083200000|100%| O|  |TAMS 0x0000000083200000, 0x0000000083100000| Untracked 
|  50|0x0000000083200000, 0x0000000083200000, 0x0000000083300000|  0%| F|  |TAMS 0x0000000083200000, 0x0000000083200000| Untracked 
|  51|0x0000000083300000, 0x0000000083400000, 0x0000000083400000|100%| O|  |TAMS 0x0000000083400000, 0x0000000083300000| Untracked 
|  52|0x0000000083400000, 0x0000000083500000, 0x0000000083500000|100%| O|  |TAMS 0x0000000083500000, 0x0000000083400000| Untracked 
|  53|0x0000000083500000, 0x0000000083600000, 0x0000000083600000|100%| O|  |TAMS 0x0000000083600000, 0x0000000083500000| Untracked 
|  54|0x0000000083600000, 0x0000000083700000, 0x0000000083700000|100%| O|  |TAMS 0x0000000083700000, 0x0000000083600000| Untracked 
|  55|0x0000000083700000, 0x0000000083800000, 0x0000000083800000|100%| O|  |TAMS 0x0000000083800000, 0x0000000083700000| Untracked 
|  56|0x0000000083800000, 0x0000000083900000, 0x0000000083900000|100%| O|  |TAMS 0x0000000083900000, 0x0000000083800000| Untracked 
|  57|0x0000000083900000, 0x0000000083a00000, 0x0000000083a00000|100%| O|  |TAMS 0x0000000083a00000, 0x0000000083900000| Untracked 
|  58|0x0000000083a00000, 0x0000000083ab7200, 0x0000000083b00000| 71%| O|  |TAMS 0x0000000083ab7200, 0x0000000083a00000| Untracked 
|  59|0x0000000083b00000, 0x0000000083b00000, 0x0000000083c00000|  0%| F|  |TAMS 0x0000000083b00000, 0x0000000083b00000| Untracked 
|  60|0x0000000083c00000, 0x0000000083c00000, 0x0000000083d00000|  0%| F|  |TAMS 0x0000000083c00000, 0x0000000083c00000| Untracked 
|  61|0x0000000083d00000, 0x0000000083d00000, 0x0000000083e00000|  0%| F|  |TAMS 0x0000000083d00000, 0x0000000083d00000| Untracked 
|  62|0x0000000083e00000, 0x0000000083e00000, 0x0000000083f00000|  0%| F|  |TAMS 0x0000000083e00000, 0x0000000083e00000| Untracked 
|  63|0x0000000083f00000, 0x0000000083f00000, 0x0000000084000000|  0%| F|  |TAMS 0x0000000083f00000, 0x0000000083f00000| Untracked 
|  64|0x0000000084000000, 0x0000000084000000, 0x0000000084100000|  0%| F|  |TAMS 0x0000000084000000, 0x0000000084000000| Untracked 
|  65|0x0000000084100000, 0x0000000084100000, 0x0000000084200000|  0%| F|  |TAMS 0x0000000084100000, 0x0000000084100000| Untracked 
|  66|0x0000000084200000, 0x0000000084200000, 0x0000000084300000|  0%| F|  |TAMS 0x0000000084200000, 0x0000000084200000| Untracked 
|  67|0x0000000084300000, 0x0000000084300000, 0x0000000084400000|  0%| F|  |TAMS 0x0000000084300000, 0x0000000084300000| Untracked 
|  68|0x0000000084400000, 0x0000000084400000, 0x0000000084500000|  0%| F|  |TAMS 0x0000000084400000, 0x0000000084400000| Untracked 
|  69|0x0000000084500000, 0x0000000084500000, 0x0000000084600000|  0%| F|  |TAMS 0x0000000084500000, 0x0000000084500000| Untracked 
|  70|0x0000000084600000, 0x0000000084600000, 0x0000000084700000|  0%| F|  |TAMS 0x0000000084600000, 0x0000000084600000| Untracked 
|  71|0x0000000084700000, 0x0000000084700000, 0x0000000084800000|  0%| F|  |TAMS 0x0000000084700000, 0x0000000084700000| Untracked 
|  72|0x0000000084800000, 0x0000000084800000, 0x0000000084900000|  0%| F|  |TAMS 0x0000000084800000, 0x0000000084800000| Untracked 
|  73|0x0000000084900000, 0x0000000084900000, 0x0000000084a00000|  0%| F|  |TAMS 0x0000000084900000, 0x0000000084900000| Untracked 
|  74|0x0000000084a00000, 0x0000000084a00000, 0x0000000084b00000|  0%| F|  |TAMS 0x0000000084a00000, 0x0000000084a00000| Untracked 
|  75|0x0000000084b00000, 0x0000000084b00000, 0x0000000084c00000|  0%| F|  |TAMS 0x0000000084b00000, 0x0000000084b00000| Untracked 
|  76|0x0000000084c00000, 0x0000000084c00000, 0x0000000084d00000|  0%| F|  |TAMS 0x0000000084c00000, 0x0000000084c00000| Untracked 
|  77|0x0000000084d00000, 0x0000000084d00000, 0x0000000084e00000|  0%| F|  |TAMS 0x0000000084d00000, 0x0000000084d00000| Untracked 
|  78|0x0000000084e00000, 0x0000000084e00000, 0x0000000084f00000|  0%| F|  |TAMS 0x0000000084e00000, 0x0000000084e00000| Untracked 
|  79|0x0000000084f00000, 0x0000000084f00000, 0x0000000085000000|  0%| F|  |TAMS 0x0000000084f00000, 0x0000000084f00000| Untracked 
|  80|0x0000000085000000, 0x0000000085000000, 0x0000000085100000|  0%| F|  |TAMS 0x0000000085000000, 0x0000000085000000| Untracked 
|  81|0x0000000085100000, 0x0000000085100000, 0x0000000085200000|  0%| F|  |TAMS 0x0000000085100000, 0x0000000085100000| Untracked 
|  82|0x0000000085200000, 0x00000000852b1fc8, 0x0000000085300000| 69%| S|CS|TAMS 0x0000000085200000, 0x0000000085200000| Complete 
|  83|0x0000000085300000, 0x0000000085400000, 0x0000000085400000|100%| S|CS|TAMS 0x0000000085300000, 0x0000000085300000| Complete 
|  84|0x0000000085400000, 0x0000000085500000, 0x0000000085500000|100%| S|CS|TAMS 0x0000000085400000, 0x0000000085400000| Complete 
|  85|0x0000000085500000, 0x0000000085600000, 0x0000000085600000|100%| S|CS|TAMS 0x0000000085500000, 0x0000000085500000| Complete 
|  86|0x0000000085600000, 0x0000000085600000, 0x0000000085700000|  0%| F|  |TAMS 0x0000000085600000, 0x0000000085600000| Untracked 
|  87|0x0000000085700000, 0x0000000085800000, 0x0000000085800000|100%| S|CS|TAMS 0x0000000085700000, 0x0000000085700000| Complete 
|  88|0x0000000085800000, 0x0000000085800000, 0x0000000085900000|  0%| F|  |TAMS 0x0000000085800000, 0x0000000085800000| Untracked 
|  89|0x0000000085900000, 0x0000000085900000, 0x0000000085a00000|  0%| F|  |TAMS 0x0000000085900000, 0x0000000085900000| Untracked 
|  90|0x0000000085a00000, 0x0000000085a00000, 0x0000000085b00000|  0%| F|  |TAMS 0x0000000085a00000, 0x0000000085a00000| Untracked 
|  91|0x0000000085b00000, 0x0000000085b00000, 0x0000000085c00000|  0%| F|  |TAMS 0x0000000085b00000, 0x0000000085b00000| Untracked 
|  92|0x0000000085c00000, 0x0000000085c00000, 0x0000000085d00000|  0%| F|  |TAMS 0x0000000085c00000, 0x0000000085c00000| Untracked 
|  93|0x0000000085d00000, 0x0000000085d00000, 0x0000000085e00000|  0%| F|  |TAMS 0x0000000085d00000, 0x0000000085d00000| Untracked 
|  94|0x0000000085e00000, 0x0000000085e00000, 0x0000000085f00000|  0%| F|  |TAMS 0x0000000085e00000, 0x0000000085e00000| Untracked 
|  95|0x0000000085f00000, 0x0000000085f00000, 0x0000000086000000|  0%| F|  |TAMS 0x0000000085f00000, 0x0000000085f00000| Untracked 
|  96|0x0000000086000000, 0x0000000086000000, 0x0000000086100000|  0%| F|  |TAMS 0x0000000086000000, 0x0000000086000000| Untracked 
|  97|0x0000000086100000, 0x0000000086100000, 0x0000000086200000|  0%| F|  |TAMS 0x0000000086100000, 0x0000000086100000| Untracked 
|  98|0x0000000086200000, 0x0000000086200000, 0x0000000086300000|  0%| F|  |TAMS 0x0000000086200000, 0x0000000086200000| Untracked 
|  99|0x0000000086300000, 0x0000000086300000, 0x0000000086400000|  0%| F|  |TAMS 0x0000000086300000, 0x0000000086300000| Untracked 
| 100|0x0000000086400000, 0x0000000086400000, 0x0000000086500000|  0%| F|  |TAMS 0x0000000086400000, 0x0000000086400000| Untracked 
| 101|0x0000000086500000, 0x0000000086500000, 0x0000000086600000|  0%| F|  |TAMS 0x0000000086500000, 0x0000000086500000| Untracked 
| 102|0x0000000086600000, 0x0000000086600000, 0x0000000086700000|  0%| F|  |TAMS 0x0000000086600000, 0x0000000086600000| Untracked 
| 103|0x0000000086700000, 0x0000000086800000, 0x0000000086800000|100%| E|  |TAMS 0x0000000086700000, 0x0000000086700000| Complete 
| 104|0x0000000086800000, 0x0000000086900000, 0x0000000086900000|100%| E|CS|TAMS 0x0000000086800000, 0x0000000086800000| Complete 
| 105|0x0000000086900000, 0x0000000086a00000, 0x0000000086a00000|100%| E|CS|TAMS 0x0000000086900000, 0x0000000086900000| Complete 
| 106|0x0000000086a00000, 0x0000000086b00000, 0x0000000086b00000|100%| E|CS|TAMS 0x0000000086a00000, 0x0000000086a00000| Complete 
| 107|0x0000000086b00000, 0x0000000086c00000, 0x0000000086c00000|100%| E|CS|TAMS 0x0000000086b00000, 0x0000000086b00000| Complete 
| 108|0x0000000086c00000, 0x0000000086d00000, 0x0000000086d00000|100%| E|CS|TAMS 0x0000000086c00000, 0x0000000086c00000| Complete 
| 109|0x0000000086d00000, 0x0000000086e00000, 0x0000000086e00000|100%| E|CS|TAMS 0x0000000086d00000, 0x0000000086d00000| Complete 
| 110|0x0000000086e00000, 0x0000000086f00000, 0x0000000086f00000|100%| E|CS|TAMS 0x0000000086e00000, 0x0000000086e00000| Complete 
| 111|0x0000000086f00000, 0x0000000087000000, 0x0000000087000000|100%| E|CS|TAMS 0x0000000086f00000, 0x0000000086f00000| Complete 
| 112|0x0000000087000000, 0x0000000087100000, 0x0000000087100000|100%| E|CS|TAMS 0x0000000087000000, 0x0000000087000000| Complete 
| 113|0x0000000087100000, 0x0000000087200000, 0x0000000087200000|100%| E|CS|TAMS 0x0000000087100000, 0x0000000087100000| Complete 
| 114|0x0000000087200000, 0x0000000087300000, 0x0000000087300000|100%| E|CS|TAMS 0x0000000087200000, 0x0000000087200000| Complete 
| 115|0x0000000087300000, 0x0000000087400000, 0x0000000087400000|100%| E|CS|TAMS 0x0000000087300000, 0x0000000087300000| Complete 
| 116|0x0000000087400000, 0x0000000087500000, 0x0000000087500000|100%| E|CS|TAMS 0x0000000087400000, 0x0000000087400000| Complete 
| 117|0x0000000087500000, 0x0000000087600000, 0x0000000087600000|100%| E|CS|TAMS 0x0000000087500000, 0x0000000087500000| Complete 
| 118|0x0000000087600000, 0x0000000087700000, 0x0000000087700000|100%| E|CS|TAMS 0x0000000087600000, 0x0000000087600000| Complete 
| 119|0x0000000087700000, 0x0000000087800000, 0x0000000087800000|100%| E|CS|TAMS 0x0000000087700000, 0x0000000087700000| Complete 
| 120|0x0000000087800000, 0x0000000087900000, 0x0000000087900000|100%| E|CS|TAMS 0x0000000087800000, 0x0000000087800000| Complete 
| 121|0x0000000087900000, 0x0000000087a00000, 0x0000000087a00000|100%| E|CS|TAMS 0x0000000087900000, 0x0000000087900000| Complete 
| 122|0x0000000087a00000, 0x0000000087b00000, 0x0000000087b00000|100%| E|CS|TAMS 0x0000000087a00000, 0x0000000087a00000| Complete 
| 123|0x0000000087b00000, 0x0000000087c00000, 0x0000000087c00000|100%| E|CS|TAMS 0x0000000087b00000, 0x0000000087b00000| Complete 
| 124|0x0000000087c00000, 0x0000000087d00000, 0x0000000087d00000|100%| E|CS|TAMS 0x0000000087c00000, 0x0000000087c00000| Complete 
| 125|0x0000000087d00000, 0x0000000087e00000, 0x0000000087e00000|100%| E|CS|TAMS 0x0000000087d00000, 0x0000000087d00000| Complete 

Card table byte_map: [0x0000021dd74a0000,0x0000021dd78a0000] _byte_map_base: 0x0000021dd70a0000

Marking Bits (Prev, Next): (CMBitMap*) 0x0000021dc48fe570, (CMBitMap*) 0x0000021dc48fe530
 Prev Bits: [0x0000021dd9ca0000, 0x0000021ddbca0000)
 Next Bits: [0x0000021dd7ca0000, 0x0000021dd9ca0000)

Polling page: 0x0000021dc4070000

Metaspace:

Usage:
  Non-class:     69.86 MB used.
      Class:     11.02 MB used.
       Both:     80.88 MB used.

Virtual space:
  Non-class space:       72.00 MB reserved,      70.19 MB ( 97%) committed,  9 nodes.
      Class space:        1.00 GB reserved,      11.31 MB (  1%) committed,  1 nodes.
             Both:        1.07 GB reserved,      81.50 MB (  7%) committed. 

Chunk freelists:
   Non-Class:  1.38 MB
       Class:  643.00 KB
        Both:  2.00 MB

MaxMetaspaceSize: unlimited
CompressedClassSpaceSize: 1.00 GB
Initial GC threshold: 21.00 MB
Current GC threshold: 133.25 MB
CDS: off
MetaspaceReclaimPolicy: balanced
 - commit_granule_bytes: 65536.
 - commit_granule_words: 8192.
 - virtual_space_node_default_size: 1048576.
 - enlarge_chunks_in_place: 1.
 - new_chunks_are_fully_committed: 0.
 - uncommit_free_chunks: 1.
 - use_allocation_guard: 0.
 - handle_deallocations: 1.


Internal statistics:

num_allocs_failed_limit: 6.
num_arena_births: 800.
num_arena_deaths: 0.
num_vsnodes_births: 10.
num_vsnodes_deaths: 0.
num_space_committed: 1304.
num_space_uncommitted: 0.
num_chunks_returned_to_freelist: 6.
num_chunks_taken_from_freelist: 3732.
num_chunk_merges: 6.
num_chunk_splits: 2526.
num_chunks_enlarged: 1739.
num_purges: 0.
num_inconsistent_stats: 0.

CodeHeap 'non-profiled nmethods': size=120000Kb used=4365Kb max_used=4365Kb free=115634Kb
 bounds [0x0000021dcf840000, 0x0000021dcfc90000, 0x0000021dd6d70000]
CodeHeap 'profiled nmethods': size=120000Kb used=14472Kb max_used=14472Kb free=105527Kb
 bounds [0x0000021dc7d70000, 0x0000021dc8ba0000, 0x0000021dcf2a0000]
CodeHeap 'non-nmethods': size=5760Kb used=2375Kb max_used=2473Kb free=3384Kb
 bounds [0x0000021dcf2a0000, 0x0000021dcf510000, 0x0000021dcf840000]
 total_blobs=8384 nmethods=7478 adapters=818
 compilation: enabled
              stopped_count=0, restarted_count=0
 full_count=0

Compilation events (20 events):
Event: 10.092 Thread 0x0000021ddf021bc0 8294       3       com.android.build.gradle.options.ProjectOptions::get (40 bytes)
Event: 10.093 Thread 0x0000021ddf021bc0 nmethod 8294 0x0000021dc8b89a10 code [0x0000021dc8b89c40, 0x0000021dc8b8a598]
Event: 10.093 Thread 0x0000021ddf021bc0 8295       3       org.gradle.api.internal.attributes.DefaultImmutableAttributes::<init> (214 bytes)
Event: 10.094 Thread 0x0000021ddf021bc0 nmethod 8295 0x0000021dc8b8a890 code [0x0000021dc8b8abc0, 0x0000021dc8b8c358]
Event: 10.096 Thread 0x0000021de51285b0 nmethod 8106 0x0000021dcfc7f890 code [0x0000021dcfc7fa40, 0x0000021dcfc801b8]
Event: 10.096 Thread 0x0000021de51285b0 8290       4       java.util.LinkedHashMap::get (29 bytes)
Event: 10.098 Thread 0x0000021ddf021bc0 8296 %     3       java.util.Properties$LineReader::readLine @ 293 (584 bytes)
Event: 10.101 Thread 0x0000021ddf021bc0 nmethod 8296% 0x0000021dc8b8ca10 code [0x0000021dc8b8ce00, 0x0000021dc8b8fd98]
Event: 10.102 Thread 0x0000021ddf021bc0 8297       3       jdk.internal.ref.PhantomCleanable::clear (12 bytes)
Event: 10.102 Thread 0x0000021ddf021bc0 nmethod 8297 0x0000021dc8b90c10 code [0x0000021dc8b90dc0, 0x0000021dc8b90fd8]
Event: 10.103 Thread 0x0000021de51285b0 nmethod 8290 0x0000021dcfc80510 code [0x0000021dcfc806c0, 0x0000021dcfc80a38]
Event: 10.103 Thread 0x0000021de51285b0 8123       4       jdk.internal.reflect.ConstantPool::getUTF8At (10 bytes)
Event: 10.103 Thread 0x0000021de51285b0 nmethod 8123 0x0000021dcfc80d10 code [0x0000021dcfc80ea0, 0x0000021dcfc80f48]
Event: 10.103 Thread 0x0000021de51285b0 8230       4       java.lang.reflect.Modifier::isPublic (12 bytes)
Event: 10.104 Thread 0x0000021de51285b0 nmethod 8230 0x0000021dcfc81010 code [0x0000021dcfc81180, 0x0000021dcfc811d8]
Event: 10.104 Thread 0x0000021de51285b0 8291       4       com.google.common.collect.AbstractMapBasedMultimap$WrappedCollection::refreshIfEmpty (78 bytes)
Event: 10.105 Thread 0x0000021ddf021bc0 8299       3       org.gradle.api.internal.provider.ValueSupplier$Present::get (9 bytes)
Event: 10.106 Thread 0x0000021ddf021bc0 nmethod 8299 0x0000021dc8b91090 code [0x0000021dc8b91240, 0x0000021dc8b914c8]
Event: 10.106 Thread 0x0000021ddf021bc0 8300       3       org.gradle.api.internal.provider.ValueSupplier$Present::runSideEffect (21 bytes)
Event: 10.106 Thread 0x0000021ddf021bc0 nmethod 8300 0x0000021dc8b91610 code [0x0000021dc8b917c0, 0x0000021dc8b919c8]

GC Heap History (20 events):
Event: 5.019 GC heap before
{Heap before GC invocations=14 (full 0):
 garbage-first heap   total 82944K, used 67009K [0x0000000080000000, 0x0000000100000000)
  region size 1024K, 32 young (32768K), 4 survivors (4096K)
 Metaspace       used 53504K, committed 53952K, reserved 1097728K
  class space    used 7156K, committed 7360K, reserved 1048576K
}
Event: 5.026 GC heap after
{Heap after GC invocations=15 (full 0):
 garbage-first heap   total 82944K, used 45489K [0x0000000080000000, 0x0000000100000000)
  region size 1024K, 4 young (4096K), 4 survivors (4096K)
 Metaspace       used 53504K, committed 53952K, reserved 1097728K
  class space    used 7156K, committed 7360K, reserved 1048576K
}
Event: 5.304 GC heap before
{Heap before GC invocations=15 (full 0):
 garbage-first heap   total 82944K, used 61873K [0x0000000080000000, 0x0000000100000000)
  region size 1024K, 21 young (21504K), 4 survivors (4096K)
 Metaspace       used 55893K, committed 56384K, reserved 1097728K
  class space    used 7484K, committed 7680K, reserved 1048576K
}
Event: 5.307 GC heap after
{Heap after GC invocations=16 (full 0):
 garbage-first heap   total 82944K, used 46918K [0x0000000080000000, 0x0000000100000000)
  region size 1024K, 1 young (1024K), 1 survivors (1024K)
 Metaspace       used 55893K, committed 56384K, reserved 1097728K
  class space    used 7484K, committed 7680K, reserved 1048576K
}
Event: 5.719 GC heap before
{Heap before GC invocations=17 (full 0):
 garbage-first heap   total 82944K, used 64326K [0x0000000080000000, 0x0000000100000000)
  region size 1024K, 18 young (18432K), 1 survivors (1024K)
 Metaspace       used 58869K, committed 59392K, reserved 1105920K
  class space    used 7836K, committed 8064K, reserved 1048576K
}
Event: 5.721 GC heap after
{Heap after GC invocations=18 (full 0):
 garbage-first heap   total 82944K, used 47303K [0x0000000080000000, 0x0000000100000000)
  region size 1024K, 2 young (2048K), 2 survivors (2048K)
 Metaspace       used 58869K, committed 59392K, reserved 1105920K
  class space    used 7836K, committed 8064K, reserved 1048576K
}
Event: 6.032 GC heap before
{Heap before GC invocations=18 (full 0):
 garbage-first heap   total 82944K, used 64711K [0x0000000080000000, 0x0000000100000000)
  region size 1024K, 19 young (19456K), 2 survivors (2048K)
 Metaspace       used 61839K, committed 62336K, reserved 1105920K
  class space    used 8250K, committed 8448K, reserved 1048576K
}
Event: 6.036 GC heap after
{Heap after GC invocations=19 (full 0):
 garbage-first heap   total 82944K, used 48306K [0x0000000080000000, 0x0000000100000000)
  region size 1024K, 3 young (3072K), 3 survivors (3072K)
 Metaspace       used 61839K, committed 62336K, reserved 1105920K
  class space    used 8250K, committed 8448K, reserved 1048576K
}
Event: 6.228 GC heap before
{Heap before GC invocations=20 (full 0):
 garbage-first heap   total 89088K, used 57522K [0x0000000080000000, 0x0000000100000000)
  region size 1024K, 13 young (13312K), 3 survivors (3072K)
 Metaspace       used 63808K, committed 64320K, reserved 1105920K
  class space    used 8496K, committed 8704K, reserved 1048576K
}
Event: 6.232 GC heap after
{Heap after GC invocations=21 (full 0):
 garbage-first heap   total 89088K, used 49856K [0x0000000080000000, 0x0000000100000000)
  region size 1024K, 3 young (3072K), 3 survivors (3072K)
 Metaspace       used 63808K, committed 64320K, reserved 1105920K
  class space    used 8496K, committed 8704K, reserved 1048576K
}
Event: 6.492 GC heap before
{Heap before GC invocations=22 (full 0):
 garbage-first heap   total 107520K, used 77504K [0x0000000080000000, 0x0000000100000000)
  region size 1024K, 24 young (24576K), 3 survivors (3072K)
 Metaspace       used 65026K, committed 65600K, reserved 1114112K
  class space    used 8653K, committed 8896K, reserved 1048576K
}
Event: 6.497 GC heap after
{Heap after GC invocations=23 (full 0):
 garbage-first heap   total 107520K, used 51787K [0x0000000080000000, 0x0000000100000000)
  region size 1024K, 3 young (3072K), 3 survivors (3072K)
 Metaspace       used 65026K, committed 65600K, reserved 1114112K
  class space    used 8653K, committed 8896K, reserved 1048576K
}
Event: 6.990 GC heap before
{Heap before GC invocations=23 (full 0):
 garbage-first heap   total 107520K, used 80459K [0x0000000080000000, 0x0000000100000000)
  region size 1024K, 31 young (31744K), 3 survivors (3072K)
 Metaspace       used 67746K, committed 68288K, reserved 1114112K
  class space    used 9011K, committed 9280K, reserved 1048576K
}
Event: 6.995 GC heap after
{Heap after GC invocations=24 (full 0):
 garbage-first heap   total 129024K, used 53906K [0x0000000080000000, 0x0000000100000000)
  region size 1024K, 2 young (2048K), 2 survivors (2048K)
 Metaspace       used 67746K, committed 68288K, reserved 1114112K
  class space    used 9011K, committed 9280K, reserved 1048576K
}
Event: 7.745 GC heap before
{Heap before GC invocations=25 (full 0):
 garbage-first heap   total 129024K, used 93842K [0x0000000080000000, 0x0000000100000000)
  region size 1024K, 42 young (43008K), 2 survivors (2048K)
 Metaspace       used 72154K, committed 72768K, reserved 1114112K
  class space    used 9599K, committed 9856K, reserved 1048576K
}
Event: 7.750 GC heap after
{Heap after GC invocations=26 (full 0):
 garbage-first heap   total 129024K, used 58498K [0x0000000080000000, 0x0000000100000000)
  region size 1024K, 6 young (6144K), 6 survivors (6144K)
 Metaspace       used 72154K, committed 72768K, reserved 1114112K
  class space    used 9599K, committed 9856K, reserved 1048576K
}
Event: 8.655 GC heap before
{Heap before GC invocations=26 (full 0):
 garbage-first heap   total 129024K, used 99458K [0x0000000080000000, 0x0000000100000000)
  region size 1024K, 45 young (46080K), 6 survivors (6144K)
 Metaspace       used 76521K, committed 77120K, reserved 1122304K
  class space    used 10315K, committed 10624K, reserved 1048576K
}
Event: 8.663 GC heap after
{Heap after GC invocations=27 (full 0):
 garbage-first heap   total 129024K, used 60811K [0x0000000080000000, 0x0000000100000000)
  region size 1024K, 3 young (3072K), 3 survivors (3072K)
 Metaspace       used 76521K, committed 77120K, reserved 1122304K
  class space    used 10315K, committed 10624K, reserved 1048576K
}
Event: 9.649 GC heap before
{Heap before GC invocations=27 (full 0):
 garbage-first heap   total 129024K, used 99723K [0x0000000080000000, 0x0000000100000000)
  region size 1024K, 41 young (41984K), 3 survivors (3072K)
 Metaspace       used 81010K, committed 81600K, reserved 1122304K
  class space    used 11039K, committed 11328K, reserved 1048576K
}
Event: 9.654 GC heap after
{Heap after GC invocations=28 (full 0):
 garbage-first heap   total 129024K, used 63317K [0x0000000080000000, 0x0000000100000000)
  region size 1024K, 5 young (5120K), 5 survivors (5120K)
 Metaspace       used 81010K, committed 81600K, reserved 1122304K
  class space    used 11039K, committed 11328K, reserved 1048576K
}

Dll operation events (2 events):
Event: 0.005 Loaded shared library D:\bac\andorid-studio\jbr\bin\java.dll
Event: 0.294 Loaded shared library D:\bac\andorid-studio\jbr\bin\verify.dll

Deoptimization events (20 events):
Event: 9.768 Thread 0x0000021de1b6a170 Uncommon trap: trap_request=0xffffff45 fr.pc=0x0000021dcf8fb1b0 relative=0x0000000000000310
Event: 9.768 Thread 0x0000021de1b6a170 Uncommon trap: reason=unstable_if action=reinterpret pc=0x0000021dcf8fb1b0 method=java.util.HashMap.getNode(Ljava/lang/Object;)Ljava/util/HashMap$Node; @ 85 c2
Event: 9.768 Thread 0x0000021de1b6a170 DEOPT PACKING pc=0x0000021dcf8fb1b0 sp=0x000000e48f8f8e40
Event: 9.768 Thread 0x0000021de1b6a170 DEOPT UNPACKING pc=0x0000021dcf2f69a3 sp=0x000000e48f8f8d60 mode 2
Event: 9.768 Thread 0x0000021de1b6a170 Uncommon trap: trap_request=0xffffff45 fr.pc=0x0000021dcf90542c relative=0x000000000000028c
Event: 9.768 Thread 0x0000021de1b6a170 Uncommon trap: reason=unstable_if action=reinterpret pc=0x0000021dcf90542c method=java.util.HashMap.getNode(Ljava/lang/Object;)Ljava/util/HashMap$Node; @ 85 c2
Event: 9.768 Thread 0x0000021de1b6a170 DEOPT PACKING pc=0x0000021dcf90542c sp=0x000000e48f8f8de0
Event: 9.768 Thread 0x0000021de1b6a170 DEOPT UNPACKING pc=0x0000021dcf2f69a3 sp=0x000000e48f8f8d60 mode 2
Event: 9.853 Thread 0x0000021de1b6a170 DEOPT PACKING pc=0x0000021dc7eb586d sp=0x000000e48f8f8f90
Event: 9.853 Thread 0x0000021de1b6a170 DEOPT UNPACKING pc=0x0000021dcf2f7143 sp=0x000000e48f8f8558 mode 0
Event: 9.900 Thread 0x0000021de1b6a170 DEOPT PACKING pc=0x0000021dc7eb5776 sp=0x000000e48f8f8e90
Event: 9.900 Thread 0x0000021de1b6a170 DEOPT UNPACKING pc=0x0000021dcf2f7143 sp=0x000000e48f8f8430 mode 0
Event: 9.936 Thread 0x0000021de1b6a170 DEOPT PACKING pc=0x0000021dc7eb5776 sp=0x000000e48f8f8e10
Event: 9.936 Thread 0x0000021de1b6a170 DEOPT UNPACKING pc=0x0000021dcf2f7143 sp=0x000000e48f8f83b0 mode 0
Event: 10.087 Thread 0x0000021de1b6a170 DEOPT PACKING pc=0x0000021dc7eb5776 sp=0x000000e48f8f8ed0
Event: 10.087 Thread 0x0000021de1b6a170 DEOPT UNPACKING pc=0x0000021dcf2f7143 sp=0x000000e48f8f8470 mode 0
Event: 10.097 Thread 0x0000021de1b6a170 Uncommon trap: trap_request=0xffffff45 fr.pc=0x0000021dcf9978f4 relative=0x0000000000000c74
Event: 10.098 Thread 0x0000021de1b6a170 Uncommon trap: reason=unstable_if action=reinterpret pc=0x0000021dcf9978f4 method=java.util.Properties$LineReader.readLine()I @ 25 c2
Event: 10.098 Thread 0x0000021de1b6a170 DEOPT PACKING pc=0x0000021dcf9978f4 sp=0x000000e48f8f9a60
Event: 10.098 Thread 0x0000021de1b6a170 DEOPT UNPACKING pc=0x0000021dcf2f69a3 sp=0x000000e48f8f9a08 mode 2

Classes unloaded (0 events):
No events

Classes redefined (0 events):
No events

Internal exceptions (20 events):
Event: 5.169 Thread 0x0000021de1b6a170 Exception <a 'java/lang/NoSuchMethodError'{0x00000000847c0860}: 'java.lang.Object java.lang.invoke.DirectMethodHandle$Holder.newInvokeSpecial(java.lang.Object, java.lang.Object, java.lang.Object, java.lang.Object, int)'> (0x00000000847c0860) 
thrown [s\src\hotspot\share\interpreter\linkResolver.cpp, line 771]
Event: 5.170 Thread 0x0000021de1b6a170 Exception <a 'java/lang/NoSuchMethodError'{0x00000000847c5ca8}: 'java.lang.Object java.lang.invoke.DirectMethodHandle$Holder.invokeSpecial(java.lang.Object, java.lang.Object, java.lang.Object, java.lang.Object, java.lang.Object, int)'> (0x00000000847c5ca8) 
thrown [s\src\hotspot\share\interpreter\linkResolver.cpp, line 771]
Event: 5.170 Thread 0x0000021de1b6a170 Exception <a 'java/lang/NoSuchMethodError'{0x00000000847caa28}: 'java.lang.Object java.lang.invoke.Invokers$Holder.linkToTargetMethod(java.lang.Object, java.lang.Object, java.lang.Object, int, java.lang.Object)'> (0x00000000847caa28) 
thrown [s\src\hotspot\share\interpreter\linkResolver.cpp, line 771]
Event: 5.493 Thread 0x0000021de1b6a170 Exception <a 'java/lang/NoSuchMethodError'{0x0000000085058f18}: 'int java.lang.invoke.DirectMethodHandle$Holder.invokeInterface(java.lang.Object, java.lang.Object, java.lang.Object, java.lang.Object)'> (0x0000000085058f18) 
thrown [s\src\hotspot\share\interpreter\linkResolver.cpp, line 771]
Event: 5.957 Thread 0x0000021de1b6a170 Exception <a 'java/lang/IncompatibleClassChangeError'{0x00000000843be3d0}: Found class java.lang.Object, but interface was expected> (0x00000000843be3d0) 
thrown [s\src\hotspot\share\interpreter\linkResolver.cpp, line 838]
Event: 6.005 Thread 0x0000021de1b6a170 Implicit null exception at 0x0000021dcfa90954 to 0x0000021dcfa90b00
Event: 6.005 Thread 0x0000021de1b6a170 Implicit null exception at 0x0000021dcfa93373 to 0x0000021dcfa942c8
Event: 6.168 Thread 0x0000021de1b6a170 Implicit null exception at 0x0000021dcfa1770c to 0x0000021dcfa17846
Event: 6.345 Thread 0x0000021de1b6a170 Exception <a 'sun/nio/fs/WindowsException'{0x00000000865c3358}> (0x00000000865c3358) 
thrown [s\src\hotspot\share\prims\jni.cpp, line 517]
Event: 6.907 Thread 0x0000021de1b6a170 Implicit null exception at 0x0000021dcf9996c9 to 0x0000021dcf99979c
Event: 9.005 Thread 0x0000021de1b6a170 Exception <a 'java/lang/NoSuchMethodError'{0x0000000087574850}: 'int java.lang.invoke.DirectMethodHandle$Holder.invokeSpecialIFC(java.lang.Object, java.lang.Object, java.lang.Object, java.lang.Object, java.lang.Object)'> (0x0000000087574850) 
thrown [s\src\hotspot\share\interpreter\linkResolver.cpp, line 771]
Event: 9.274 Thread 0x0000021de1b6a170 Exception <a 'java/lang/ClassNotFoundException'{0x00000000868cb980}: com/android/build/gradle/internal/api/ApkVariantOutputImpl_DecoratedBeanInfo> (0x00000000868cb980) 
thrown [s\src\hotspot\share\classfile\systemDictionary.cpp, line 256]
Event: 9.274 Thread 0x0000021de1b6a170 Exception <a 'java/lang/ClassNotFoundException'{0x00000000868d9088}: com/android/build/gradle/internal/api/ApkVariantOutputImplBeanInfo> (0x00000000868d9088) 
thrown [s\src\hotspot\share\classfile\systemDictionary.cpp, line 256]
Event: 9.275 Thread 0x0000021de1b6a170 Exception <a 'java/lang/ClassNotFoundException'{0x00000000868e67a0}: com/android/build/gradle/internal/api/BaseVariantOutputImplBeanInfo> (0x00000000868e67a0) 
thrown [s\src\hotspot\share\classfile\systemDictionary.cpp, line 256]
Event: 9.275 Thread 0x0000021de1b6a170 Exception <a 'java/lang/ClassNotFoundException'{0x00000000868f4138}: com/android/build/gradle/internal/api/BaseVariantOutputImplCustomizer> (0x00000000868f4138) 
thrown [s\src\hotspot\share\classfile\systemDictionary.cpp, line 256]
Event: 9.278 Thread 0x0000021de1b6a170 Exception <a 'java/lang/ClassNotFoundException'{0x0000000086714660}: com/android/build/gradle/internal/api/ApkVariantOutputImplCustomizer> (0x0000000086714660) 
thrown [s\src\hotspot\share\classfile\systemDictionary.cpp, line 256]
Event: 9.279 Thread 0x0000021de1b6a170 Exception <a 'java/lang/ClassNotFoundException'{0x000000008672ea00}: com/android/build/gradle/internal/api/ApkVariantOutputImpl_DecoratedCustomizer> (0x000000008672ea00) 
thrown [s\src\hotspot\share\classfile\systemDictionary.cpp, line 256]
Event: 9.299 Thread 0x0000021de1b6a170 Exception <a 'java/lang/NoClassDefFoundError'{0x0000000086675528}: org/jetbrains/kotlin/gradle/plugin/KotlinBasePluginWrapper> (0x0000000086675528) 
thrown [s\src\hotspot\share\classfile\systemDictionary.cpp, line 245]
Event: 9.300 Thread 0x0000021de1b6a170 Exception <a 'java/lang/NoClassDefFoundError'{0x0000000086682328}: org/jetbrains/kotlin/gradle/plugin/KotlinBasePluginWrapper> (0x0000000086682328) 
thrown [s\src\hotspot\share\oops\constantPool.cpp, line 835]
Event: 10.114 Thread 0x0000021de1b6a170 Exception <a 'sun/nio/fs/WindowsException'{0x0000000086898668}> (0x0000000086898668) 
thrown [s\src\hotspot\share\prims\jni.cpp, line 517]

VM Operations (20 events):
Event: 7.862 Executing VM operation: HandshakeAllThreads
Event: 7.863 Executing VM operation: HandshakeAllThreads done
Event: 8.642 Executing VM operation: G1CollectForAllocation
Event: 8.663 Executing VM operation: G1CollectForAllocation done
Event: 9.276 Executing VM operation: ICBufferFull
Event: 9.276 Executing VM operation: ICBufferFull done
Event: 9.353 Executing VM operation: HandshakeAllThreads
Event: 9.354 Executing VM operation: HandshakeAllThreads done
Event: 9.354 Executing VM operation: HandshakeAllThreads
Event: 9.354 Executing VM operation: HandshakeAllThreads done
Event: 9.593 Executing VM operation: ICBufferFull
Event: 9.593 Executing VM operation: ICBufferFull done
Event: 9.649 Executing VM operation: G1CollectForAllocation
Event: 9.654 Executing VM operation: G1CollectForAllocation done
Event: 9.725 Executing VM operation: G1Concurrent
Event: 9.729 Executing VM operation: G1Concurrent done
Event: 9.758 Executing VM operation: G1Concurrent
Event: 9.758 Executing VM operation: G1Concurrent done
Event: 9.801 Executing VM operation: HandshakeAllThreads
Event: 9.801 Executing VM operation: HandshakeAllThreads done

Events (20 events):
Event: 8.246 loading class java/util/regex/Pattern$Caret
Event: 8.246 loading class java/util/regex/Pattern$Caret done
Event: 8.718 Thread 0x0000021de66d5520 Thread exited: 0x0000021de66d5520
Event: 9.293 loading class java/io/CharArrayWriter
Event: 9.293 loading class java/io/CharArrayWriter done
Event: 9.354 loading class java/util/Stack
Event: 9.354 loading class java/util/Stack done
Event: 9.355 Thread 0x0000021ddf034400 flushing nmethod 0x0000021dcfaa1990
Event: 9.363 Thread 0x0000021ddf034400 flushing nmethod 0x0000021dc822c710
Event: 9.363 Thread 0x0000021ddf034400 flushing nmethod 0x0000021dc8283390
Event: 9.367 Thread 0x0000021ddf034400 flushing nmethod 0x0000021dc8796410
Event: 9.409 loading class java/lang/AbstractMethodError
Event: 9.409 loading class java/lang/AbstractMethodError done
Event: 9.598 loading class java/util/zip/ZipOutputStream
Event: 9.598 loading class java/util/zip/ZipOutputStream done
Event: 9.901 Thread 0x0000021de66d6e70 Thread added: 0x0000021de66d6e70
Event: 10.105 loading class java/net/Proxy
Event: 10.106 loading class java/net/Proxy done
Event: 10.106 loading class java/net/Proxy$Type
Event: 10.106 loading class java/net/Proxy$Type done


Dynamic libraries:
0x00007ff7ab260000 - 0x00007ff7ab26a000 	D:\bac\andorid-studio\jbr\bin\java.exe
0x00007ff9384b0000 - 0x00007ff9386a8000 	C:\WINDOWS\SYSTEM32\ntdll.dll
0x00007ff937eb0000 - 0x00007ff937f6d000 	C:\WINDOWS\System32\KERNEL32.DLL
0x00007ff935de0000 - 0x00007ff9360d6000 	C:\WINDOWS\System32\KERNELBASE.dll
0x00007ff935bf0000 - 0x00007ff935cf0000 	C:\WINDOWS\System32\ucrtbase.dll
0x00007ff91cfd0000 - 0x00007ff91cfe7000 	D:\bac\andorid-studio\jbr\bin\jli.dll
0x00007ff91b610000 - 0x00007ff91b62b000 	D:\bac\andorid-studio\jbr\bin\VCRUNTIME140.dll
0x00007ff938030000 - 0x00007ff9381ce000 	C:\WINDOWS\System32\USER32.dll
0x00007ff935d60000 - 0x00007ff935d82000 	C:\WINDOWS\System32\win32u.dll
0x00007ff91fc70000 - 0x00007ff91ff0a000 	C:\WINDOWS\WinSxS\amd64_microsoft.windows.common-controls_6595b64144ccf1df_6.0.19041.3636_none_60b6a03d71f818d5\COMCTL32.dll
0x00007ff936af0000 - 0x00007ff936b8e000 	C:\WINDOWS\System32\msvcrt.dll
0x00007ff936ef0000 - 0x00007ff936f1b000 	C:\WINDOWS\System32\GDI32.dll
0x00007ff936110000 - 0x00007ff936227000 	C:\WINDOWS\System32\gdi32full.dll
0x00007ff936230000 - 0x00007ff9362cd000 	C:\WINDOWS\System32\msvcp_win.dll
0x00007ff938430000 - 0x00007ff938462000 	C:\WINDOWS\System32\IMM32.DLL
0x00007ff92c320000 - 0x00007ff92c32c000 	D:\bac\andorid-studio\jbr\bin\vcruntime140_1.dll
0x00007ff8ff0a0000 - 0x00007ff8ff12d000 	D:\bac\andorid-studio\jbr\bin\msvcp140.dll
0x00007ff8b3650000 - 0x00007ff8b42be000 	D:\bac\andorid-studio\jbr\bin\server\jvm.dll
0x00007ff9369e0000 - 0x00007ff936a90000 	C:\WINDOWS\System32\ADVAPI32.dll
0x00007ff936810000 - 0x00007ff9368b0000 	C:\WINDOWS\System32\sechost.dll
0x00007ff9368b0000 - 0x00007ff9369d5000 	C:\WINDOWS\System32\RPCRT4.dll
0x00007ff9360e0000 - 0x00007ff936107000 	C:\WINDOWS\System32\bcrypt.dll
0x00007ff926d70000 - 0x00007ff926d7a000 	C:\WINDOWS\SYSTEM32\VERSION.dll
0x00007ff92cb60000 - 0x00007ff92cb69000 	C:\WINDOWS\SYSTEM32\WSOCK32.dll
0x00007ff912bd0000 - 0x00007ff912bf7000 	C:\WINDOWS\SYSTEM32\WINMM.dll
0x00007ff936fd0000 - 0x00007ff93703b000 	C:\WINDOWS\System32\WS2_32.dll
0x00007ff9343a0000 - 0x00007ff9343b2000 	C:\WINDOWS\SYSTEM32\kernel.appcore.dll
0x00007ff92c6a0000 - 0x00007ff92c6aa000 	D:\bac\andorid-studio\jbr\bin\jimage.dll
0x00007ff930770000 - 0x00007ff930954000 	C:\WINDOWS\SYSTEM32\DBGHELP.DLL
0x00007ff90fc80000 - 0x00007ff90fcb4000 	C:\WINDOWS\SYSTEM32\dbgcore.DLL
0x00007ff935b60000 - 0x00007ff935be2000 	C:\WINDOWS\System32\bcryptPrimitives.dll
0x00007ff923ab0000 - 0x00007ff923ad5000 	D:\bac\andorid-studio\jbr\bin\java.dll
0x00007ff92c370000 - 0x00007ff92c388000 	D:\bac\andorid-studio\jbr\bin\zip.dll
0x00007ff937040000 - 0x00007ff9377ab000 	C:\WINDOWS\System32\SHELL32.dll
0x00007ff933bf0000 - 0x00007ff93438e000 	C:\WINDOWS\SYSTEM32\windows.storage.dll
0x00007ff936b90000 - 0x00007ff936ee3000 	C:\WINDOWS\System32\combase.dll
0x00007ff935520000 - 0x00007ff93554e000 	C:\WINDOWS\SYSTEM32\Wldp.dll
0x00007ff937960000 - 0x00007ff937a2d000 	C:\WINDOWS\System32\OLEAUT32.dll
0x00007ff9365b0000 - 0x00007ff93665d000 	C:\WINDOWS\System32\SHCORE.dll
0x00007ff9382b0000 - 0x00007ff938305000 	C:\WINDOWS\System32\shlwapi.dll
0x00007ff935a90000 - 0x00007ff935ab5000 	C:\WINDOWS\SYSTEM32\profapi.dll
0x00007ff927030000 - 0x00007ff927049000 	D:\bac\andorid-studio\jbr\bin\net.dll
0x00007ff92a7c0000 - 0x00007ff92a8ca000 	C:\WINDOWS\SYSTEM32\WINHTTP.dll
0x00007ff935280000 - 0x00007ff9352ea000 	C:\WINDOWS\system32\mswsock.dll
0x00007ff920660000 - 0x00007ff920676000 	D:\bac\andorid-studio\jbr\bin\nio.dll
0x00007ff92b430000 - 0x00007ff92b440000 	D:\bac\andorid-studio\jbr\bin\verify.dll
0x00007ff90ff60000 - 0x00007ff90ff87000 	C:\Users\nguye\.gradle\native\68d5fa5c4cc2d200863cafc0d521ce42e7d3e7ee720ec0a83991735586a16f82\windows-amd64\native-platform.dll
0x00007ff8c0560000 - 0x00007ff8c06a4000 	C:\Users\nguye\.gradle\native\e376f236ea51e6404a007f0833ffe2c6e607c4080706a723a18a27aeea778392\windows-amd64\native-platform-file-events.dll
0x00007ff92a4c0000 - 0x00007ff92a4c9000 	D:\bac\andorid-studio\jbr\bin\management.dll
0x00007ff926d30000 - 0x00007ff926d3b000 	D:\bac\andorid-studio\jbr\bin\management_ext.dll
0x00007ff936f30000 - 0x00007ff936f38000 	C:\WINDOWS\System32\PSAPI.DLL
0x00007ff935480000 - 0x00007ff935498000 	C:\WINDOWS\SYSTEM32\CRYPTSP.dll
0x00007ff934bb0000 - 0x00007ff934be4000 	C:\WINDOWS\system32\rsaenh.dll
0x00007ff935a50000 - 0x00007ff935a7e000 	C:\WINDOWS\SYSTEM32\USERENV.dll
0x00007ff935470000 - 0x00007ff93547c000 	C:\WINDOWS\SYSTEM32\CRYPTBASE.dll
0x00007ff934f70000 - 0x00007ff934fab000 	C:\WINDOWS\SYSTEM32\IPHLPAPI.DLL
0x00007ff937ea0000 - 0x00007ff937ea8000 	C:\WINDOWS\System32\NSI.dll
0x00007ff92ac40000 - 0x00007ff92ac57000 	C:\WINDOWS\SYSTEM32\dhcpcsvc6.DLL
0x00007ff92af80000 - 0x00007ff92af9d000 	C:\WINDOWS\SYSTEM32\dhcpcsvc.DLL
0x00007ff934fb0000 - 0x00007ff93507b000 	C:\WINDOWS\SYSTEM32\DNSAPI.dll
0x00007ff923b40000 - 0x00007ff923b47000 	C:\WINDOWS\system32\wshunix.dll

dbghelp: loaded successfully - version: 4.0.5 - missing functions: none
symbol engine: initialized successfully - sym options: 0x614 - pdb path: .;D:\bac\andorid-studio\jbr\bin;C:\WINDOWS\SYSTEM32;C:\WINDOWS\WinSxS\amd64_microsoft.windows.common-controls_6595b64144ccf1df_6.0.19041.3636_none_60b6a03d71f818d5;D:\bac\andorid-studio\jbr\bin\server;C:\Users\nguye\.gradle\native\68d5fa5c4cc2d200863cafc0d521ce42e7d3e7ee720ec0a83991735586a16f82\windows-amd64;C:\Users\nguye\.gradle\native\e376f236ea51e6404a007f0833ffe2c6e607c4080706a723a18a27aeea778392\windows-amd64

VM Arguments:
jvm_args: --add-opens=java.base/java.util=ALL-UNNAMED --add-opens=java.base/java.lang=ALL-UNNAMED --add-opens=java.base/java.lang.invoke=ALL-UNNAMED --add-opens=java.prefs/java.util.prefs=ALL-UNNAMED --add-opens=java.base/java.nio.charset=ALL-UNNAMED --add-opens=java.base/java.net=ALL-UNNAMED --add-opens=java.base/java.util.concurrent.atomic=ALL-UNNAMED -Xmx2048m -Dfile.encoding=UTF-8 -Duser.country=US -Duser.language=en -Duser.variant 
java_command: org.gradle.launcher.daemon.bootstrap.GradleDaemon 8.0
java_class_path (initial): C:\Users\nguye\.gradle\wrapper\dists\gradle-8.0-bin\ca5e32bp14vu59qr306oxotwh\gradle-8.0\lib\gradle-launcher-8.0.jar
Launcher Type: SUN_STANDARD

[Global flags]
     intx CICompilerCount                          = 4                                         {product} {ergonomic}
     uint ConcGCThreads                            = 2                                         {product} {ergonomic}
     uint G1ConcRefinementThreads                  = 8                                         {product} {ergonomic}
   size_t G1HeapRegionSize                         = 1048576                                   {product} {ergonomic}
    uintx GCDrainStackTargetSize                   = 64                                        {product} {ergonomic}
   size_t InitialHeapSize                          = 132120576                                 {product} {ergonomic}
   size_t MarkStackSize                            = 4194304                                   {product} {ergonomic}
   size_t MaxHeapSize                              = 2147483648                                {product} {command line}
   size_t MaxNewSize                               = 1287651328                                {product} {ergonomic}
   size_t MinHeapDeltaBytes                        = 1048576                                   {product} {ergonomic}
   size_t MinHeapSize                              = 8388608                                   {product} {ergonomic}
    uintx NonNMethodCodeHeapSize                   = 5839372                                {pd product} {ergonomic}
    uintx NonProfiledCodeHeapSize                  = 122909434                              {pd product} {ergonomic}
    uintx ProfiledCodeHeapSize                     = 122909434                              {pd product} {ergonomic}
    uintx ReservedCodeCacheSize                    = 251658240                              {pd product} {ergonomic}
     bool SegmentedCodeCache                       = true                                      {product} {ergonomic}
   size_t SoftMaxHeapSize                          = 2147483648                             {manageable} {ergonomic}
     bool UseCompressedClassPointers               = true                           {product lp64_product} {ergonomic}
     bool UseCompressedOops                        = true                           {product lp64_product} {ergonomic}
     bool UseG1GC                                  = true                                      {product} {ergonomic}
     bool UseLargePagesIndividualAllocation        = false                                  {pd product} {ergonomic}

Logging:
Log output configuration:
 #0: stdout all=warning uptime,level,tags
 #1: stderr all=off uptime,level,tags

Environment Variables:
JAVA_HOME=C:\Program Files\Java\jdk-17
PATH=C:\Program Files\Common Files\Oracle\Java\javapath;C:\WINDOWS\system32;C:\WINDOWS;C:\WINDOWS\System32\Wbem;C:\WINDOWS\System32\WindowsPowerShell\v1.0\;C:\WINDOWS\System32\OpenSSH\;C:\Program Files (x86)\Intel\Intel(R) Management Engine Components\DAL;C:\Program Files\Intel\Intel(R) Management Engine Components\DAL;C:\Program Files\Java\jdk-17\bin;C:\Program Files\Git\cmd;C:\Program Files\nodejs\;C:\Users\nguye\AppData\Local\Microsoft\WindowsApps;C:\Program Files\Azure Data Studio\bin;D:\bac\WebStorm 2023.1.4\bin;;C:\Users\nguye\AppData\Local\Android\sdk\platform-tools;C:\Users\nguye\AppData\Local\Programs\Microsoft VS Code\bin;C:\Users\nguye\AppData\Roaming\npm
USERNAME=northern
OS=Windows_NT
PROCESSOR_IDENTIFIER=Intel64 Family 6 Model 142 Stepping 12, GenuineIntel
TMP=C:\Users\nguye\AppData\Local\Temp
TEMP=C:\Users\nguye\AppData\Local\Temp


JNI global refs:
JNI global refs: 26, weak refs: 0

JNI global refs memory usage: 843, weak refs: 841


---------------  S Y S T E M  ---------------

OS:
 Windows 10 , 64 bit Build 19041 (10.0.19041.3636)
OS uptime: 0 days 0:48 hours

CPU: total 8 (initial active 8) (4 cores per cpu, 2 threads per core) family 6 model 142 stepping 12 microcode 0xb8, cx8, cmov, fxsr, ht, mmx, 3dnowpref, sse, sse2, sse3, ssse3, sse4.1, sse4.2, popcnt, lzcnt, tsc, tscinvbit, avx, avx2, aes, erms, clmul, bmi1, bmi2, adx, fma, vzeroupper, clflush, clflushopt

Memory: 4k page, system-wide physical 8040M (1046M free)
TotalPageFile size 9623M (AvailPageFile size 6M)
current process WorkingSet (physical memory assigned to process): 358M, peak: 359M
current process commit charge ("private bytes"): 395M, peak: 396M

vm_info: OpenJDK 64-Bit Server VM (17.0.6+0-b2043.56-10027231) for windows-amd64 JRE (17.0.6+0-b2043.56-10027231), built on Apr 28 2023 00:43:19 by "androidbuild" with MS VC++ 16.10 / 16.11 (VS2019)

END.
